{"C:\\DataPerso\\Zythonomie\\Zythonomie\\backend\\src\\app.ts": {"path":"C:\\DataPerso\\Zythonomie\\Zythonomie\\backend\\src\\app.ts","statementMap":{"0":{"start":{"line":21,"column":0},"end":{"line":21,"column":null}},"1":{"start":{"line":23,"column":6},"end":{"line":23,"column":21}},"2":{"start":{"line":26,"column":0},"end":{"line":26,"column":null}},"3":{"start":{"line":27,"column":0},"end":{"line":27,"column":null}},"4":{"start":{"line":30,"column":0},"end":{"line":30,"column":null}},"5":{"start":{"line":31,"column":0},"end":{"line":31,"column":null}},"6":{"start":{"line":32,"column":0},"end":{"line":32,"column":null}},"7":{"start":{"line":33,"column":0},"end":{"line":33,"column":null}},"8":{"start":{"line":34,"column":0},"end":{"line":34,"column":null}},"9":{"start":{"line":35,"column":0},"end":{"line":35,"column":null}},"10":{"start":{"line":36,"column":0},"end":{"line":36,"column":null}},"11":{"start":{"line":37,"column":0},"end":{"line":37,"column":null}},"12":{"start":{"line":38,"column":0},"end":{"line":38,"column":null}},"13":{"start":{"line":39,"column":0},"end":{"line":39,"column":null}},"14":{"start":{"line":40,"column":0},"end":{"line":40,"column":null}},"15":{"start":{"line":41,"column":0},"end":{"line":41,"column":null}},"16":{"start":{"line":42,"column":0},"end":{"line":42,"column":null}},"17":{"start":{"line":43,"column":0},"end":{"line":43,"column":null}},"18":{"start":{"line":44,"column":0},"end":{"line":44,"column":null}},"19":{"start":{"line":46,"column":0},"end":{"line":46,"column":null}},"20":{"start":{"line":47,"column":0},"end":{"line":47,"column":null}}},"fnMap":{},"branchMap":{},"s":{"0":3,"1":3,"2":3,"3":3,"4":3,"5":3,"6":3,"7":3,"8":3,"9":3,"10":3,"11":3,"12":3,"13":3,"14":3,"15":3,"16":3,"17":3,"18":3,"19":3,"20":3},"f":{},"b":{},"meta":{"lastBranch":0,"lastFunction":0,"lastStatement":21,"seen":{"s:21:0:21:Infinity":0,"s:23:6:23:21":1,"s:26:0:26:Infinity":2,"s:27:0:27:Infinity":3,"s:30:0:30:Infinity":4,"s:31:0:31:Infinity":5,"s:32:0:32:Infinity":6,"s:33:0:33:Infinity":7,"s:34:0:34:Infinity":8,"s:35:0:35:Infinity":9,"s:36:0:36:Infinity":10,"s:37:0:37:Infinity":11,"s:38:0:38:Infinity":12,"s:39:0:39:Infinity":13,"s:40:0:40:Infinity":14,"s:41:0:41:Infinity":15,"s:42:0:42:Infinity":16,"s:43:0:43:Infinity":17,"s:44:0:44:Infinity":18,"s:46:0:46:Infinity":19,"s:47:0:47:Infinity":20}}}
,"C:\\DataPerso\\Zythonomie\\Zythonomie\\backend\\src\\controllers\\beer-criteria.controller.ts": {"path":"C:\\DataPerso\\Zythonomie\\Zythonomie\\backend\\src\\controllers\\beer-criteria.controller.ts","statementMap":{"0":{"start":{"line":11,"column":18},"end":{"line":11,"column":44}},"1":{"start":{"line":12,"column":18},"end":{"line":12,"column":51}},"2":{"start":{"line":13,"column":2},"end":{"line":13,"column":null}},"3":{"start":{"line":17,"column":18},"end":{"line":17,"column":44}},"4":{"start":{"line":18,"column":23},"end":{"line":18,"column":54}},"5":{"start":{"line":19,"column":16},"end":{"line":19,"column":66}},"6":{"start":{"line":20,"column":2},"end":{"line":20,"column":null}},"7":{"start":{"line":24,"column":18},"end":{"line":24,"column":44}},"8":{"start":{"line":25,"column":23},"end":{"line":25,"column":54}},"9":{"start":{"line":26,"column":16},"end":{"line":26,"column":90}},"10":{"start":{"line":27,"column":2},"end":{"line":27,"column":null}},"11":{"start":{"line":31,"column":18},"end":{"line":31,"column":44}},"12":{"start":{"line":32,"column":23},"end":{"line":32,"column":54}},"13":{"start":{"line":33,"column":2},"end":{"line":33,"column":null}},"14":{"start":{"line":34,"column":2},"end":{"line":34,"column":null}}},"fnMap":{"0":{"name":"getBeerCriteria","decl":{"start":{"line":10,"column":22},"end":{"line":10,"column":38}},"loc":{"start":{"line":10,"column":82},"end":{"line":13,"column":null}},"line":10},"1":{"name":"getBeerCriteriaEntry","decl":{"start":{"line":16,"column":22},"end":{"line":16,"column":43}},"loc":{"start":{"line":16,"column":87},"end":{"line":20,"column":null}},"line":16},"2":{"name":"putBeerCriteria","decl":{"start":{"line":23,"column":22},"end":{"line":23,"column":38}},"loc":{"start":{"line":23,"column":82},"end":{"line":27,"column":null}},"line":23},"3":{"name":"deleteBeerCriteriaHandler","decl":{"start":{"line":30,"column":22},"end":{"line":30,"column":48}},"loc":{"start":{"line":30,"column":92},"end":{"line":34,"column":null}},"line":30}},"branchMap":{},"s":{"0":0,"1":0,"2":0,"3":0,"4":0,"5":0,"6":0,"7":0,"8":0,"9":0,"10":0,"11":0,"12":0,"13":0,"14":0},"f":{"0":0,"1":0,"2":0,"3":0},"b":{},"meta":{"lastBranch":0,"lastFunction":4,"lastStatement":15,"seen":{"f:10:22:10:38":0,"s:11:18:11:44":0,"s:12:18:12:51":1,"s:13:2:13:Infinity":2,"f:16:22:16:43":1,"s:17:18:17:44":3,"s:18:23:18:54":4,"s:19:16:19:66":5,"s:20:2:20:Infinity":6,"f:23:22:23:38":2,"s:24:18:24:44":7,"s:25:23:25:54":8,"s:26:16:26:90":9,"s:27:2:27:Infinity":10,"f:30:22:30:48":3,"s:31:18:31:44":11,"s:32:23:32:54":12,"s:33:2:33:Infinity":13,"s:34:2:34:Infinity":14}}}
,"C:\\DataPerso\\Zythonomie\\Zythonomie\\backend\\src\\controllers\\beer.controller.ts": {"path":"C:\\DataPerso\\Zythonomie\\Zythonomie\\backend\\src\\controllers\\beer.controller.ts","statementMap":{"0":{"start":{"line":17,"column":31},"end":{"line":17,"column":33}},"1":{"start":{"line":19,"column":2},"end":{"line":20,"column":null}},"2":{"start":{"line":20,"column":4},"end":{"line":20,"column":null}},"3":{"start":{"line":22,"column":2},"end":{"line":23,"column":null}},"4":{"start":{"line":23,"column":4},"end":{"line":23,"column":null}},"5":{"start":{"line":25,"column":2},"end":{"line":26,"column":null}},"6":{"start":{"line":26,"column":4},"end":{"line":26,"column":null}},"7":{"start":{"line":29,"column":16},"end":{"line":29,"column":43}},"8":{"start":{"line":30,"column":2},"end":{"line":30,"column":null}},"9":{"start":{"line":34,"column":17},"end":{"line":34,"column":38}},"10":{"start":{"line":35,"column":15},"end":{"line":35,"column":41}},"11":{"start":{"line":36,"column":2},"end":{"line":36,"column":null}},"12":{"start":{"line":40,"column":15},"end":{"line":40,"column":41}},"13":{"start":{"line":41,"column":2},"end":{"line":41,"column":null}},"14":{"start":{"line":45,"column":17},"end":{"line":45,"column":38}},"15":{"start":{"line":46,"column":15},"end":{"line":46,"column":49}},"16":{"start":{"line":47,"column":2},"end":{"line":47,"column":null}},"17":{"start":{"line":51,"column":17},"end":{"line":51,"column":38}},"18":{"start":{"line":52,"column":2},"end":{"line":52,"column":null}},"19":{"start":{"line":53,"column":2},"end":{"line":53,"column":null}},"20":{"start":{"line":59,"column":18},"end":{"line":59,"column":39}},"21":{"start":{"line":60,"column":15},"end":{"line":60,"column":67}},"22":{"start":{"line":61,"column":2},"end":{"line":61,"column":null}},"23":{"start":{"line":65,"column":18},"end":{"line":65,"column":39}},"24":{"start":{"line":66,"column":21},"end":{"line":66,"column":50}},"25":{"start":{"line":67,"column":15},"end":{"line":67,"column":63}},"26":{"start":{"line":68,"column":2},"end":{"line":68,"column":null}},"27":{"start":{"line":72,"column":18},"end":{"line":72,"column":39}},"28":{"start":{"line":73,"column":15},"end":{"line":73,"column":69}},"29":{"start":{"line":74,"column":2},"end":{"line":74,"column":null}},"30":{"start":{"line":78,"column":18},"end":{"line":78,"column":39}},"31":{"start":{"line":79,"column":22},"end":{"line":79,"column":52}},"32":{"start":{"line":80,"column":15},"end":{"line":80,"column":65}},"33":{"start":{"line":81,"column":2},"end":{"line":81,"column":null}}},"fnMap":{"0":{"name":"getBeers","decl":{"start":{"line":16,"column":22},"end":{"line":16,"column":31}},"loc":{"start":{"line":16,"column":75},"end":{"line":30,"column":null}},"line":16},"1":{"name":"getBeerById","decl":{"start":{"line":33,"column":22},"end":{"line":33,"column":34}},"loc":{"start":{"line":33,"column":78},"end":{"line":36,"column":null}},"line":33},"2":{"name":"postBeer","decl":{"start":{"line":39,"column":22},"end":{"line":39,"column":31}},"loc":{"start":{"line":39,"column":75},"end":{"line":41,"column":null}},"line":39},"3":{"name":"putBeer","decl":{"start":{"line":44,"column":22},"end":{"line":44,"column":30}},"loc":{"start":{"line":44,"column":74},"end":{"line":47,"column":null}},"line":44},"4":{"name":"deleteBeer","decl":{"start":{"line":50,"column":22},"end":{"line":50,"column":33}},"loc":{"start":{"line":50,"column":77},"end":{"line":53,"column":null}},"line":50},"5":{"name":"postBeerBrewery","decl":{"start":{"line":58,"column":22},"end":{"line":58,"column":38}},"loc":{"start":{"line":58,"column":82},"end":{"line":61,"column":null}},"line":58},"6":{"name":"deleteBeerBrewery","decl":{"start":{"line":64,"column":22},"end":{"line":64,"column":40}},"loc":{"start":{"line":64,"column":84},"end":{"line":68,"column":null}},"line":64},"7":{"name":"postBeerCategory","decl":{"start":{"line":71,"column":22},"end":{"line":71,"column":39}},"loc":{"start":{"line":71,"column":83},"end":{"line":74,"column":null}},"line":71},"8":{"name":"deleteBeerCategory","decl":{"start":{"line":77,"column":22},"end":{"line":77,"column":41}},"loc":{"start":{"line":77,"column":85},"end":{"line":81,"column":null}},"line":77}},"branchMap":{"0":{"loc":{"start":{"line":19,"column":2},"end":{"line":20,"column":null}},"type":"if","locations":[{"start":{"line":19,"column":2},"end":{"line":20,"column":null}},{"start":{},"end":{}}],"line":19},"1":{"loc":{"start":{"line":22,"column":2},"end":{"line":23,"column":null}},"type":"if","locations":[{"start":{"line":22,"column":2},"end":{"line":23,"column":null}},{"start":{},"end":{}}],"line":22},"2":{"loc":{"start":{"line":25,"column":2},"end":{"line":26,"column":null}},"type":"if","locations":[{"start":{"line":25,"column":2},"end":{"line":26,"column":null}},{"start":{},"end":{}}],"line":25}},"s":{"0":2,"1":2,"2":1,"3":2,"4":0,"5":2,"6":0,"7":2,"8":2,"9":3,"10":3,"11":1,"12":1,"13":1,"14":1,"15":1,"16":1,"17":1,"18":1,"19":1,"20":1,"21":1,"22":1,"23":0,"24":0,"25":0,"26":0,"27":0,"28":0,"29":0,"30":0,"31":0,"32":0,"33":0},"f":{"0":2,"1":3,"2":1,"3":1,"4":1,"5":1,"6":0,"7":0,"8":0},"b":{"0":[1,1],"1":[0,2],"2":[0,2]},"meta":{"lastBranch":3,"lastFunction":9,"lastStatement":34,"seen":{"f:16:22:16:31":0,"s:17:31:17:33":0,"b:19:2:20:Infinity:undefined:undefined:undefined:undefined":0,"s:19:2:20:Infinity":1,"s:20:4:20:Infinity":2,"b:22:2:23:Infinity:undefined:undefined:undefined:undefined":1,"s:22:2:23:Infinity":3,"s:23:4:23:Infinity":4,"b:25:2:26:Infinity:undefined:undefined:undefined:undefined":2,"s:25:2:26:Infinity":5,"s:26:4:26:Infinity":6,"s:29:16:29:43":7,"s:30:2:30:Infinity":8,"f:33:22:33:34":1,"s:34:17:34:38":9,"s:35:15:35:41":10,"s:36:2:36:Infinity":11,"f:39:22:39:31":2,"s:40:15:40:41":12,"s:41:2:41:Infinity":13,"f:44:22:44:30":3,"s:45:17:45:38":14,"s:46:15:46:49":15,"s:47:2:47:Infinity":16,"f:50:22:50:33":4,"s:51:17:51:38":17,"s:52:2:52:Infinity":18,"s:53:2:53:Infinity":19,"f:58:22:58:38":5,"s:59:18:59:39":20,"s:60:15:60:67":21,"s:61:2:61:Infinity":22,"f:64:22:64:40":6,"s:65:18:65:39":23,"s:66:21:66:50":24,"s:67:15:67:63":25,"s:68:2:68:Infinity":26,"f:71:22:71:39":7,"s:72:18:72:39":27,"s:73:15:73:69":28,"s:74:2:74:Infinity":29,"f:77:22:77:41":8,"s:78:18:78:39":30,"s:79:22:79:52":31,"s:80:15:80:65":32,"s:81:2:81:Infinity":33}}}
,"C:\\DataPerso\\Zythonomie\\Zythonomie\\backend\\src\\controllers\\brewery.controller.ts": {"path":"C:\\DataPerso\\Zythonomie\\Zythonomie\\backend\\src\\controllers\\brewery.controller.ts","statementMap":{"0":{"start":{"line":12,"column":20},"end":{"line":12,"column":44}},"1":{"start":{"line":13,"column":2},"end":{"line":13,"column":null}},"2":{"start":{"line":17,"column":20},"end":{"line":17,"column":41}},"3":{"start":{"line":18,"column":18},"end":{"line":18,"column":50}},"4":{"start":{"line":19,"column":2},"end":{"line":19,"column":null}},"5":{"start":{"line":23,"column":18},"end":{"line":23,"column":47}},"6":{"start":{"line":24,"column":2},"end":{"line":24,"column":null}},"7":{"start":{"line":28,"column":20},"end":{"line":28,"column":41}},"8":{"start":{"line":29,"column":18},"end":{"line":29,"column":58}},"9":{"start":{"line":30,"column":2},"end":{"line":30,"column":null}},"10":{"start":{"line":34,"column":20},"end":{"line":34,"column":41}},"11":{"start":{"line":35,"column":2},"end":{"line":35,"column":null}},"12":{"start":{"line":36,"column":2},"end":{"line":36,"column":null}}},"fnMap":{"0":{"name":"getBreweries","decl":{"start":{"line":11,"column":22},"end":{"line":11,"column":35}},"loc":{"start":{"line":11,"column":80},"end":{"line":13,"column":null}},"line":11},"1":{"name":"getBreweryById","decl":{"start":{"line":16,"column":22},"end":{"line":16,"column":37}},"loc":{"start":{"line":16,"column":81},"end":{"line":19,"column":null}},"line":16},"2":{"name":"postBrewery","decl":{"start":{"line":22,"column":22},"end":{"line":22,"column":34}},"loc":{"start":{"line":22,"column":78},"end":{"line":24,"column":null}},"line":22},"3":{"name":"putBrewery","decl":{"start":{"line":27,"column":22},"end":{"line":27,"column":33}},"loc":{"start":{"line":27,"column":77},"end":{"line":30,"column":null}},"line":27},"4":{"name":"deleteBreweryHandler","decl":{"start":{"line":33,"column":22},"end":{"line":33,"column":43}},"loc":{"start":{"line":33,"column":87},"end":{"line":36,"column":null}},"line":33}},"branchMap":{},"s":{"0":0,"1":0,"2":0,"3":0,"4":0,"5":0,"6":0,"7":0,"8":0,"9":0,"10":0,"11":0,"12":0},"f":{"0":0,"1":0,"2":0,"3":0,"4":0},"b":{},"meta":{"lastBranch":0,"lastFunction":5,"lastStatement":13,"seen":{"f:11:22:11:35":0,"s:12:20:12:44":0,"s:13:2:13:Infinity":1,"f:16:22:16:37":1,"s:17:20:17:41":2,"s:18:18:18:50":3,"s:19:2:19:Infinity":4,"f:22:22:22:34":2,"s:23:18:23:47":5,"s:24:2:24:Infinity":6,"f:27:22:27:33":3,"s:28:20:28:41":7,"s:29:18:29:58":8,"s:30:2:30:Infinity":9,"f:33:22:33:43":4,"s:34:20:34:41":10,"s:35:2:35:Infinity":11,"s:36:2:36:Infinity":12}}}
,"C:\\DataPerso\\Zythonomie\\Zythonomie\\backend\\src\\controllers\\category.controller.ts": {"path":"C:\\DataPerso\\Zythonomie\\Zythonomie\\backend\\src\\controllers\\category.controller.ts","statementMap":{"0":{"start":{"line":13,"column":35},"end":{"line":13,"column":37}},"1":{"start":{"line":15,"column":2},"end":{"line":19,"column":null}},"2":{"start":{"line":16,"column":4},"end":{"line":19,"column":null}},"3":{"start":{"line":17,"column":6},"end":{"line":17,"column":null}},"4":{"start":{"line":19,"column":6},"end":{"line":19,"column":null}},"5":{"start":{"line":23,"column":21},"end":{"line":23,"column":53}},"6":{"start":{"line":24,"column":2},"end":{"line":24,"column":null}},"7":{"start":{"line":28,"column":21},"end":{"line":28,"column":42}},"8":{"start":{"line":29,"column":19},"end":{"line":29,"column":53}},"9":{"start":{"line":30,"column":2},"end":{"line":30,"column":null}},"10":{"start":{"line":34,"column":19},"end":{"line":34,"column":49}},"11":{"start":{"line":35,"column":2},"end":{"line":35,"column":null}},"12":{"start":{"line":39,"column":21},"end":{"line":39,"column":42}},"13":{"start":{"line":40,"column":19},"end":{"line":40,"column":61}},"14":{"start":{"line":41,"column":2},"end":{"line":41,"column":null}},"15":{"start":{"line":45,"column":21},"end":{"line":45,"column":42}},"16":{"start":{"line":46,"column":2},"end":{"line":46,"column":null}},"17":{"start":{"line":47,"column":2},"end":{"line":47,"column":null}}},"fnMap":{"0":{"name":"getCategories","decl":{"start":{"line":12,"column":22},"end":{"line":12,"column":36}},"loc":{"start":{"line":12,"column":80},"end":{"line":24,"column":null}},"line":12},"1":{"name":"getCategoryById","decl":{"start":{"line":27,"column":22},"end":{"line":27,"column":38}},"loc":{"start":{"line":27,"column":82},"end":{"line":30,"column":null}},"line":27},"2":{"name":"postCategory","decl":{"start":{"line":33,"column":22},"end":{"line":33,"column":35}},"loc":{"start":{"line":33,"column":79},"end":{"line":35,"column":null}},"line":33},"3":{"name":"putCategory","decl":{"start":{"line":38,"column":22},"end":{"line":38,"column":34}},"loc":{"start":{"line":38,"column":78},"end":{"line":41,"column":null}},"line":38},"4":{"name":"deleteCategoryHandler","decl":{"start":{"line":44,"column":22},"end":{"line":44,"column":44}},"loc":{"start":{"line":44,"column":88},"end":{"line":47,"column":null}},"line":44}},"branchMap":{"0":{"loc":{"start":{"line":15,"column":2},"end":{"line":19,"column":null}},"type":"if","locations":[{"start":{"line":15,"column":2},"end":{"line":19,"column":null}},{"start":{},"end":{}}],"line":15},"1":{"loc":{"start":{"line":16,"column":4},"end":{"line":19,"column":null}},"type":"if","locations":[{"start":{"line":16,"column":4},"end":{"line":19,"column":null}},{"start":{"line":18,"column":11},"end":{"line":19,"column":null}}],"line":16}},"s":{"0":0,"1":0,"2":0,"3":0,"4":0,"5":0,"6":0,"7":0,"8":0,"9":0,"10":0,"11":0,"12":0,"13":0,"14":0,"15":0,"16":0,"17":0},"f":{"0":0,"1":0,"2":0,"3":0,"4":0},"b":{"0":[0,0],"1":[0,0]},"meta":{"lastBranch":2,"lastFunction":5,"lastStatement":18,"seen":{"f:12:22:12:36":0,"s:13:35:13:37":0,"b:15:2:19:Infinity:undefined:undefined:undefined:undefined":0,"s:15:2:19:Infinity":1,"b:16:4:19:Infinity:18:11:19:Infinity":1,"s:16:4:19:Infinity":2,"s:17:6:17:Infinity":3,"s:19:6:19:Infinity":4,"s:23:21:23:53":5,"s:24:2:24:Infinity":6,"f:27:22:27:38":1,"s:28:21:28:42":7,"s:29:19:29:53":8,"s:30:2:30:Infinity":9,"f:33:22:33:35":2,"s:34:19:34:49":10,"s:35:2:35:Infinity":11,"f:38:22:38:34":3,"s:39:21:39:42":12,"s:40:19:40:61":13,"s:41:2:41:Infinity":14,"f:44:22:44:44":4,"s:45:21:45:42":15,"s:46:2:46:Infinity":16,"s:47:2:47:Infinity":17}}}
,"C:\\DataPerso\\Zythonomie\\Zythonomie\\backend\\src\\controllers\\criterion.controller.ts": {"path":"C:\\DataPerso\\Zythonomie\\Zythonomie\\backend\\src\\controllers\\criterion.controller.ts","statementMap":{"0":{"start":{"line":12,"column":19},"end":{"line":12,"column":42}},"1":{"start":{"line":13,"column":2},"end":{"line":13,"column":null}},"2":{"start":{"line":17,"column":13},"end":{"line":17,"column":34}},"3":{"start":{"line":18,"column":20},"end":{"line":18,"column":47}},"4":{"start":{"line":19,"column":2},"end":{"line":19,"column":null}},"5":{"start":{"line":23,"column":20},"end":{"line":23,"column":51}},"6":{"start":{"line":24,"column":2},"end":{"line":24,"column":null}},"7":{"start":{"line":28,"column":13},"end":{"line":28,"column":34}},"8":{"start":{"line":29,"column":20},"end":{"line":29,"column":55}},"9":{"start":{"line":30,"column":2},"end":{"line":30,"column":null}},"10":{"start":{"line":34,"column":13},"end":{"line":34,"column":34}},"11":{"start":{"line":35,"column":2},"end":{"line":35,"column":null}},"12":{"start":{"line":36,"column":2},"end":{"line":36,"column":null}}},"fnMap":{"0":{"name":"getCriteria","decl":{"start":{"line":11,"column":22},"end":{"line":11,"column":34}},"loc":{"start":{"line":11,"column":79},"end":{"line":13,"column":null}},"line":11},"1":{"name":"getCriterionById","decl":{"start":{"line":16,"column":22},"end":{"line":16,"column":39}},"loc":{"start":{"line":16,"column":83},"end":{"line":19,"column":null}},"line":16},"2":{"name":"postCriterion","decl":{"start":{"line":22,"column":22},"end":{"line":22,"column":36}},"loc":{"start":{"line":22,"column":80},"end":{"line":24,"column":null}},"line":22},"3":{"name":"patchCriterion","decl":{"start":{"line":27,"column":22},"end":{"line":27,"column":37}},"loc":{"start":{"line":27,"column":81},"end":{"line":30,"column":null}},"line":27},"4":{"name":"deleteCriterionHandler","decl":{"start":{"line":33,"column":22},"end":{"line":33,"column":45}},"loc":{"start":{"line":33,"column":89},"end":{"line":36,"column":null}},"line":33}},"branchMap":{},"s":{"0":0,"1":0,"2":0,"3":0,"4":0,"5":0,"6":0,"7":0,"8":0,"9":0,"10":0,"11":0,"12":0},"f":{"0":0,"1":0,"2":0,"3":0,"4":0},"b":{},"meta":{"lastBranch":0,"lastFunction":5,"lastStatement":13,"seen":{"f:11:22:11:34":0,"s:12:19:12:42":0,"s:13:2:13:Infinity":1,"f:16:22:16:39":1,"s:17:13:17:34":2,"s:18:20:18:47":3,"s:19:2:19:Infinity":4,"f:22:22:22:36":2,"s:23:20:23:51":5,"s:24:2:24:Infinity":6,"f:27:22:27:37":3,"s:28:13:28:34":7,"s:29:20:29:55":8,"s:30:2:30:Infinity":9,"f:33:22:33:45":4,"s:34:13:34:34":10,"s:35:2:35:Infinity":11,"s:36:2:36:Infinity":12}}}
,"C:\\DataPerso\\Zythonomie\\Zythonomie\\backend\\src\\controllers\\pairing.controller.ts": {"path":"C:\\DataPerso\\Zythonomie\\Zythonomie\\backend\\src\\controllers\\pairing.controller.ts","statementMap":{"0":{"start":{"line":14,"column":19},"end":{"line":14,"column":42}},"1":{"start":{"line":15,"column":2},"end":{"line":15,"column":null}},"2":{"start":{"line":19,"column":20},"end":{"line":19,"column":41}},"3":{"start":{"line":20,"column":18},"end":{"line":20,"column":50}},"4":{"start":{"line":21,"column":2},"end":{"line":21,"column":null}},"5":{"start":{"line":25,"column":18},"end":{"line":25,"column":47}},"6":{"start":{"line":26,"column":2},"end":{"line":26,"column":null}},"7":{"start":{"line":30,"column":20},"end":{"line":30,"column":41}},"8":{"start":{"line":31,"column":18},"end":{"line":31,"column":58}},"9":{"start":{"line":32,"column":2},"end":{"line":32,"column":null}},"10":{"start":{"line":36,"column":20},"end":{"line":36,"column":41}},"11":{"start":{"line":37,"column":2},"end":{"line":37,"column":null}},"12":{"start":{"line":38,"column":2},"end":{"line":38,"column":null}},"13":{"start":{"line":44,"column":21},"end":{"line":44,"column":42}},"14":{"start":{"line":45,"column":18},"end":{"line":45,"column":78}},"15":{"start":{"line":46,"column":2},"end":{"line":46,"column":null}},"16":{"start":{"line":50,"column":21},"end":{"line":50,"column":42}},"17":{"start":{"line":51,"column":22},"end":{"line":51,"column":52}},"18":{"start":{"line":52,"column":18},"end":{"line":52,"column":74}},"19":{"start":{"line":53,"column":2},"end":{"line":53,"column":null}}},"fnMap":{"0":{"name":"getPairings","decl":{"start":{"line":13,"column":22},"end":{"line":13,"column":34}},"loc":{"start":{"line":13,"column":79},"end":{"line":15,"column":null}},"line":13},"1":{"name":"getPairingById","decl":{"start":{"line":18,"column":22},"end":{"line":18,"column":37}},"loc":{"start":{"line":18,"column":81},"end":{"line":21,"column":null}},"line":18},"2":{"name":"postPairing","decl":{"start":{"line":24,"column":22},"end":{"line":24,"column":34}},"loc":{"start":{"line":24,"column":78},"end":{"line":26,"column":null}},"line":24},"3":{"name":"putPairing","decl":{"start":{"line":29,"column":22},"end":{"line":29,"column":33}},"loc":{"start":{"line":29,"column":77},"end":{"line":32,"column":null}},"line":29},"4":{"name":"deletePairingHandler","decl":{"start":{"line":35,"column":22},"end":{"line":35,"column":43}},"loc":{"start":{"line":35,"column":87},"end":{"line":38,"column":null}},"line":35},"5":{"name":"postPairingCategory","decl":{"start":{"line":43,"column":22},"end":{"line":43,"column":42}},"loc":{"start":{"line":43,"column":86},"end":{"line":46,"column":null}},"line":43},"6":{"name":"deletePairingCategory","decl":{"start":{"line":49,"column":22},"end":{"line":49,"column":44}},"loc":{"start":{"line":49,"column":88},"end":{"line":53,"column":null}},"line":49}},"branchMap":{},"s":{"0":0,"1":0,"2":0,"3":0,"4":0,"5":0,"6":0,"7":0,"8":0,"9":0,"10":0,"11":0,"12":0,"13":0,"14":0,"15":0,"16":0,"17":0,"18":0,"19":0},"f":{"0":0,"1":0,"2":0,"3":0,"4":0,"5":0,"6":0},"b":{},"meta":{"lastBranch":0,"lastFunction":7,"lastStatement":20,"seen":{"f:13:22:13:34":0,"s:14:19:14:42":0,"s:15:2:15:Infinity":1,"f:18:22:18:37":1,"s:19:20:19:41":2,"s:20:18:20:50":3,"s:21:2:21:Infinity":4,"f:24:22:24:34":2,"s:25:18:25:47":5,"s:26:2:26:Infinity":6,"f:29:22:29:33":3,"s:30:20:30:41":7,"s:31:18:31:58":8,"s:32:2:32:Infinity":9,"f:35:22:35:43":4,"s:36:20:36:41":10,"s:37:2:37:Infinity":11,"s:38:2:38:Infinity":12,"f:43:22:43:42":5,"s:44:21:44:42":13,"s:45:18:45:78":14,"s:46:2:46:Infinity":15,"f:49:22:49:44":6,"s:50:21:50:42":16,"s:51:22:51:52":17,"s:52:18:52:74":18,"s:53:2:53:Infinity":19}}}
,"C:\\DataPerso\\Zythonomie\\Zythonomie\\backend\\src\\controllers\\question-choice.controller.ts": {"path":"C:\\DataPerso\\Zythonomie\\Zythonomie\\backend\\src\\controllers\\question-choice.controller.ts","statementMap":{"0":{"start":{"line":12,"column":28},"end":{"line":12,"column":64}},"1":{"start":{"line":13,"column":18},"end":{"line":13,"column":64}},"2":{"start":{"line":14,"column":2},"end":{"line":14,"column":null}},"3":{"start":{"line":18,"column":13},"end":{"line":18,"column":34}},"4":{"start":{"line":19,"column":17},"end":{"line":19,"column":49}},"5":{"start":{"line":20,"column":2},"end":{"line":20,"column":null}},"6":{"start":{"line":24,"column":17},"end":{"line":24,"column":53}},"7":{"start":{"line":25,"column":2},"end":{"line":25,"column":null}},"8":{"start":{"line":29,"column":13},"end":{"line":29,"column":34}},"9":{"start":{"line":30,"column":17},"end":{"line":30,"column":57}},"10":{"start":{"line":31,"column":2},"end":{"line":31,"column":null}},"11":{"start":{"line":35,"column":13},"end":{"line":35,"column":34}},"12":{"start":{"line":36,"column":2},"end":{"line":36,"column":null}},"13":{"start":{"line":37,"column":2},"end":{"line":37,"column":null}}},"fnMap":{"0":{"name":"getChoicesByQuestion","decl":{"start":{"line":11,"column":22},"end":{"line":11,"column":43}},"loc":{"start":{"line":11,"column":87},"end":{"line":14,"column":null}},"line":11},"1":{"name":"getQuestionChoiceById","decl":{"start":{"line":17,"column":22},"end":{"line":17,"column":44}},"loc":{"start":{"line":17,"column":88},"end":{"line":20,"column":null}},"line":17},"2":{"name":"postQuestionChoice","decl":{"start":{"line":23,"column":22},"end":{"line":23,"column":41}},"loc":{"start":{"line":23,"column":85},"end":{"line":25,"column":null}},"line":23},"3":{"name":"patchQuestionChoice","decl":{"start":{"line":28,"column":22},"end":{"line":28,"column":42}},"loc":{"start":{"line":28,"column":86},"end":{"line":31,"column":null}},"line":28},"4":{"name":"deleteQuestionChoiceHandler","decl":{"start":{"line":34,"column":22},"end":{"line":34,"column":50}},"loc":{"start":{"line":34,"column":94},"end":{"line":37,"column":null}},"line":34}},"branchMap":{},"s":{"0":0,"1":0,"2":0,"3":0,"4":0,"5":0,"6":0,"7":0,"8":0,"9":0,"10":0,"11":0,"12":0,"13":0},"f":{"0":0,"1":0,"2":0,"3":0,"4":0},"b":{},"meta":{"lastBranch":0,"lastFunction":5,"lastStatement":14,"seen":{"f:11:22:11:43":0,"s:12:28:12:64":0,"s:13:18:13:64":1,"s:14:2:14:Infinity":2,"f:17:22:17:44":1,"s:18:13:18:34":3,"s:19:17:19:49":4,"s:20:2:20:Infinity":5,"f:23:22:23:41":2,"s:24:17:24:53":6,"s:25:2:25:Infinity":7,"f:28:22:28:42":3,"s:29:13:29:34":8,"s:30:17:30:57":9,"s:31:2:31:Infinity":10,"f:34:22:34:50":4,"s:35:13:35:34":11,"s:36:2:36:Infinity":12,"s:37:2:37:Infinity":13}}}
,"C:\\DataPerso\\Zythonomie\\Zythonomie\\backend\\src\\controllers\\quiz.controller.ts": {"path":"C:\\DataPerso\\Zythonomie\\Zythonomie\\backend\\src\\controllers\\quiz.controller.ts","statementMap":{"0":{"start":{"line":6,"column":18},"end":{"line":6,"column":40}},"1":{"start":{"line":7,"column":2},"end":{"line":7,"column":null}},"2":{"start":{"line":11,"column":17},"end":{"line":11,"column":38}},"3":{"start":{"line":12,"column":15},"end":{"line":12,"column":41}},"4":{"start":{"line":13,"column":2},"end":{"line":13,"column":null}},"5":{"start":{"line":17,"column":15},"end":{"line":17,"column":41}},"6":{"start":{"line":18,"column":2},"end":{"line":18,"column":null}}},"fnMap":{"0":{"name":"getQuizzes","decl":{"start":{"line":5,"column":22},"end":{"line":5,"column":33}},"loc":{"start":{"line":5,"column":78},"end":{"line":7,"column":null}},"line":5},"1":{"name":"getQuizById","decl":{"start":{"line":10,"column":22},"end":{"line":10,"column":34}},"loc":{"start":{"line":10,"column":78},"end":{"line":13,"column":null}},"line":10},"2":{"name":"postQuiz","decl":{"start":{"line":16,"column":22},"end":{"line":16,"column":31}},"loc":{"start":{"line":16,"column":75},"end":{"line":18,"column":null}},"line":16}},"branchMap":{},"s":{"0":0,"1":0,"2":0,"3":0,"4":0,"5":0,"6":0},"f":{"0":0,"1":0,"2":0},"b":{},"meta":{"lastBranch":0,"lastFunction":3,"lastStatement":7,"seen":{"f:5:22:5:33":0,"s:6:18:6:40":0,"s:7:2:7:Infinity":1,"f:10:22:10:34":1,"s:11:17:11:38":2,"s:12:15:12:41":3,"s:13:2:13:Infinity":4,"f:16:22:16:31":2,"s:17:15:17:41":5,"s:18:2:18:Infinity":6}}}
,"C:\\DataPerso\\Zythonomie\\Zythonomie\\backend\\src\\controllers\\quizz-question.controller.ts": {"path":"C:\\DataPerso\\Zythonomie\\Zythonomie\\backend\\src\\controllers\\quizz-question.controller.ts","statementMap":{"0":{"start":{"line":12,"column":19},"end":{"line":12,"column":46}},"1":{"start":{"line":13,"column":20},"end":{"line":13,"column":56}},"2":{"start":{"line":14,"column":2},"end":{"line":14,"column":null}},"3":{"start":{"line":18,"column":13},"end":{"line":18,"column":34}},"4":{"start":{"line":19,"column":19},"end":{"line":19,"column":50}},"5":{"start":{"line":20,"column":2},"end":{"line":20,"column":null}},"6":{"start":{"line":24,"column":19},"end":{"line":24,"column":54}},"7":{"start":{"line":25,"column":2},"end":{"line":25,"column":null}},"8":{"start":{"line":29,"column":13},"end":{"line":29,"column":34}},"9":{"start":{"line":30,"column":19},"end":{"line":30,"column":58}},"10":{"start":{"line":31,"column":2},"end":{"line":31,"column":null}},"11":{"start":{"line":35,"column":13},"end":{"line":35,"column":34}},"12":{"start":{"line":36,"column":2},"end":{"line":36,"column":null}},"13":{"start":{"line":37,"column":2},"end":{"line":37,"column":null}}},"fnMap":{"0":{"name":"getQuestionsByQuizz","decl":{"start":{"line":11,"column":22},"end":{"line":11,"column":42}},"loc":{"start":{"line":11,"column":86},"end":{"line":14,"column":null}},"line":11},"1":{"name":"getQuizzQuestionById","decl":{"start":{"line":17,"column":22},"end":{"line":17,"column":43}},"loc":{"start":{"line":17,"column":87},"end":{"line":20,"column":null}},"line":17},"2":{"name":"postQuizzQuestion","decl":{"start":{"line":23,"column":22},"end":{"line":23,"column":40}},"loc":{"start":{"line":23,"column":84},"end":{"line":25,"column":null}},"line":23},"3":{"name":"patchQuizzQuestion","decl":{"start":{"line":28,"column":22},"end":{"line":28,"column":41}},"loc":{"start":{"line":28,"column":85},"end":{"line":31,"column":null}},"line":28},"4":{"name":"deleteQuizzQuestionHandler","decl":{"start":{"line":34,"column":22},"end":{"line":34,"column":49}},"loc":{"start":{"line":34,"column":93},"end":{"line":37,"column":null}},"line":34}},"branchMap":{},"s":{"0":0,"1":0,"2":0,"3":0,"4":0,"5":0,"6":0,"7":0,"8":0,"9":0,"10":0,"11":0,"12":0,"13":0},"f":{"0":0,"1":0,"2":0,"3":0,"4":0},"b":{},"meta":{"lastBranch":0,"lastFunction":5,"lastStatement":14,"seen":{"f:11:22:11:42":0,"s:12:19:12:46":0,"s:13:20:13:56":1,"s:14:2:14:Infinity":2,"f:17:22:17:43":1,"s:18:13:18:34":3,"s:19:19:19:50":4,"s:20:2:20:Infinity":5,"f:23:22:23:40":2,"s:24:19:24:54":6,"s:25:2:25:Infinity":7,"f:28:22:28:41":3,"s:29:13:29:34":8,"s:30:19:30:58":9,"s:31:2:31:Infinity":10,"f:34:22:34:49":4,"s:35:13:35:34":11,"s:36:2:36:Infinity":12,"s:37:2:37:Infinity":13}}}
,"C:\\DataPerso\\Zythonomie\\Zythonomie\\backend\\src\\controllers\\quizz-session.controller.ts": {"path":"C:\\DataPerso\\Zythonomie\\Zythonomie\\backend\\src\\controllers\\quizz-session.controller.ts","statementMap":{"0":{"start":{"line":11,"column":32},"end":{"line":11,"column":null}},"1":{"start":{"line":12,"column":17},"end":{"line":12,"column":54}},"2":{"start":{"line":13,"column":2},"end":{"line":13,"column":null}},"3":{"start":{"line":17,"column":20},"end":{"line":17,"column":41}},"4":{"start":{"line":18,"column":17},"end":{"line":18,"column":52}},"5":{"start":{"line":19,"column":2},"end":{"line":19,"column":null}},"6":{"start":{"line":23,"column":20},"end":{"line":23,"column":41}},"7":{"start":{"line":24,"column":33},"end":{"line":24,"column":null}},"8":{"start":{"line":25,"column":17},"end":{"line":25,"column":68}},"9":{"start":{"line":26,"column":2},"end":{"line":26,"column":null}},"10":{"start":{"line":30,"column":20},"end":{"line":30,"column":41}},"11":{"start":{"line":31,"column":17},"end":{"line":31,"column":49}},"12":{"start":{"line":32,"column":2},"end":{"line":32,"column":null}}},"fnMap":{"0":{"name":"postStartSession","decl":{"start":{"line":10,"column":22},"end":{"line":10,"column":39}},"loc":{"start":{"line":10,"column":83},"end":{"line":13,"column":null}},"line":10},"1":{"name":"getSessionById","decl":{"start":{"line":16,"column":22},"end":{"line":16,"column":37}},"loc":{"start":{"line":16,"column":81},"end":{"line":19,"column":null}},"line":16},"2":{"name":"postSessionAnswer","decl":{"start":{"line":22,"column":22},"end":{"line":22,"column":40}},"loc":{"start":{"line":22,"column":84},"end":{"line":26,"column":null}},"line":22},"3":{"name":"putCompleteSession","decl":{"start":{"line":29,"column":22},"end":{"line":29,"column":41}},"loc":{"start":{"line":29,"column":85},"end":{"line":32,"column":null}},"line":29}},"branchMap":{},"s":{"0":1,"1":1,"2":1,"3":0,"4":0,"5":0,"6":2,"7":2,"8":2,"9":2,"10":1,"11":1,"12":1},"f":{"0":1,"1":0,"2":2,"3":1},"b":{},"meta":{"lastBranch":0,"lastFunction":4,"lastStatement":13,"seen":{"f:10:22:10:39":0,"s:11:32:11:Infinity":0,"s:12:17:12:54":1,"s:13:2:13:Infinity":2,"f:16:22:16:37":1,"s:17:20:17:41":3,"s:18:17:18:52":4,"s:19:2:19:Infinity":5,"f:22:22:22:40":2,"s:23:20:23:41":6,"s:24:33:24:Infinity":7,"s:25:17:25:68":8,"s:26:2:26:Infinity":9,"f:29:22:29:41":3,"s:30:20:30:41":10,"s:31:17:31:49":11,"s:32:2:32:Infinity":12}}}
,"C:\\DataPerso\\Zythonomie\\Zythonomie\\backend\\src\\controllers\\rating.controller.ts": {"path":"C:\\DataPerso\\Zythonomie\\Zythonomie\\backend\\src\\controllers\\rating.controller.ts","statementMap":{"0":{"start":{"line":12,"column":17},"end":{"line":12,"column":42}},"1":{"start":{"line":13,"column":18},"end":{"line":13,"column":49}},"2":{"start":{"line":14,"column":2},"end":{"line":14,"column":null}},"3":{"start":{"line":18,"column":17},"end":{"line":18,"column":42}},"4":{"start":{"line":19,"column":18},"end":{"line":19,"column":49}},"5":{"start":{"line":20,"column":2},"end":{"line":20,"column":null}},"6":{"start":{"line":24,"column":17},"end":{"line":24,"column":45}},"7":{"start":{"line":25,"column":2},"end":{"line":25,"column":null}},"8":{"start":{"line":29,"column":19},"end":{"line":29,"column":40}},"9":{"start":{"line":30,"column":17},"end":{"line":30,"column":55}},"10":{"start":{"line":31,"column":2},"end":{"line":31,"column":null}},"11":{"start":{"line":35,"column":19},"end":{"line":35,"column":40}},"12":{"start":{"line":36,"column":2},"end":{"line":36,"column":null}},"13":{"start":{"line":37,"column":2},"end":{"line":37,"column":null}}},"fnMap":{"0":{"name":"getRatingsByBeer","decl":{"start":{"line":11,"column":22},"end":{"line":11,"column":39}},"loc":{"start":{"line":11,"column":83},"end":{"line":14,"column":null}},"line":11},"1":{"name":"getRatingsByUser","decl":{"start":{"line":17,"column":22},"end":{"line":17,"column":39}},"loc":{"start":{"line":17,"column":83},"end":{"line":20,"column":null}},"line":17},"2":{"name":"postRating","decl":{"start":{"line":23,"column":22},"end":{"line":23,"column":33}},"loc":{"start":{"line":23,"column":77},"end":{"line":25,"column":null}},"line":23},"3":{"name":"putRating","decl":{"start":{"line":28,"column":22},"end":{"line":28,"column":32}},"loc":{"start":{"line":28,"column":76},"end":{"line":31,"column":null}},"line":28},"4":{"name":"deleteRating","decl":{"start":{"line":34,"column":22},"end":{"line":34,"column":35}},"loc":{"start":{"line":34,"column":79},"end":{"line":37,"column":null}},"line":34}},"branchMap":{},"s":{"0":2,"1":2,"2":2,"3":0,"4":0,"5":0,"6":5,"7":4,"8":0,"9":0,"10":0,"11":1,"12":1,"13":1},"f":{"0":2,"1":0,"2":5,"3":0,"4":1},"b":{},"meta":{"lastBranch":0,"lastFunction":5,"lastStatement":14,"seen":{"f:11:22:11:39":0,"s:12:17:12:42":0,"s:13:18:13:49":1,"s:14:2:14:Infinity":2,"f:17:22:17:39":1,"s:18:17:18:42":3,"s:19:18:19:49":4,"s:20:2:20:Infinity":5,"f:23:22:23:33":2,"s:24:17:24:45":6,"s:25:2:25:Infinity":7,"f:28:22:28:32":3,"s:29:19:29:40":8,"s:30:17:30:55":9,"s:31:2:31:Infinity":10,"f:34:22:34:35":4,"s:35:19:35:40":11,"s:36:2:36:Infinity":12,"s:37:2:37:Infinity":13}}}
,"C:\\DataPerso\\Zythonomie\\Zythonomie\\backend\\src\\controllers\\recommendation.controller.ts": {"path":"C:\\DataPerso\\Zythonomie\\Zythonomie\\backend\\src\\controllers\\recommendation.controller.ts","statementMap":{"0":{"start":{"line":6,"column":17},"end":{"line":6,"column":42}},"1":{"start":{"line":7,"column":16},"end":{"line":7,"column":null}},"2":{"start":{"line":8,"column":26},"end":{"line":8,"column":72}},"3":{"start":{"line":9,"column":2},"end":{"line":9,"column":null}},"4":{"start":{"line":13,"column":17},"end":{"line":13,"column":42}},"5":{"start":{"line":14,"column":16},"end":{"line":14,"column":null}},"6":{"start":{"line":15,"column":26},"end":{"line":15,"column":76}},"7":{"start":{"line":16,"column":2},"end":{"line":16,"column":null}}},"fnMap":{"0":{"name":"getRecommendations","decl":{"start":{"line":5,"column":22},"end":{"line":5,"column":41}},"loc":{"start":{"line":5,"column":85},"end":{"line":9,"column":null}},"line":5},"1":{"name":"postRefreshRecommendations","decl":{"start":{"line":12,"column":22},"end":{"line":12,"column":49}},"loc":{"start":{"line":12,"column":93},"end":{"line":16,"column":null}},"line":12}},"branchMap":{"0":{"loc":{"start":{"line":7,"column":16},"end":{"line":7,"column":null}},"type":"cond-expr","locations":[{"start":{"line":7,"column":34},"end":{"line":7,"column":57}},{"start":{"line":7,"column":60},"end":{"line":7,"column":null}}],"line":7},"1":{"loc":{"start":{"line":14,"column":16},"end":{"line":14,"column":null}},"type":"cond-expr","locations":[{"start":{"line":14,"column":34},"end":{"line":14,"column":57}},{"start":{"line":14,"column":60},"end":{"line":14,"column":null}}],"line":14}},"s":{"0":3,"1":3,"2":3,"3":3,"4":2,"5":2,"6":2,"7":1},"f":{"0":3,"1":2},"b":{"0":[0,3],"1":[0,2]},"meta":{"lastBranch":2,"lastFunction":2,"lastStatement":8,"seen":{"f:5:22:5:41":0,"s:6:17:6:42":0,"s:7:16:7:Infinity":1,"b:7:34:7:57:7:60:7:Infinity":0,"s:8:26:8:72":2,"s:9:2:9:Infinity":3,"f:12:22:12:49":1,"s:13:17:13:42":4,"s:14:16:14:Infinity":5,"b:14:34:14:57:14:60:14:Infinity":1,"s:15:26:15:76":6,"s:16:2:16:Infinity":7}}}
,"C:\\DataPerso\\Zythonomie\\Zythonomie\\backend\\src\\controllers\\user-criteria.controller.ts": {"path":"C:\\DataPerso\\Zythonomie\\Zythonomie\\backend\\src\\controllers\\user-criteria.controller.ts","statementMap":{"0":{"start":{"line":11,"column":18},"end":{"line":11,"column":44}},"1":{"start":{"line":12,"column":18},"end":{"line":12,"column":51}},"2":{"start":{"line":13,"column":2},"end":{"line":13,"column":null}},"3":{"start":{"line":17,"column":18},"end":{"line":17,"column":44}},"4":{"start":{"line":18,"column":23},"end":{"line":18,"column":54}},"5":{"start":{"line":19,"column":16},"end":{"line":19,"column":66}},"6":{"start":{"line":20,"column":2},"end":{"line":20,"column":null}},"7":{"start":{"line":24,"column":18},"end":{"line":24,"column":44}},"8":{"start":{"line":25,"column":23},"end":{"line":25,"column":54}},"9":{"start":{"line":26,"column":16},"end":{"line":26,"column":90}},"10":{"start":{"line":27,"column":2},"end":{"line":27,"column":null}},"11":{"start":{"line":31,"column":18},"end":{"line":31,"column":44}},"12":{"start":{"line":32,"column":23},"end":{"line":32,"column":54}},"13":{"start":{"line":33,"column":2},"end":{"line":33,"column":null}},"14":{"start":{"line":34,"column":2},"end":{"line":34,"column":null}}},"fnMap":{"0":{"name":"getUserCriteria","decl":{"start":{"line":10,"column":22},"end":{"line":10,"column":38}},"loc":{"start":{"line":10,"column":82},"end":{"line":13,"column":null}},"line":10},"1":{"name":"getUserCriteriaEntry","decl":{"start":{"line":16,"column":22},"end":{"line":16,"column":43}},"loc":{"start":{"line":16,"column":87},"end":{"line":20,"column":null}},"line":16},"2":{"name":"putUserCriteria","decl":{"start":{"line":23,"column":22},"end":{"line":23,"column":38}},"loc":{"start":{"line":23,"column":82},"end":{"line":27,"column":null}},"line":23},"3":{"name":"deleteUserCriteriaHandler","decl":{"start":{"line":30,"column":22},"end":{"line":30,"column":48}},"loc":{"start":{"line":30,"column":92},"end":{"line":34,"column":null}},"line":30}},"branchMap":{},"s":{"0":0,"1":0,"2":0,"3":0,"4":0,"5":0,"6":0,"7":0,"8":0,"9":0,"10":0,"11":0,"12":0,"13":0,"14":0},"f":{"0":0,"1":0,"2":0,"3":0},"b":{},"meta":{"lastBranch":0,"lastFunction":4,"lastStatement":15,"seen":{"f:10:22:10:38":0,"s:11:18:11:44":0,"s:12:18:12:51":1,"s:13:2:13:Infinity":2,"f:16:22:16:43":1,"s:17:18:17:44":3,"s:18:23:18:54":4,"s:19:16:19:66":5,"s:20:2:20:Infinity":6,"f:23:22:23:38":2,"s:24:18:24:44":7,"s:25:23:25:54":8,"s:26:16:26:90":9,"s:27:2:27:Infinity":10,"f:30:22:30:48":3,"s:31:18:31:44":11,"s:32:23:32:54":12,"s:33:2:33:Infinity":13,"s:34:2:34:Infinity":14}}}
,"C:\\DataPerso\\Zythonomie\\Zythonomie\\backend\\src\\controllers\\user.controller.ts": {"path":"C:\\DataPerso\\Zythonomie\\Zythonomie\\backend\\src\\controllers\\user.controller.ts","statementMap":{"0":{"start":{"line":6,"column":16},"end":{"line":6,"column":36}},"1":{"start":{"line":7,"column":2},"end":{"line":7,"column":null}},"2":{"start":{"line":11,"column":17},"end":{"line":11,"column":38}},"3":{"start":{"line":12,"column":15},"end":{"line":12,"column":41}},"4":{"start":{"line":13,"column":2},"end":{"line":13,"column":null}},"5":{"start":{"line":17,"column":15},"end":{"line":17,"column":41}},"6":{"start":{"line":18,"column":2},"end":{"line":18,"column":null}},"7":{"start":{"line":22,"column":17},"end":{"line":22,"column":38}},"8":{"start":{"line":23,"column":15},"end":{"line":23,"column":49}},"9":{"start":{"line":24,"column":2},"end":{"line":24,"column":null}},"10":{"start":{"line":28,"column":17},"end":{"line":28,"column":38}},"11":{"start":{"line":29,"column":2},"end":{"line":29,"column":null}},"12":{"start":{"line":30,"column":2},"end":{"line":33,"column":null}}},"fnMap":{"0":{"name":"getUsers","decl":{"start":{"line":5,"column":22},"end":{"line":5,"column":31}},"loc":{"start":{"line":5,"column":76},"end":{"line":7,"column":null}},"line":5},"1":{"name":"getUserById","decl":{"start":{"line":10,"column":22},"end":{"line":10,"column":34}},"loc":{"start":{"line":10,"column":78},"end":{"line":13,"column":null}},"line":10},"2":{"name":"postUser","decl":{"start":{"line":16,"column":22},"end":{"line":16,"column":31}},"loc":{"start":{"line":16,"column":75},"end":{"line":18,"column":null}},"line":16},"3":{"name":"putUser","decl":{"start":{"line":21,"column":22},"end":{"line":21,"column":30}},"loc":{"start":{"line":21,"column":74},"end":{"line":24,"column":null}},"line":21},"4":{"name":"deleteUser","decl":{"start":{"line":27,"column":22},"end":{"line":27,"column":33}},"loc":{"start":{"line":27,"column":77},"end":{"line":33,"column":null}},"line":27}},"branchMap":{},"s":{"0":0,"1":0,"2":0,"3":0,"4":0,"5":0,"6":0,"7":0,"8":0,"9":0,"10":0,"11":0,"12":0},"f":{"0":0,"1":0,"2":0,"3":0,"4":0},"b":{},"meta":{"lastBranch":0,"lastFunction":5,"lastStatement":13,"seen":{"f:5:22:5:31":0,"s:6:16:6:36":0,"s:7:2:7:Infinity":1,"f:10:22:10:34":1,"s:11:17:11:38":2,"s:12:15:12:41":3,"s:13:2:13:Infinity":4,"f:16:22:16:31":2,"s:17:15:17:41":5,"s:18:2:18:Infinity":6,"f:21:22:21:30":3,"s:22:17:22:38":7,"s:23:15:23:49":8,"s:24:2:24:Infinity":9,"f:27:22:27:33":4,"s:28:17:28:38":10,"s:29:2:29:Infinity":11,"s:30:2:33:Infinity":12}}}
,"C:\\DataPerso\\Zythonomie\\Zythonomie\\backend\\src\\lib\\http-error.ts": {"path":"C:\\DataPerso\\Zythonomie\\Zythonomie\\backend\\src\\lib\\http-error.ts","statementMap":{"0":{"start":{"line":7,"column":4},"end":{"line":7,"column":null}},"1":{"start":{"line":8,"column":4},"end":{"line":8,"column":null}},"2":{"start":{"line":9,"column":4},"end":{"line":9,"column":null}},"3":{"start":{"line":10,"column":4},"end":{"line":10,"column":null}}},"fnMap":{"0":{"name":"(anonymous_0)","decl":{"start":{"line":6,"column":2},"end":{"line":6,"column":14}},"loc":{"start":{"line":6,"column":84},"end":{"line":10,"column":null}},"line":6}},"branchMap":{},"s":{"0":32,"1":32,"2":32,"3":32},"f":{"0":32},"b":{},"meta":{"lastBranch":0,"lastFunction":1,"lastStatement":4,"seen":{"f:6:2:6:14":0,"s:7:4:7:Infinity":0,"s:8:4:8:Infinity":1,"s:9:4:9:Infinity":2,"s:10:4:10:Infinity":3}}}
,"C:\\DataPerso\\Zythonomie\\Zythonomie\\backend\\src\\lib\\response.ts": {"path":"C:\\DataPerso\\Zythonomie\\Zythonomie\\backend\\src\\lib\\response.ts","statementMap":{"0":{"start":{"line":5,"column":2},"end":{"line":8,"column":null}},"1":{"start":{"line":12,"column":2},"end":{"line":15,"column":null}}},"fnMap":{"0":{"name":"sendSuccess","decl":{"start":{"line":4,"column":16},"end":{"line":4,"column":31}},"loc":{"start":{"line":4,"column":77},"end":{"line":8,"column":null}},"line":4},"1":{"name":"sendError","decl":{"start":{"line":11,"column":16},"end":{"line":11,"column":26}},"loc":{"start":{"line":11,"column":84},"end":{"line":15,"column":null}},"line":11}},"branchMap":{},"s":{"0":22,"1":4},"f":{"0":22,"1":4},"b":{},"meta":{"lastBranch":0,"lastFunction":2,"lastStatement":2,"seen":{"f:4:16:4:31":0,"s:5:2:8:Infinity":0,"f:11:16:11:26":1,"s:12:2:15:Infinity":1}}}
,"C:\\DataPerso\\Zythonomie\\Zythonomie\\backend\\src\\middleware\\error-handler.ts": {"path":"C:\\DataPerso\\Zythonomie\\Zythonomie\\backend\\src\\middleware\\error-handler.ts","statementMap":{"0":{"start":{"line":6,"column":2},"end":{"line":9,"column":null}},"1":{"start":{"line":13,"column":2},"end":{"line":19,"column":null}},"2":{"start":{"line":14,"column":4},"end":{"line":18,"column":null}},"3":{"start":{"line":19,"column":4},"end":{"line":19,"column":null}},"4":{"start":{"line":22,"column":2},"end":{"line":27,"column":null}},"5":{"start":{"line":23,"column":4},"end":{"line":26,"column":null}},"6":{"start":{"line":27,"column":4},"end":{"line":27,"column":null}},"7":{"start":{"line":30,"column":2},"end":{"line":33,"column":null}}},"fnMap":{"0":{"name":"notFoundHandler","decl":{"start":{"line":5,"column":16},"end":{"line":5,"column":32}},"loc":{"start":{"line":5,"column":68},"end":{"line":9,"column":null}},"line":5},"1":{"name":"errorHandler","decl":{"start":{"line":12,"column":16},"end":{"line":12,"column":29}},"loc":{"start":{"line":12,"column":100},"end":{"line":33,"column":null}},"line":12}},"branchMap":{"0":{"loc":{"start":{"line":13,"column":2},"end":{"line":19,"column":null}},"type":"if","locations":[{"start":{"line":13,"column":2},"end":{"line":19,"column":null}},{"start":{},"end":{}}],"line":13},"1":{"loc":{"start":{"line":22,"column":2},"end":{"line":27,"column":null}},"type":"if","locations":[{"start":{"line":22,"column":2},"end":{"line":27,"column":null}},{"start":{},"end":{}}],"line":22}},"s":{"0":0,"1":4,"2":4,"3":4,"4":0,"5":0,"6":0,"7":0},"f":{"0":0,"1":4},"b":{"0":[4,0],"1":[0,0]},"meta":{"lastBranch":2,"lastFunction":2,"lastStatement":8,"seen":{"f:5:16:5:32":0,"s:6:2:9:Infinity":0,"f:12:16:12:29":1,"b:13:2:19:Infinity:undefined:undefined:undefined:undefined":0,"s:13:2:19:Infinity":1,"s:14:4:18:Infinity":2,"s:19:4:19:Infinity":3,"b:22:2:27:Infinity:undefined:undefined:undefined:undefined":1,"s:22:2:27:Infinity":4,"s:23:4:26:Infinity":5,"s:27:4:27:Infinity":6,"s:30:2:33:Infinity":7}}}
,"C:\\DataPerso\\Zythonomie\\Zythonomie\\backend\\src\\middleware\\require-admin.ts": {"path":"C:\\DataPerso\\Zythonomie\\Zythonomie\\backend\\src\\middleware\\require-admin.ts","statementMap":{"0":{"start":{"line":16,"column":15},"end":{"line":16,"column":null}},"1":{"start":{"line":18,"column":2},"end":{"line":19,"column":null}},"2":{"start":{"line":19,"column":4},"end":{"line":19,"column":null}},"3":{"start":{"line":22,"column":2},"end":{"line":22,"column":null}}},"fnMap":{"0":{"name":"requireAdmin","decl":{"start":{"line":14,"column":16},"end":{"line":14,"column":29}},"loc":{"start":{"line":14,"column":85},"end":{"line":22,"column":null}},"line":14}},"branchMap":{"0":{"loc":{"start":{"line":18,"column":2},"end":{"line":19,"column":null}},"type":"if","locations":[{"start":{"line":18,"column":2},"end":{"line":19,"column":null}},{"start":{},"end":{}}],"line":18}},"s":{"0":0,"1":0,"2":0,"3":0},"f":{"0":0},"b":{"0":[0,0]},"meta":{"lastBranch":1,"lastFunction":1,"lastStatement":4,"seen":{"f:14:16:14:29":0,"s:16:15:16:Infinity":0,"b:18:2:19:Infinity:undefined:undefined:undefined:undefined":0,"s:18:2:19:Infinity":1,"s:19:4:19:Infinity":2,"s:22:2:22:Infinity":3}}}
,"C:\\DataPerso\\Zythonomie\\Zythonomie\\backend\\src\\middleware\\validate.ts": {"path":"C:\\DataPerso\\Zythonomie\\Zythonomie\\backend\\src\\middleware\\validate.ts","statementMap":{"0":{"start":{"line":8,"column":2},"end":{"line":23,"column":null}},"1":{"start":{"line":9,"column":24},"end":{"line":9,"column":53}},"2":{"start":{"line":11,"column":4},"end":{"line":12,"column":null}},"3":{"start":{"line":12,"column":6},"end":{"line":12,"column":null}},"4":{"start":{"line":15,"column":4},"end":{"line":20,"column":null}},"5":{"start":{"line":16,"column":6},"end":{"line":16,"column":null}},"6":{"start":{"line":17,"column":15},"end":{"line":20,"column":null}},"7":{"start":{"line":18,"column":6},"end":{"line":18,"column":null}},"8":{"start":{"line":20,"column":6},"end":{"line":20,"column":null}},"9":{"start":{"line":23,"column":4},"end":{"line":23,"column":null}}},"fnMap":{"0":{"name":"validate","decl":{"start":{"line":7,"column":16},"end":{"line":7,"column":25}},"loc":{"start":{"line":7,"column":80},"end":{"line":23,"column":null}},"line":7},"1":{"name":"(anonymous_1)","decl":{"start":{"line":8,"column":2},"end":{"line":8,"column":10}},"loc":{"start":{"line":8,"column":69},"end":{"line":23,"column":null}},"line":8}},"branchMap":{"0":{"loc":{"start":{"line":7,"column":45},"end":{"line":7,"column":80}},"type":"default-arg","locations":[{"start":{"line":7,"column":72},"end":{"line":7,"column":80}}],"line":7},"1":{"loc":{"start":{"line":11,"column":4},"end":{"line":12,"column":null}},"type":"if","locations":[{"start":{"line":11,"column":4},"end":{"line":12,"column":null}},{"start":{},"end":{}}],"line":11},"2":{"loc":{"start":{"line":15,"column":4},"end":{"line":20,"column":null}},"type":"if","locations":[{"start":{"line":15,"column":4},"end":{"line":20,"column":null}},{"start":{"line":17,"column":15},"end":{"line":20,"column":null}}],"line":15},"3":{"loc":{"start":{"line":17,"column":15},"end":{"line":20,"column":null}},"type":"if","locations":[{"start":{"line":17,"column":15},"end":{"line":20,"column":null}},{"start":{"line":19,"column":11},"end":{"line":20,"column":null}}],"line":17}},"s":{"0":240,"1":35,"2":35,"3":0,"4":35,"5":7,"6":28,"7":17,"8":11,"9":35},"f":{"0":240,"1":35},"b":{"0":[240],"1":[0,35],"2":[7,28],"3":[17,11]},"meta":{"lastBranch":4,"lastFunction":2,"lastStatement":10,"seen":{"f:7:16:7:25":0,"b:7:72:7:80":0,"s:8:2:23:Infinity":0,"f:8:2:8:10":1,"s:9:24:9:53":1,"b:11:4:12:Infinity:undefined:undefined:undefined:undefined":1,"s:11:4:12:Infinity":2,"s:12:6:12:Infinity":3,"b:15:4:20:Infinity:17:15:20:Infinity":2,"s:15:4:20:Infinity":4,"s:16:6:16:Infinity":5,"b:17:15:20:Infinity:19:11:20:Infinity":3,"s:17:15:20:Infinity":6,"s:18:6:18:Infinity":7,"s:20:6:20:Infinity":8,"s:23:4:23:Infinity":9}}}
,"C:\\DataPerso\\Zythonomie\\Zythonomie\\backend\\src\\routes\\beer-criteria.routes.ts": {"path":"C:\\DataPerso\\Zythonomie\\Zythonomie\\backend\\src\\routes\\beer-criteria.routes.ts","statementMap":{"0":{"start":{"line":12,"column":6},"end":{"line":12,"column":23}},"1":{"start":{"line":14,"column":30},"end":{"line":17,"column":2}},"2":{"start":{"line":19,"column":25},"end":{"line":21,"column":2}},"3":{"start":{"line":23,"column":24},"end":{"line":25,"column":2}},"4":{"start":{"line":28,"column":0},"end":{"line":28,"column":null}},"5":{"start":{"line":31,"column":0},"end":{"line":35,"column":null}},"6":{"start":{"line":38,"column":0},"end":{"line":44,"column":null}},"7":{"start":{"line":47,"column":0},"end":{"line":52,"column":null}}},"fnMap":{},"branchMap":{},"s":{"0":3,"1":3,"2":3,"3":3,"4":3,"5":3,"6":3,"7":3},"f":{},"b":{},"meta":{"lastBranch":0,"lastFunction":0,"lastStatement":8,"seen":{"s:12:6:12:23":0,"s:14:30:17:2":1,"s:19:25:21:2":2,"s:23:24:25:2":3,"s:28:0:28:Infinity":4,"s:31:0:35:Infinity":5,"s:38:0:44:Infinity":6,"s:47:0:52:Infinity":7}}}
,"C:\\DataPerso\\Zythonomie\\Zythonomie\\backend\\src\\routes\\beer.routes.ts": {"path":"C:\\DataPerso\\Zythonomie\\Zythonomie\\backend\\src\\routes\\beer.routes.ts","statementMap":{"0":{"start":{"line":8,"column":6},"end":{"line":8,"column":23}},"1":{"start":{"line":12,"column":23},"end":{"line":14,"column":2}},"2":{"start":{"line":16,"column":26},"end":{"line":20,"column":2}},"3":{"start":{"line":22,"column":25},"end":{"line":31,"column":2}},"4":{"start":{"line":33,"column":25},"end":{"line":46,"column":4}},"5":{"start":{"line":44,"column":20},"end":{"line":44,"column":50}},"6":{"start":{"line":50,"column":0},"end":{"line":50,"column":null}},"7":{"start":{"line":51,"column":0},"end":{"line":51,"column":null}},"8":{"start":{"line":52,"column":0},"end":{"line":52,"column":null}},"9":{"start":{"line":53,"column":0},"end":{"line":53,"column":null}},"10":{"start":{"line":54,"column":0},"end":{"line":54,"column":null}},"11":{"start":{"line":58,"column":26},"end":{"line":58,"column":79}},"12":{"start":{"line":59,"column":27},"end":{"line":59,"column":81}},"13":{"start":{"line":60,"column":27},"end":{"line":60,"column":127}},"14":{"start":{"line":61,"column":28},"end":{"line":61,"column":129}},"15":{"start":{"line":63,"column":0},"end":{"line":63,"column":null}},"16":{"start":{"line":64,"column":0},"end":{"line":64,"column":null}},"17":{"start":{"line":65,"column":0},"end":{"line":65,"column":null}},"18":{"start":{"line":66,"column":0},"end":{"line":66,"column":null}}},"fnMap":{"0":{"name":"(anonymous_0)","decl":{"start":{"line":44,"column":3},"end":{"line":44,"column":11}},"loc":{"start":{"line":44,"column":20},"end":{"line":44,"column":50}},"line":44}},"branchMap":{},"s":{"0":3,"1":3,"2":3,"3":3,"4":3,"5":1,"6":3,"7":3,"8":3,"9":3,"10":3,"11":3,"12":3,"13":3,"14":3,"15":3,"16":3,"17":3,"18":3},"f":{"0":1},"b":{},"meta":{"lastBranch":0,"lastFunction":1,"lastStatement":19,"seen":{"s:8:6:8:23":0,"s:12:23:14:2":1,"s:16:26:20:2":2,"s:22:25:31:2":3,"s:33:25:46:4":4,"f:44:3:44:11":0,"s:44:20:44:50":5,"s:50:0:50:Infinity":6,"s:51:0:51:Infinity":7,"s:52:0:52:Infinity":8,"s:53:0:53:Infinity":9,"s:54:0:54:Infinity":10,"s:58:26:58:79":11,"s:59:27:59:81":12,"s:60:27:60:127":13,"s:61:28:61:129":14,"s:63:0:63:Infinity":15,"s:64:0:64:Infinity":16,"s:65:0:65:Infinity":17,"s:66:0:66:Infinity":18}}}
,"C:\\DataPerso\\Zythonomie\\Zythonomie\\backend\\src\\routes\\brewery.routes.ts": {"path":"C:\\DataPerso\\Zythonomie\\Zythonomie\\backend\\src\\routes\\brewery.routes.ts","statementMap":{"0":{"start":{"line":12,"column":6},"end":{"line":12,"column":23}},"1":{"start":{"line":14,"column":23},"end":{"line":16,"column":2}},"2":{"start":{"line":18,"column":28},"end":{"line":23,"column":2}},"3":{"start":{"line":25,"column":28},"end":{"line":34,"column":4}},"4":{"start":{"line":32,"column":20},"end":{"line":32,"column":50}},"5":{"start":{"line":36,"column":0},"end":{"line":36,"column":null}},"6":{"start":{"line":37,"column":0},"end":{"line":37,"column":null}},"7":{"start":{"line":38,"column":0},"end":{"line":38,"column":null}},"8":{"start":{"line":39,"column":0},"end":{"line":39,"column":null}},"9":{"start":{"line":40,"column":0},"end":{"line":40,"column":null}}},"fnMap":{"0":{"name":"(anonymous_0)","decl":{"start":{"line":32,"column":3},"end":{"line":32,"column":11}},"loc":{"start":{"line":32,"column":20},"end":{"line":32,"column":50}},"line":32}},"branchMap":{},"s":{"0":3,"1":3,"2":3,"3":3,"4":0,"5":3,"6":3,"7":3,"8":3,"9":3},"f":{"0":0},"b":{},"meta":{"lastBranch":0,"lastFunction":1,"lastStatement":10,"seen":{"s:12:6:12:23":0,"s:14:23:16:2":1,"s:18:28:23:2":2,"s:25:28:34:4":3,"f:32:3:32:11":0,"s:32:20:32:50":4,"s:36:0:36:Infinity":5,"s:37:0:37:Infinity":6,"s:38:0:38:Infinity":7,"s:39:0:39:Infinity":8,"s:40:0:40:Infinity":9}}}
,"C:\\DataPerso\\Zythonomie\\Zythonomie\\backend\\src\\routes\\category.routes.ts": {"path":"C:\\DataPerso\\Zythonomie\\Zythonomie\\backend\\src\\routes\\category.routes.ts","statementMap":{"0":{"start":{"line":12,"column":6},"end":{"line":12,"column":23}},"1":{"start":{"line":14,"column":23},"end":{"line":16,"column":2}},"2":{"start":{"line":18,"column":30},"end":{"line":20,"column":2}},"3":{"start":{"line":22,"column":29},"end":{"line":26,"column":2}},"4":{"start":{"line":28,"column":29},"end":{"line":36,"column":4}},"5":{"start":{"line":34,"column":20},"end":{"line":34,"column":50}},"6":{"start":{"line":38,"column":0},"end":{"line":38,"column":null}},"7":{"start":{"line":39,"column":0},"end":{"line":39,"column":null}},"8":{"start":{"line":40,"column":0},"end":{"line":40,"column":null}},"9":{"start":{"line":41,"column":0},"end":{"line":41,"column":null}},"10":{"start":{"line":42,"column":0},"end":{"line":42,"column":null}}},"fnMap":{"0":{"name":"(anonymous_0)","decl":{"start":{"line":34,"column":3},"end":{"line":34,"column":11}},"loc":{"start":{"line":34,"column":20},"end":{"line":34,"column":50}},"line":34}},"branchMap":{},"s":{"0":3,"1":3,"2":3,"3":3,"4":3,"5":0,"6":3,"7":3,"8":3,"9":3,"10":3},"f":{"0":0},"b":{},"meta":{"lastBranch":0,"lastFunction":1,"lastStatement":11,"seen":{"s:12:6:12:23":0,"s:14:23:16:2":1,"s:18:30:20:2":2,"s:22:29:26:2":3,"s:28:29:36:4":4,"f:34:3:34:11":0,"s:34:20:34:50":5,"s:38:0:38:Infinity":6,"s:39:0:39:Infinity":7,"s:40:0:40:Infinity":8,"s:41:0:41:Infinity":9,"s:42:0:42:Infinity":10}}}
,"C:\\DataPerso\\Zythonomie\\Zythonomie\\backend\\src\\routes\\criterion.routes.ts": {"path":"C:\\DataPerso\\Zythonomie\\Zythonomie\\backend\\src\\routes\\criterion.routes.ts","statementMap":{"0":{"start":{"line":13,"column":6},"end":{"line":13,"column":23}},"1":{"start":{"line":15,"column":23},"end":{"line":17,"column":2}},"2":{"start":{"line":19,"column":30},"end":{"line":22,"column":2}},"3":{"start":{"line":24,"column":30},"end":{"line":31,"column":4}},"4":{"start":{"line":29,"column":20},"end":{"line":29,"column":50}},"5":{"start":{"line":34,"column":0},"end":{"line":34,"column":null}},"6":{"start":{"line":35,"column":0},"end":{"line":35,"column":null}},"7":{"start":{"line":38,"column":0},"end":{"line":38,"column":null}},"8":{"start":{"line":39,"column":0},"end":{"line":39,"column":null}},"9":{"start":{"line":40,"column":0},"end":{"line":40,"column":null}}},"fnMap":{"0":{"name":"(anonymous_0)","decl":{"start":{"line":29,"column":3},"end":{"line":29,"column":11}},"loc":{"start":{"line":29,"column":20},"end":{"line":29,"column":50}},"line":29}},"branchMap":{},"s":{"0":3,"1":3,"2":3,"3":3,"4":0,"5":3,"6":3,"7":3,"8":3,"9":3},"f":{"0":0},"b":{},"meta":{"lastBranch":0,"lastFunction":1,"lastStatement":10,"seen":{"s:13:6:13:23":0,"s:15:23:17:2":1,"s:19:30:22:2":2,"s:24:30:31:4":3,"f:29:3:29:11":0,"s:29:20:29:50":4,"s:34:0:34:Infinity":5,"s:35:0:35:Infinity":6,"s:38:0:38:Infinity":7,"s:39:0:39:Infinity":8,"s:40:0:40:Infinity":9}}}
,"C:\\DataPerso\\Zythonomie\\Zythonomie\\backend\\src\\routes\\health.routes.ts": {"path":"C:\\DataPerso\\Zythonomie\\Zythonomie\\backend\\src\\routes\\health.routes.ts","statementMap":{"0":{"start":{"line":4,"column":6},"end":{"line":4,"column":23}},"1":{"start":{"line":6,"column":0},"end":{"line":11,"column":null}},"2":{"start":{"line":7,"column":2},"end":{"line":10,"column":null}}},"fnMap":{"0":{"name":"(anonymous_0)","decl":{"start":{"line":6,"column":11},"end":{"line":6,"column":17}},"loc":{"start":{"line":6,"column":31},"end":{"line":11,"column":null}},"line":6}},"branchMap":{},"s":{"0":3,"1":3,"2":0},"f":{"0":0},"b":{},"meta":{"lastBranch":0,"lastFunction":1,"lastStatement":3,"seen":{"s:4:6:4:23":0,"s:6:0:11:Infinity":1,"f:6:11:6:17":0,"s:7:2:10:Infinity":2}}}
,"C:\\DataPerso\\Zythonomie\\Zythonomie\\backend\\src\\routes\\pairing.routes.ts": {"path":"C:\\DataPerso\\Zythonomie\\Zythonomie\\backend\\src\\routes\\pairing.routes.ts","statementMap":{"0":{"start":{"line":14,"column":6},"end":{"line":14,"column":23}},"1":{"start":{"line":16,"column":23},"end":{"line":18,"column":2}},"2":{"start":{"line":20,"column":28},"end":{"line":24,"column":2}},"3":{"start":{"line":26,"column":28},"end":{"line":34,"column":4}},"4":{"start":{"line":32,"column":20},"end":{"line":32,"column":50}},"5":{"start":{"line":36,"column":0},"end":{"line":36,"column":null}},"6":{"start":{"line":37,"column":0},"end":{"line":37,"column":null}},"7":{"start":{"line":38,"column":0},"end":{"line":38,"column":null}},"8":{"start":{"line":39,"column":0},"end":{"line":39,"column":null}},"9":{"start":{"line":40,"column":0},"end":{"line":40,"column":null}},"10":{"start":{"line":44,"column":27},"end":{"line":44,"column":81}},"11":{"start":{"line":45,"column":28},"end":{"line":48,"column":2}},"12":{"start":{"line":50,"column":0},"end":{"line":50,"column":null}},"13":{"start":{"line":51,"column":0},"end":{"line":51,"column":null}}},"fnMap":{"0":{"name":"(anonymous_0)","decl":{"start":{"line":32,"column":3},"end":{"line":32,"column":11}},"loc":{"start":{"line":32,"column":20},"end":{"line":32,"column":50}},"line":32}},"branchMap":{},"s":{"0":3,"1":3,"2":3,"3":3,"4":0,"5":3,"6":3,"7":3,"8":3,"9":3,"10":3,"11":3,"12":3,"13":3},"f":{"0":0},"b":{},"meta":{"lastBranch":0,"lastFunction":1,"lastStatement":14,"seen":{"s:14:6:14:23":0,"s:16:23:18:2":1,"s:20:28:24:2":2,"s:26:28:34:4":3,"f:32:3:32:11":0,"s:32:20:32:50":4,"s:36:0:36:Infinity":5,"s:37:0:37:Infinity":6,"s:38:0:38:Infinity":7,"s:39:0:39:Infinity":8,"s:40:0:40:Infinity":9,"s:44:27:44:81":10,"s:45:28:48:2":11,"s:50:0:50:Infinity":12,"s:51:0:51:Infinity":13}}}
,"C:\\DataPerso\\Zythonomie\\Zythonomie\\backend\\src\\routes\\question-choice.routes.ts": {"path":"C:\\DataPerso\\Zythonomie\\Zythonomie\\backend\\src\\routes\\question-choice.routes.ts","statementMap":{"0":{"start":{"line":13,"column":6},"end":{"line":13,"column":23}},"1":{"start":{"line":15,"column":23},"end":{"line":17,"column":2}},"2":{"start":{"line":19,"column":31},"end":{"line":21,"column":2}},"3":{"start":{"line":23,"column":21},"end":{"line":27,"column":2}},"4":{"start":{"line":29,"column":21},"end":{"line":36,"column":4}},"5":{"start":{"line":34,"column":20},"end":{"line":34,"column":50}},"6":{"start":{"line":39,"column":0},"end":{"line":43,"column":null}},"7":{"start":{"line":46,"column":0},"end":{"line":46,"column":null}},"8":{"start":{"line":49,"column":0},"end":{"line":49,"column":null}},"9":{"start":{"line":52,"column":0},"end":{"line":52,"column":null}},"10":{"start":{"line":55,"column":0},"end":{"line":55,"column":null}}},"fnMap":{"0":{"name":"(anonymous_0)","decl":{"start":{"line":34,"column":3},"end":{"line":34,"column":11}},"loc":{"start":{"line":34,"column":20},"end":{"line":34,"column":50}},"line":34}},"branchMap":{},"s":{"0":3,"1":3,"2":3,"3":3,"4":3,"5":0,"6":3,"7":3,"8":3,"9":3,"10":3},"f":{"0":0},"b":{},"meta":{"lastBranch":0,"lastFunction":1,"lastStatement":11,"seen":{"s:13:6:13:23":0,"s:15:23:17:2":1,"s:19:31:21:2":2,"s:23:21:27:2":3,"s:29:21:36:4":4,"f:34:3:34:11":0,"s:34:20:34:50":5,"s:39:0:43:Infinity":6,"s:46:0:46:Infinity":7,"s:49:0:49:Infinity":8,"s:52:0:52:Infinity":9,"s:55:0:55:Infinity":10}}}
,"C:\\DataPerso\\Zythonomie\\Zythonomie\\backend\\src\\routes\\quiz.routes.ts": {"path":"C:\\DataPerso\\Zythonomie\\Zythonomie\\backend\\src\\routes\\quiz.routes.ts","statementMap":{"0":{"start":{"line":6,"column":6},"end":{"line":6,"column":23}},"1":{"start":{"line":8,"column":17},"end":{"line":10,"column":2}},"2":{"start":{"line":12,"column":25},"end":{"line":29,"column":2}},"3":{"start":{"line":31,"column":0},"end":{"line":31,"column":null}},"4":{"start":{"line":32,"column":0},"end":{"line":32,"column":null}},"5":{"start":{"line":33,"column":0},"end":{"line":33,"column":null}}},"fnMap":{},"branchMap":{},"s":{"0":3,"1":3,"2":3,"3":3,"4":3,"5":3},"f":{},"b":{},"meta":{"lastBranch":0,"lastFunction":0,"lastStatement":6,"seen":{"s:6:6:6:23":0,"s:8:17:10:2":1,"s:12:25:29:2":2,"s:31:0:31:Infinity":3,"s:32:0:32:Infinity":4,"s:33:0:33:Infinity":5}}}
,"C:\\DataPerso\\Zythonomie\\Zythonomie\\backend\\src\\routes\\quizz-question.routes.ts": {"path":"C:\\DataPerso\\Zythonomie\\Zythonomie\\backend\\src\\routes\\quizz-question.routes.ts","statementMap":{"0":{"start":{"line":13,"column":6},"end":{"line":13,"column":23}},"1":{"start":{"line":15,"column":23},"end":{"line":17,"column":2}},"2":{"start":{"line":19,"column":28},"end":{"line":21,"column":2}},"3":{"start":{"line":23,"column":21},"end":{"line":27,"column":2}},"4":{"start":{"line":29,"column":21},"end":{"line":36,"column":4}},"5":{"start":{"line":34,"column":20},"end":{"line":34,"column":50}},"6":{"start":{"line":39,"column":0},"end":{"line":39,"column":null}},"7":{"start":{"line":42,"column":0},"end":{"line":42,"column":null}},"8":{"start":{"line":45,"column":0},"end":{"line":45,"column":null}},"9":{"start":{"line":48,"column":0},"end":{"line":48,"column":null}},"10":{"start":{"line":51,"column":0},"end":{"line":51,"column":null}}},"fnMap":{"0":{"name":"(anonymous_0)","decl":{"start":{"line":34,"column":3},"end":{"line":34,"column":11}},"loc":{"start":{"line":34,"column":20},"end":{"line":34,"column":50}},"line":34}},"branchMap":{},"s":{"0":3,"1":3,"2":3,"3":3,"4":3,"5":0,"6":3,"7":3,"8":3,"9":3,"10":3},"f":{"0":0},"b":{},"meta":{"lastBranch":0,"lastFunction":1,"lastStatement":11,"seen":{"s:13:6:13:23":0,"s:15:23:17:2":1,"s:19:28:21:2":2,"s:23:21:27:2":3,"s:29:21:36:4":4,"f:34:3:34:11":0,"s:34:20:34:50":5,"s:39:0:39:Infinity":6,"s:42:0:42:Infinity":7,"s:45:0:45:Infinity":8,"s:48:0:48:Infinity":9,"s:51:0:51:Infinity":10}}}
,"C:\\DataPerso\\Zythonomie\\Zythonomie\\backend\\src\\routes\\quizz-session.routes.ts": {"path":"C:\\DataPerso\\Zythonomie\\Zythonomie\\backend\\src\\routes\\quizz-session.routes.ts","statementMap":{"0":{"start":{"line":11,"column":6},"end":{"line":11,"column":23}},"1":{"start":{"line":13,"column":17},"end":{"line":15,"column":2}},"2":{"start":{"line":17,"column":27},"end":{"line":20,"column":2}},"3":{"start":{"line":22,"column":21},"end":{"line":24,"column":2}},"4":{"start":{"line":26,"column":0},"end":{"line":26,"column":null}},"5":{"start":{"line":27,"column":0},"end":{"line":27,"column":null}},"6":{"start":{"line":28,"column":0},"end":{"line":28,"column":null}},"7":{"start":{"line":29,"column":0},"end":{"line":29,"column":null}}},"fnMap":{},"branchMap":{},"s":{"0":3,"1":3,"2":3,"3":3,"4":3,"5":3,"6":3,"7":3},"f":{},"b":{},"meta":{"lastBranch":0,"lastFunction":0,"lastStatement":8,"seen":{"s:11:6:11:23":0,"s:13:17:15:2":1,"s:17:27:20:2":2,"s:22:21:24:2":3,"s:26:0:26:Infinity":4,"s:27:0:27:Infinity":5,"s:28:0:28:Infinity":6,"s:29:0:29:Infinity":7}}}
,"C:\\DataPerso\\Zythonomie\\Zythonomie\\backend\\src\\routes\\rating.routes.ts": {"path":"C:\\DataPerso\\Zythonomie\\Zythonomie\\backend\\src\\routes\\rating.routes.ts","statementMap":{"0":{"start":{"line":12,"column":6},"end":{"line":12,"column":23}},"1":{"start":{"line":14,"column":17},"end":{"line":16,"column":2}},"2":{"start":{"line":18,"column":21},"end":{"line":20,"column":2}},"3":{"start":{"line":22,"column":21},"end":{"line":24,"column":2}},"4":{"start":{"line":26,"column":27},"end":{"line":31,"column":2}},"5":{"start":{"line":33,"column":27},"end":{"line":40,"column":4}},"6":{"start":{"line":38,"column":20},"end":{"line":38,"column":50}},"7":{"start":{"line":42,"column":0},"end":{"line":42,"column":null}},"8":{"start":{"line":43,"column":0},"end":{"line":43,"column":null}},"9":{"start":{"line":44,"column":0},"end":{"line":44,"column":null}},"10":{"start":{"line":45,"column":0},"end":{"line":45,"column":null}},"11":{"start":{"line":46,"column":0},"end":{"line":46,"column":null}}},"fnMap":{"0":{"name":"(anonymous_0)","decl":{"start":{"line":38,"column":3},"end":{"line":38,"column":11}},"loc":{"start":{"line":38,"column":20},"end":{"line":38,"column":50}},"line":38}},"branchMap":{},"s":{"0":3,"1":3,"2":3,"3":3,"4":3,"5":3,"6":0,"7":3,"8":3,"9":3,"10":3,"11":3},"f":{"0":0},"b":{},"meta":{"lastBranch":0,"lastFunction":1,"lastStatement":12,"seen":{"s:12:6:12:23":0,"s:14:17:16:2":1,"s:18:21:20:2":2,"s:22:21:24:2":3,"s:26:27:31:2":4,"s:33:27:40:4":5,"f:38:3:38:11":0,"s:38:20:38:50":6,"s:42:0:42:Infinity":7,"s:43:0:43:Infinity":8,"s:44:0:44:Infinity":9,"s:45:0:45:Infinity":10,"s:46:0:46:Infinity":11}}}
,"C:\\DataPerso\\Zythonomie\\Zythonomie\\backend\\src\\routes\\recommendation.routes.ts": {"path":"C:\\DataPerso\\Zythonomie\\Zythonomie\\backend\\src\\routes\\recommendation.routes.ts","statementMap":{"0":{"start":{"line":6,"column":6},"end":{"line":6,"column":23}},"1":{"start":{"line":8,"column":21},"end":{"line":10,"column":2}},"2":{"start":{"line":12,"column":34},"end":{"line":14,"column":2}},"3":{"start":{"line":16,"column":0},"end":{"line":16,"column":null}},"4":{"start":{"line":17,"column":0},"end":{"line":22,"column":null}}},"fnMap":{},"branchMap":{},"s":{"0":3,"1":3,"2":3,"3":3,"4":3},"f":{},"b":{},"meta":{"lastBranch":0,"lastFunction":0,"lastStatement":5,"seen":{"s:6:6:6:23":0,"s:8:21:10:2":1,"s:12:34:14:2":2,"s:16:0:16:Infinity":3,"s:17:0:22:Infinity":4}}}
,"C:\\DataPerso\\Zythonomie\\Zythonomie\\backend\\src\\routes\\user-criteria.routes.ts": {"path":"C:\\DataPerso\\Zythonomie\\Zythonomie\\backend\\src\\routes\\user-criteria.routes.ts","statementMap":{"0":{"start":{"line":11,"column":6},"end":{"line":11,"column":23}},"1":{"start":{"line":13,"column":30},"end":{"line":16,"column":2}},"2":{"start":{"line":18,"column":25},"end":{"line":20,"column":2}},"3":{"start":{"line":22,"column":24},"end":{"line":24,"column":2}},"4":{"start":{"line":27,"column":0},"end":{"line":27,"column":null}},"5":{"start":{"line":30,"column":0},"end":{"line":34,"column":null}},"6":{"start":{"line":37,"column":0},"end":{"line":42,"column":null}},"7":{"start":{"line":45,"column":0},"end":{"line":49,"column":null}}},"fnMap":{},"branchMap":{},"s":{"0":3,"1":3,"2":3,"3":3,"4":3,"5":3,"6":3,"7":3},"f":{},"b":{},"meta":{"lastBranch":0,"lastFunction":0,"lastStatement":8,"seen":{"s:11:6:11:23":0,"s:13:30:16:2":1,"s:18:25:20:2":2,"s:22:24:24:2":3,"s:27:0:27:Infinity":4,"s:30:0:34:Infinity":5,"s:37:0:42:Infinity":6,"s:45:0:49:Infinity":7}}}
,"C:\\DataPerso\\Zythonomie\\Zythonomie\\backend\\src\\routes\\user.routes.ts": {"path":"C:\\DataPerso\\Zythonomie\\Zythonomie\\backend\\src\\routes\\user.routes.ts","statementMap":{"0":{"start":{"line":7,"column":6},"end":{"line":7,"column":23}},"1":{"start":{"line":9,"column":23},"end":{"line":11,"column":2}},"2":{"start":{"line":13,"column":25},"end":{"line":22,"column":2}},"3":{"start":{"line":24,"column":25},"end":{"line":37,"column":4}},"4":{"start":{"line":35,"column":20},"end":{"line":35,"column":50}},"5":{"start":{"line":39,"column":0},"end":{"line":39,"column":null}},"6":{"start":{"line":40,"column":0},"end":{"line":40,"column":null}},"7":{"start":{"line":41,"column":0},"end":{"line":41,"column":null}},"8":{"start":{"line":42,"column":0},"end":{"line":42,"column":null}},"9":{"start":{"line":43,"column":0},"end":{"line":43,"column":null}}},"fnMap":{"0":{"name":"(anonymous_0)","decl":{"start":{"line":35,"column":3},"end":{"line":35,"column":11}},"loc":{"start":{"line":35,"column":20},"end":{"line":35,"column":50}},"line":35}},"branchMap":{},"s":{"0":3,"1":3,"2":3,"3":3,"4":0,"5":3,"6":3,"7":3,"8":3,"9":3},"f":{"0":0},"b":{},"meta":{"lastBranch":0,"lastFunction":1,"lastStatement":10,"seen":{"s:7:6:7:23":0,"s:9:23:11:2":1,"s:13:25:22:2":2,"s:24:25:37:4":3,"f:35:3:35:11":0,"s:35:20:35:50":4,"s:39:0:39:Infinity":5,"s:40:0:40:Infinity":6,"s:41:0:41:Infinity":7,"s:42:0:42:Infinity":8,"s:43:0:43:Infinity":9}}}
,"C:\\DataPerso\\Zythonomie\\Zythonomie\\backend\\src\\services\\beer-criteria.service.ts": {"path":"C:\\DataPerso\\Zythonomie\\Zythonomie\\backend\\src\\services\\beer-criteria.service.ts","statementMap":{"0":{"start":{"line":5,"column":27},"end":{"line":21,"column":null}},"1":{"start":{"line":34,"column":15},"end":{"line":34,"column":101}},"2":{"start":{"line":35,"column":2},"end":{"line":36,"column":null}},"3":{"start":{"line":36,"column":4},"end":{"line":36,"column":null}},"4":{"start":{"line":41,"column":20},"end":{"line":41,"column":108}},"5":{"start":{"line":42,"column":2},"end":{"line":43,"column":null}},"6":{"start":{"line":43,"column":4},"end":{"line":43,"column":null}},"7":{"start":{"line":48,"column":2},"end":{"line":49,"column":null}},"8":{"start":{"line":49,"column":4},"end":{"line":49,"column":null}},"9":{"start":{"line":56,"column":2},"end":{"line":60,"column":null}},"10":{"start":{"line":64,"column":16},"end":{"line":67,"column":4}},"11":{"start":{"line":69,"column":2},"end":{"line":70,"column":null}},"12":{"start":{"line":70,"column":4},"end":{"line":70,"column":null}},"13":{"start":{"line":73,"column":2},"end":{"line":73,"column":null}},"14":{"start":{"line":79,"column":2},"end":{"line":79,"column":null}},"15":{"start":{"line":80,"column":2},"end":{"line":80,"column":null}},"16":{"start":{"line":81,"column":2},"end":{"line":81,"column":null}},"17":{"start":{"line":83,"column":2},"end":{"line":99,"column":null}},"18":{"start":{"line":103,"column":2},"end":{"line":103,"column":null}},"19":{"start":{"line":105,"column":2},"end":{"line":107,"column":null}}},"fnMap":{"0":{"name":"ensureBeerActive","decl":{"start":{"line":33,"column":15},"end":{"line":33,"column":32}},"loc":{"start":{"line":33,"column":64},"end":{"line":36,"column":null}},"line":33},"1":{"name":"ensureCriterionExists","decl":{"start":{"line":40,"column":15},"end":{"line":40,"column":37}},"loc":{"start":{"line":40,"column":74},"end":{"line":43,"column":null}},"line":40},"2":{"name":"validateScore","decl":{"start":{"line":47,"column":9},"end":{"line":47,"column":23}},"loc":{"start":{"line":47,"column":44},"end":{"line":49,"column":null}},"line":47},"3":{"name":"findCriteriaByBeer","decl":{"start":{"line":55,"column":22},"end":{"line":55,"column":41}},"loc":{"start":{"line":55,"column":89},"end":{"line":60,"column":null}},"line":55},"4":{"name":"findBeerCriteriaEntry","decl":{"start":{"line":63,"column":22},"end":{"line":63,"column":44}},"loc":{"start":{"line":63,"column":112},"end":{"line":73,"column":null}},"line":63},"5":{"name":"upsertBeerCriteria","decl":{"start":{"line":78,"column":22},"end":{"line":78,"column":41}},"loc":{"start":{"line":78,"column":102},"end":{"line":99,"column":null}},"line":78},"6":{"name":"deleteBeerCriteria","decl":{"start":{"line":102,"column":22},"end":{"line":102,"column":41}},"loc":{"start":{"line":102,"column":95},"end":{"line":107,"column":null}},"line":102}},"branchMap":{"0":{"loc":{"start":{"line":35,"column":2},"end":{"line":36,"column":null}},"type":"if","locations":[{"start":{"line":35,"column":2},"end":{"line":36,"column":null}},{"start":{},"end":{}}],"line":35},"1":{"loc":{"start":{"line":35,"column":6},"end":{"line":35,"column":41}},"type":"binary-expr","locations":[{"start":{"line":35,"column":6},"end":{"line":35,"column":15}},{"start":{"line":35,"column":15},"end":{"line":35,"column":41}}],"line":35},"2":{"loc":{"start":{"line":42,"column":2},"end":{"line":43,"column":null}},"type":"if","locations":[{"start":{"line":42,"column":2},"end":{"line":43,"column":null}},{"start":{},"end":{}}],"line":42},"3":{"loc":{"start":{"line":48,"column":2},"end":{"line":49,"column":null}},"type":"if","locations":[{"start":{"line":48,"column":2},"end":{"line":49,"column":null}},{"start":{},"end":{}}],"line":48},"4":{"loc":{"start":{"line":48,"column":6},"end":{"line":48,"column":30}},"type":"binary-expr","locations":[{"start":{"line":48,"column":6},"end":{"line":48,"column":19}},{"start":{"line":48,"column":19},"end":{"line":48,"column":30}}],"line":48},"5":{"loc":{"start":{"line":69,"column":2},"end":{"line":70,"column":null}},"type":"if","locations":[{"start":{"line":69,"column":2},"end":{"line":70,"column":null}},{"start":{},"end":{}}],"line":69}},"s":{"0":4,"1":8,"2":8,"3":1,"4":7,"5":7,"6":1,"7":9,"8":1,"9":1,"10":2,"11":2,"12":1,"13":1,"14":9,"15":9,"16":7,"17":6,"18":1,"19":1},"f":{"0":8,"1":7,"2":9,"3":1,"4":2,"5":9,"6":1},"b":{"0":[1,7],"1":[8,8],"2":[1,6],"3":[1,8],"4":[9,8],"5":[1,1]},"meta":{"lastBranch":6,"lastFunction":7,"lastStatement":20,"seen":{"s:5:27:21:Infinity":0,"f:33:15:33:32":0,"s:34:15:34:101":1,"b:35:2:36:Infinity:undefined:undefined:undefined:undefined":0,"s:35:2:36:Infinity":2,"b:35:6:35:15:35:15:35:41":1,"s:36:4:36:Infinity":3,"f:40:15:40:37":1,"s:41:20:41:108":4,"b:42:2:43:Infinity:undefined:undefined:undefined:undefined":2,"s:42:2:43:Infinity":5,"s:43:4:43:Infinity":6,"f:47:9:47:23":2,"b:48:2:49:Infinity:undefined:undefined:undefined:undefined":3,"s:48:2:49:Infinity":7,"b:48:6:48:19:48:19:48:30":4,"s:49:4:49:Infinity":8,"f:55:22:55:41":3,"s:56:2:60:Infinity":9,"f:63:22:63:44":4,"s:64:16:67:4":10,"b:69:2:70:Infinity:undefined:undefined:undefined:undefined":5,"s:69:2:70:Infinity":11,"s:70:4:70:Infinity":12,"s:73:2:73:Infinity":13,"f:78:22:78:41":5,"s:79:2:79:Infinity":14,"s:80:2:80:Infinity":15,"s:81:2:81:Infinity":16,"s:83:2:99:Infinity":17,"f:102:22:102:41":6,"s:103:2:103:Infinity":18,"s:105:2:107:Infinity":19}}}
,"C:\\DataPerso\\Zythonomie\\Zythonomie\\backend\\src\\services\\beer.service.ts": {"path":"C:\\DataPerso\\Zythonomie\\Zythonomie\\backend\\src\\services\\beer.service.ts","statementMap":{"0":{"start":{"line":7,"column":19},"end":{"line":40,"column":null}},"1":{"start":{"line":77,"column":39},"end":{"line":77,"column":59}},"2":{"start":{"line":79,"column":2},"end":{"line":80,"column":null}},"3":{"start":{"line":80,"column":4},"end":{"line":80,"column":null}},"4":{"start":{"line":82,"column":2},"end":{"line":83,"column":null}},"5":{"start":{"line":83,"column":4},"end":{"line":83,"column":null}},"6":{"start":{"line":85,"column":2},"end":{"line":86,"column":null}},"7":{"start":{"line":86,"column":4},"end":{"line":86,"column":null}},"8":{"start":{"line":89,"column":2},"end":{"line":93,"column":null}},"9":{"start":{"line":97,"column":15},"end":{"line":100,"column":4}},"10":{"start":{"line":102,"column":2},"end":{"line":103,"column":null}},"11":{"start":{"line":103,"column":4},"end":{"line":103,"column":null}},"12":{"start":{"line":106,"column":2},"end":{"line":106,"column":null}},"13":{"start":{"line":110,"column":2},"end":{"line":126,"column":null}},"14":{"start":{"line":119,"column":59},"end":{"line":119,"column":73}},"15":{"start":{"line":122,"column":61},"end":{"line":122,"column":76}},"16":{"start":{"line":130,"column":2},"end":{"line":130,"column":null}},"17":{"start":{"line":132,"column":2},"end":{"line":159,"column":null}},"18":{"start":{"line":146,"column":61},"end":{"line":146,"column":75}},"19":{"start":{"line":154,"column":63},"end":{"line":154,"column":78}},"20":{"start":{"line":163,"column":19},"end":{"line":166,"column":4}},"21":{"start":{"line":168,"column":2},"end":{"line":169,"column":null}},"22":{"start":{"line":169,"column":4},"end":{"line":169,"column":null}},"23":{"start":{"line":172,"column":2},"end":{"line":175,"column":null}},"24":{"start":{"line":179,"column":15},"end":{"line":182,"column":4}},"25":{"start":{"line":184,"column":2},"end":{"line":185,"column":null}},"26":{"start":{"line":185,"column":4},"end":{"line":185,"column":null}},"27":{"start":{"line":192,"column":2},"end":{"line":192,"column":null}},"28":{"start":{"line":194,"column":18},"end":{"line":194,"column":102}},"29":{"start":{"line":195,"column":2},"end":{"line":196,"column":null}},"30":{"start":{"line":196,"column":4},"end":{"line":196,"column":null}},"31":{"start":{"line":199,"column":19},"end":{"line":202,"column":4}},"32":{"start":{"line":203,"column":2},"end":{"line":204,"column":null}},"33":{"start":{"line":204,"column":4},"end":{"line":204,"column":null}},"34":{"start":{"line":207,"column":2},"end":{"line":207,"column":null}},"35":{"start":{"line":208,"column":2},"end":{"line":208,"column":null}},"36":{"start":{"line":212,"column":2},"end":{"line":212,"column":null}},"37":{"start":{"line":214,"column":19},"end":{"line":217,"column":4}},"38":{"start":{"line":218,"column":2},"end":{"line":219,"column":null}},"39":{"start":{"line":219,"column":4},"end":{"line":219,"column":null}},"40":{"start":{"line":222,"column":2},"end":{"line":222,"column":null}},"41":{"start":{"line":223,"column":2},"end":{"line":223,"column":null}},"42":{"start":{"line":229,"column":2},"end":{"line":229,"column":null}},"43":{"start":{"line":231,"colum
[...]
":2},"end":{"line":128,"column":null}},"18":{"start":{"line":128,"column":4},"end":{"line":128,"column":null}},"19":{"start":{"line":131,"column":2},"end":{"line":137,"column":null}},"20":{"start":{"line":141,"column":15},"end":{"line":144,"column":4}},"21":{"start":{"line":146,"column":2},"end":{"line":147,"column":null}},"22":{"start":{"line":147,"column":4},"end":{"line":147,"column":null}}},"fnMap":{"0":{"name":"findAllUsers","decl":{"start":{"line":41,"column":22},"end":{"line":41,"column":60}},"loc":{"start":{"line":41,"column":60},"end":{"line":46,"column":null}},"line":41},"1":{"name":"findUserById","decl":{"start":{"line":49,"column":22},"end":{"line":49,"column":35}},"loc":{"start":{"line":49,"column":68},"end":{"line":59,"column":null}},"line":49},"2":{"name":"createUser","decl":{"start":{"line":62,"column":22},"end":{"line":62,"column":33}},"loc":{"start":{"line":62,"column":78},"end":{"line":84,"column":null}},"line":62},"3":{"name":"updateUser","decl":{"start":{"line":87,"column":22},"end":{"line":87,"column":33}},"loc":{"start":{"line":87,"column":90},"end":{"line":118,"column":null}},"line":87},"4":{"name":"softDeleteUser","decl":{"start":{"line":121,"column":22},"end":{"line":121,"column":37}},"loc":{"start":{"line":121,"column":64},"end":{"line":137,"column":null}},"line":121},"5":{"name":"ensureUserExists","decl":{"start":{"line":140,"column":15},"end":{"line":140,"column":32}},"loc":{"start":{"line":140,"column":59},"end":{"line":147,"column":null}},"line":140}},"branchMap":{"0":{"loc":{"start":{"line":55,"column":2},"end":{"line":56,"column":null}},"type":"if","locations":[{"start":{"line":55,"column":2},"end":{"line":56,"column":null}},{"start":{},"end":{}}],"line":55},"1":{"loc":{"start":{"line":68,"column":2},"end":{"line":69,"column":null}},"type":"if","locations":[{"start":{"line":68,"column":2},"end":{"line":69,"column":null}},{"start":{},"end":{}}],"line":68},"2":{"loc":{"start":{"line":81,"column":12},"end":{"line":81,"column":null}},"type":"binary-expr","locations":[{"start":{"line":81,"column":12},"end":{"line":81,"column":26}},{"start":{"line":81,"column":26},"end":{"line":81,"column":null}}],"line":81},"3":{"loc":{"start":{"line":90,"column":2},"end":{"line":101,"column":null}},"type":"if","locations":[{"start":{"line":90,"column":2},"end":{"line":101,"column":null}},{"start":{},"end":{}}],"line":90},"4":{"loc":{"start":{"line":100,"column":4},"end":{"line":101,"column":null}},"type":"if","locations":[{"start":{"line":100,"column":4},"end":{"line":101,"column":null}},{"start":{},"end":{}}],"line":100},"5":{"loc":{"start":{"line":112,"column":16},"end":{"line":112,"column":null}},"type":"cond-expr","locations":[{"start":{"line":112,"column":33},"end":{"line":112,"column":57}},{"start":{"line":112,"column":60},"end":{"line":112,"column":null}}],"line":112},"6":{"loc":{"start":{"line":127,"column":2},"end":{"line":128,"column":null}},"type":"if","locations":[{"start":{"line":127,"column":2},"end":{"line":128,"column":null}},{"start":{},"end":{}}],"line":127},"7":{"loc":{"start":{"line":146,"column":2},"end":{"line":147,"column":null}},"type":"if","locations":[{"start":{"line":146,"column":2},"end":{"line":147,"column":null}},{"start":{},"end":{}}],"line":146}},"s":{"0":4,"1":1,"2":3,"3":3,"4":2,"5":1,"6":2,"7":2,"8":1,"9":1,"10":1,"11":1,"12":0,"13":0,"14":0,"15":1,"16":1,"17":1,"18":0,"19":1,"20":1,"21":1,"22":0},"f":{"0":1,"1":3,"2":2,"3":1,"4":1,"5":1},"b":{"0":[2,1],"1":[1,1],"2":[1,1],"3":[0,1],"4":[0,0],"5":[0,1],"6":[0,1],"7":[0,1]},"meta":{"lastBranch":8,"lastFunction":6,"lastStatement":23,"seen":{"s:5:25:15:Infinity":0,"f:41:22:41:60":0,"s:42:2:46:Infinity":1,"f:49:22:49:35":1,"s:50:15:53:4":2,"b:55:2:56:Infinity:undefined:undefined:undefined:undefined":0,"s:55:2:56:Infinity":3,"s:56:4:56:Infinity":4,"s:59:2:59:Infinity":5,"f:62:22:62:33":2,"s:63:21:66:4":6,"b:68:2:69:Infinity:undefined:undefined:undefined:undefined":1,"s:68:2:69:Infinity":7,"s:69:4:69:Infinity":8,"s:72:2:84:Infinity":9,"b:81:12:81:26:81:26:81:Infinity":2,"f:87:22:87:33":3,"s:88:2:88:Infinity":10,"b:90:2:101:Infinity:undefined:undefined:undefined:undefined":3,"s:90:2:101:Infinity":11,"s:91:21:98:6":12,"b:100:4:101:Infinity:undefined:undefined:undefined:undefined":4,"s:100:4:101:Infinity":13,"s:101:6:101:Infinity":14,"s:105:2:118:Infinity":15,"b:112:33:112:57:112:60:112:Infinity":5,"f:121:22:121:37":4,"s:122:19:125:4":16,"b:127:2:128:Infinity:undefined:undefined:undefined:undefined":6,"s:127:2:128:Infinity":17,"s:128:4:128:Infinity":18,"s:131:2:137:Infinity":19,"f:140:15:140:32":5,"s:141:15:144:4":20,"b:146:2:147:Infinity:undefined:undefined:undefined:undefined":7,"s:146:2:147:Infinity":21,"s:147:4:147:Infinity":22}}}
,"C:\\DataPerso\\Zythonomie\\Zythonomie\\backend\\tests\\helpers\\factories.ts": {"path":"C:\\DataPerso\\Zythonomie\\Zythonomie\\backend\\tests\\helpers\\factories.ts","statementMap":{"0":{"start":{"line":4,"column":15},"end":{"line":4,"column":null}},"1":{"start":{"line":6,"column":2},"end":{"line":6,"column":null}},"2":{"start":{"line":12,"column":13},"end":{"line":12,"column":18}},"3":{"start":{"line":13,"column":2},"end":{"line":23,"column":null}},"4":{"start":{"line":29,"column":13},"end":{"line":29,"column":18}},"5":{"start":{"line":30,"column":2},"end":{"line":37,"column":null}},"6":{"start":{"line":43,"column":13},"end":{"line":43,"column":18}},"7":{"start":{"line":44,"column":2},"end":{"line":49,"column":null}},"8":{"start":{"line":55,"column":13},"end":{"line":55,"column":18}},"9":{"start":{"line":56,"column":2},"end":{"line":65,"column":null}},"10":{"start":{"line":71,"column":13},"end":{"line":71,"column":18}},"11":{"start":{"line":72,"column":2},"end":{"line":77,"column":null}},"12":{"start":{"line":83,"column":13},"end":{"line":83,"column":18}},"13":{"start":{"line":84,"column":2},"end":{"line":89,"column":null}},"14":{"start":{"line":109,"column":15},"end":{"line":109,"column":50}},"15":{"start":{"line":110,"column":52},"end":{"line":110,"column":54}},"16":{"start":{"line":112,"column":2},"end":{"line":133,"column":null}},"17":{"start":{"line":113,"column":21},"end":{"line":119,"column":6}},"18":{"start":{"line":121,"column":58},"end":{"line":121,"column":60}},"19":{"start":{"line":122,"column":4},"end":{"line":130,"column":null}},"20":{"start":{"line":122,"column":20},"end":{"line":122,"column":23}},"21":{"start":{"line":123,"column":21},"end":{"line":129,"column":8}},"22":{"start":{"line":130,"column":6},"end":{"line":130,"column":null}},"23":{"start":{"line":133,"column":4},"end":{"line":133,"column":null}},"24":{"start":{"line":136,"column":2},"end":{"line":136,"column":null}}},"fnMap":{"0":{"name":"uid","decl":{"start":{"line":5,"column":9},"end":{"line":5,"column":23}},"loc":{"start":{"line":5,"column":23},"end":{"line":6,"column":null}},"line":5},"1":{"name":"createTestUser","decl":{"start":{"line":11,"column":22},"end":{"line":11,"column":37}},"loc":{"start":{"line":11,"column":74},"end":{"line":23,"column":null}},"line":11},"2":{"name":"createTestBrewery","decl":{"start":{"line":28,"column":22},"end":{"line":28,"column":40}},"loc":{"start":{"line":28,"column":77},"end":{"line":37,"column":null}},"line":28},"3":{"name":"createTestCategory","decl":{"start":{"line":42,"column":22},"end":{"line":42,"column":41}},"loc":{"start":{"line":42,"column":78},"end":{"line":49,"column":null}},"line":42},"4":{"name":"createTestBeer","decl":{"start":{"line":54,"column":22},"end":{"line":54,"column":37}},"loc":{"start":{"line":54,"column":74},"end":{"line":65,"column":null}},"line":54},"5":{"name":"createTestCriterion","decl":{"start":{"line":70,"column":22},"end":{"line":70,"column":42}},"loc":{"start":{"line":70,"column":79},"end":{"line":77,"column":null}},"line":70},"6":{"name":"createTestQuiz","decl":{"start":{"line":82,"column":22},"end":{"line":82,"column":37}},"loc":{"start":{"line":82,"column":74},"end":{"line":89,"column":null}},"line":82},"7":{"name":"createTestQuizWithQuestions","decl":{"start":{"line":105,"column":22},"end":{"line":105,"column":null}},"loc":{"start":{"line":108,"column":30},"end":{"line":136,"column":null}},"line":108}},"branchMap":{"0":{"loc":{"start":{"line":11,"column":37},"end":{"line":11,"column":72}},"type":"default-arg","locations":[{"start":{"line":11,"column":70},"end":{"line":11,"column":72}}],"line":11},"1":{"loc":{"start":{"line":15,"column":12},"end":{"line":15,"column":null}},"type":"binary-expr","locations":[{"start":{"line":15,"column":12},"end":{"line":15,"column":30}},{"start":{"line":15,"column":30},"end":{"line":15,"column":null}}],"line":15},"2":{"loc":{"start":{"line":16,"column":17},"end":{"line":16,"column":null}},"type":"binary-expr","locations":[{"start":{"line":16,"column":17},"end":{"line":16,"column":40}},{"start":{"line":16,"column":40},"end":{"line":16,"column":null}}],"line":16},"3":{"loc":{"start":{"line":17,"column":12},"end":{"line":17,"column":null}},"type":"binary-expr","locations":[{"start":{"line":17,"column":12},"end":{"line":17,"column":30}},{"start":{"line":17,"column":30},"end":{"line":17,"column":null}}],"line":17},"4":{"loc":{"start":{"line":18,"column":16},"end":{"line":18,"column":null}},"type":"binary-expr","locations":[{"start":{"line":18,"column":16},"end":{"line":18,"column":38}},{"start":{"line":18,"column":38},"end":{"line":18,"column":null}}],"line":18},"5":{"loc":{"start":{"line":19,"column":16},"end":{"line":19,"column":60}},"type":"binary-expr","locations":[{"start":{"line":19,"column":16},"end":{"line":19,"column":38}},{"start":{"line":19,"column":38},"end":{"line":19,"column":60}}],"line":19},"6":{"loc":{"start":{"line":20,"column":14},"end":{"line":20,"column":null}},"type":"binary-expr","locations":[{"start":{"line":20,"column":14},"end":{"line":20,"column":34}},{"start":{"line":20,"column":34},"end":{"line":20,"column":null}}],"line":20},"7":{"loc":{"start":{"line":21,"column":12},"end":{"line":21,"column":null}},"type":"binary-expr","locations":[{"start":{"line":21,"column":12},"end":{"line":21,"column":30}},{"start":{"line":21,"column":30},"end":{"line":21,"column":null}}],"line":21},"8":{"loc":{"start":{"line":28,"column":40},"end":{"line":28,"column":75}},"type":"default-arg","locations":[{"start":{"line":28,"column":73},"end":{"line":28,"column":75}}],"line":28},"9":{"loc":{"start":{"line":32,"column":12},"end":{"line":32,"column":null}},"type":"binary-expr","locations":[{"start":{"line":32,"column":12},"end":{"line":32,"column":30}},{"start":{"line":32,"column":30},"end":{"line":32,"column":null}}],"line":32},"10":{"loc":{"start":{"line":33,"column":19},"end":{"line":33,"column":null}},"type":"binary-expr","locations":[{"start":{"line":33,"column":19},"end":{"line":33,"column":44}},{"start":{"line":33,"column":44},"end":{"line":33,"column":null}}],"line":33},"11":{"loc":{"start":{"line":34,"column":13},"end":{"line":34,"column":null}},"type":"binary-expr","locations":[{"start":{"line":34,"column":13},"end":{"line":34,"column":32}},{"start":{"line":34,"column":32},"end":{"line":34,"column":null}}],"line":34},"12":{"loc":{"start":{"line":35,"column":19},"end":{"line":35,"column":null}},"type":"binary-expr","locations":[{"start":{"line":35,"column":19},"end":{"line":35,"column":44}},{"start":{"line":35,"column":44},"end":{"line":35,"column":null}}],"line":35},"13":{"loc":{"start":{"line":42,"column":41},"end":{"line":42,"column":76}},"type":"default-arg","locations":[{"start":{"line":42,"column":74},"end":{"line":42,"column":76}}],"line":42},"14":{"loc":{"start":{"line":46,"column":12},"end":{"line":46,"column":null}},"type":"binary-expr","locations":[{"start":{"line":46,"column":12},"end":{"line":46,"column":30}},{"start":{"line":46,"column":30},"end":{"line":46,"column":null}}],"line":46},"15":{"loc":{"start":{"line":47,"column":19},"end":{"line":47,"column":null}},"type":"binary-expr","locations":[{"start":{"line":47,"column":19},"end":{"line":47,"column":44}},{"start":{"line":47,"column":44},"end":{"line":47,"column":null}}],"line":47},"16":{"loc":{"start":{"line":54,"column":37},"end":{"line":54,"column":72}},"type":"default-arg","locations":[{"start":{"line":54,"column":70},"end":{"line":54,"column":72}}],"line":54},"17":{"loc":{"start":{"line":58,"column":12},"end":{"line":58,"column":null}},"type":"binary-expr","locations":[{"start":{"line":58,"column":12},"end":{"line":58,"column":30}},{"start":{"line":58,"column":30},"end":{"line":58,"column":null}}],"line":58},"18":{"loc":{"start":{"line":59,"column":19},"end":{"line":59,"column":null}},"type":"binary-expr","locations":[{"start":{"line":59,"column":19},"end":{"line":59,"column":44}},{"start":{"line":59,"column":44},"end":{"line":59,"column":null}}],"line":59},"19":{"loc":{"start":{"line":60,"column":14},"end":{"line":60,"column":null}},"type":"binary-expr","locations":[{"start":{"line":60,"column":14},"end":{"line":60,"column":34}},{"start":{"line":60,"column":34},"end":{"line":60,"column":null}}],"line":60},"20":{"loc":{"start":{"line":61,"column":25},"end":{"line":61,"column":82}},"type":"binary-expr","locations":[{"start":{"line":61,"column":25},"end":{"line":61,"column":56}},{"start":{"line":61,"column":56},"end":{"line":61,"column":82}}],"line":61},"21":{"loc":{"start":{"line":62,"column":11},"end":{"line":62,"column":null}},"type":"binary-expr","locations":[{"start":{"line":62,"column":11},"end":{"line":62,"column":28}},{"start":{"line":62,"column":28},"end":{"line":62,"column":null}}],"line":62},"22":{"loc":{"start":{"line":63,"column":13},"end":{"line":63,"column":null}},"type":"binary-expr","locations":[{"start":{"line":63,"column":13},"end":{"line":63,"column":32}},{"start":{"line":63,"column":32},"end":{"line":63,"column":null}}],"line":63},"23":{"loc":{"start":{"line":70,"column":42},"end":{"line":70,"column":77}},"type":"default-arg","locations":[{"start":{"line":70,"column":75},"end":{"line":70,"column":77}}],"line":70},"24":{"loc":{"start":{"line":74,"column":12},"end":{"line":74,"column":null}},"type":"binary-expr","locations":[{"start":{"line":74,"column":12},"end":{"line":74,"column":30}},{"start":{"line":74,"column":30},"end":{"line":74,"column":null}}],"line":74},"25":{"loc":{"start":{"line":75,"column":19},"end":{"line":75,"column":null}},"type":"binary-expr","locations":[{"start":{"line":75,"column":19},"end":{"line":75,"column":44}},{"start":{"line":75,"column":44},"end":{"line":75,"column":null}}],"line":75},"26":{"loc":{"start":{"line":82,"column":37},"end":{"line":82,"column":72}},"type":"default-arg","locations":[{"start":{"line":82,"column":70},"end":{"line":82,"column":72}}],"line":82},"27":{"loc":{"start":{"line":86,"column":12},"end":{"line":86,"column":null}},"type":"binary-expr","locations":[{"start":{"line":86,"column":12},"end":{"line":86,"column":30}},{"start":{"line":86,"column":30},"end":{"line":86,"column":null}}],"line":86},"28":{"loc":{"start":{"line":87,"column":19},"end":{"line":87,"column":null}},"type":"binary-expr","locations":[{"start":{"line":87,"column":19},"end":{"line":87,"column":44}},{"start":{"line":87,"column":44},"end":{"line":87,"column":null}}],"line":87},"29":{"loc":{"start":{"line":107,"column":2},"end":{"line":107,"column":41}},"type":"default-arg","locations":[{"start":{"line":107,"column":39},"end":{"line":107,"column":41}}],"line":107}},"s":{"0":11,"1":141,"2":40,"3":40,"4":5,"5":5,"6":2,"7":2,"8":43,"9":43,"10":40,"11":40,"12":11,"13":11,"14":10,"15":10,"16":10,"17":12,"18":12,"19":12,"20":12,"21":60,"22":60,"23":12,"24":10},"f":{"0":141,"1":40,"2":5,"3":2,"4":43,"5":40,"6":11,"7":10},"b":{"0":[40],"1":[40,39],"2":[40,40],"3":[40,39],"4":[40,40],"5":[40,40],"6":[40,40],"7":[40,40],"8":[5],"9":[5,5],"10":[5,5],"11":[5,5],"12":[5,5],"13":[2],"14":[2,2],"15":[2,2],"16":[43],"17":[43,34],"18":[43,43],"19":[43,39],"20":[43,43],"21":[43,43],"22":[43,43],"23":[40],"24":[40,39],"25":[40,40],"26":[11],"27":[11,11],"28":[11,11],"29":[10]},"meta":{"lastBranch":30,"lastFunction":8,"lastStatement":25,"seen":{"s:4:15:4:Infinity":0,"f:5:9:5:23":0,"s:6:2:6:Infinity":1,"f:11:22:11:37":1,"b:11:70:11:72":0,"s:12:13:12:18":2,"s:13:2:23:Infinity":3,"b:15:12:15:30:15:30:15:Infinity":1,"b:16:17:16:40:16:40:16:Infinity":2,"b:17:12:17:30:17:30:17:Infinity":3,"b:18:16:18:38:18:38:18:Infinity":4,"b:19:16:19:38:19:38:19:60":5,"b:20:14:20:34:20:34:20:Infinity":6,"b:21:12:21:30:21:30:21:Infinity":7,"f:28:22:28:40":2,"b:28:73:28:75":8,"s:29:13:29:18":4,"s:30:2:37:Infinity":5,"b:32:12:32:30:32:30:32:Infinity":9,"b:33:19:33:44:33:44:33:Infinity":10,"b:34:13:34:32:34:32:34:Infinity":11,"b:35:19:35:44:35:44:35:Infinity":12,"f:42:22:42:41":3,"b:42:74:42:76":13,"s:43:13:43:18":6,"s:44:2:49:Infinity":7,"b:46:12:46:30:46:30:46:Infinity":14,"b:47:19:47:44:47:44:47:Infinity":15,"f:54:22:54:37":4,"b:54:70:54:72":16,"s:55:13:55:18":8,"s:56:2:65:Infinity":9,"b:58:12:58:30:58:30:58:Infinity":17,"b:59:19:59:44:59:44:59:Infinity":18,"b:60:14:60:34:60:34:60:Infinity":19,"b:61:25:61:56:61:56:61:82":20,"b:62:11:62:28:62:28:62:Infinity":21,"b:63:13:63:32:63:32:63:Infinity":22,"f:70:22:70:42":5,"b:70:75:70:77":23,"s:71:13:71:18":10,"s:72:2:77:Infinity":11,"b:74:12:74:30:74:30:74:Infinity":24,"b:75:19:75:44:75:44:75:Infinity":25,"f:82:22:82:37":6,"b:82:70:82:72":26,"s:83:13:83:18":12,"s:84:2:89:Infinity":13,"b:86:12:86:30:86:30:86:Infinity":27,"b:87:19:87:44:87:44:87:Infinity":28,"f:105:22:105:Infinity":7,"b:107:39:107:41":29,"s:109:15:109:50":14,"s:110:52:110:54":15,"s:112:2:133:Infinity":16,"s:113:21:119:6":17,"s:121:58:121:60":18,"s:122:4:130:Infinity":19,"s:122:20:122:23":20,"s:123:21:129:8":21,"s:130:6:130:Infinity":22,"s:133:4:133:Infinity":23,"s:136:2:136:Infinity":24}}}
,"C:\\DataPerso\\Zythonomie\\Zythonomie\\backend\\tests\\helpers\\with-transaction.ts": {"path":"C:\\DataPerso\\Zythonomie\\Zythonomie\\backend\\tests\\helpers\\with-transaction.ts","statementMap":{"0":{"start":{"line":5,"column":4},"end":{"line":5,"column":null}},"1":{"start":{"line":6,"column":4},"end":{"line":6,"column":null}},"2":{"start":{"line":16,"column":2},"end":{"line":31,"column":null}},"3":{"start":{"line":17,"column":4},"end":{"line":28,"column":null}},"4":{"start":{"line":19,"column":8},"end":{"line":19,"column":null}},"5":{"start":{"line":20,"column":8},"end":{"line":23,"column":null}},"6":{"start":{"line":21,"column":10},"end":{"line":21,"column":null}},"7":{"start":{"line":23,"column":10},"end":{"line":23,"column":null}},"8":{"start":{"line":25,"column":8},"end":{"line":25,"column":null}},"9":{"start":{"line":30,"column":4},"end":{"line":30,"column":null}},"10":{"start":{"line":30,"column":40},"end":{"line":30,"column":null}},"11":{"start":{"line":31,"column":4},"end":{"line":31,"column":null}}},"fnMap":{"0":{"name":"(anonymous_0)","decl":{"start":{"line":4,"column":2},"end":{"line":4,"column":16}},"loc":{"start":{"line":4,"column":16},"end":{"line":6,"column":null}},"line":4},"1":{"name":"withTestTransaction","decl":{"start":{"line":15,"column":22},"end":{"line":15,"column":42}},"loc":{"start":{"line":15,"column":82},"end":{"line":31,"column":null}},"line":15},"2":{"name":"(anonymous_2)","decl":{"start":{"line":18,"column":6},"end":{"line":18,"column":13}},"loc":{"start":{"line":18,"column":20},"end":{"line":27,"column":8}},"line":18}},"branchMap":{"0":{"loc":{"start":{"line":30,"column":4},"end":{"line":30,"column":null}},"type":"if","locations":[{"start":{"line":30,"column":4},"end":{"line":30,"column":null}},{"start":{},"end":{}}],"line":30}},"s":{"0":80,"1":80,"2":80,"3":80,"4":80,"5":80,"6":80,"7":80,"8":80,"9":80,"10":80,"11":0},"f":{"0":80,"1":80,"2":80},"b":{"0":[80,0]},"meta":{"lastBranch":1,"lastFunction":3,"lastStatement":12,"seen":{"f:4:2:4:16":0,"s:5:4:5:Infinity":0,"s:6:4:6:Infinity":1,"f:15:22:15:42":1,"s:16:2:31:Infinity":2,"s:17:4:28:Infinity":3,"f:18:6:18:13":2,"s:19:8:19:Infinity":4,"s:20:8:23:Infinity":5,"s:21:10:21:Infinity":6,"s:23:10:23:Infinity":7,"s:25:8:25:Infinity":8,"b:30:4:30:Infinity:undefined:undefined:undefined:undefined":0,"s:30:4:30:Infinity":9,"s:30:40:30:Infinity":10,"s:31:4:31:Infinity":11}}}
}
