{"C:\\DataPerso\\Zythonomie\\Zythonomie\\backend\\src\\app.ts": {"path":"C:\\DataPerso\\Zythonomie\\Zythonomie\\backend\\src\\app.ts","statementMap":{"0":{"start":{"line":25,"column":0},"end":{"line":25,"column":null}},"1":{"start":{"line":27,"column":6},"end":{"line":27,"column":21}},"2":{"start":{"line":30,"column":0},"end":{"line":30,"column":null}},"3":{"start":{"line":31,"column":0},"end":{"line":31,"column":null}},"4":{"start":{"line":34,"column":0},"end":{"line":34,"column":null}},"5":{"start":{"line":37,"column":0},"end":{"line":37,"column":null}},"6":{"start":{"line":38,"column":0},"end":{"line":38,"column":null}},"7":{"start":{"line":41,"column":0},"end":{"line":41,"column":null}},"8":{"start":{"line":42,"column":0},"end":{"line":42,"column":null}},"9":{"start":{"line":43,"column":0},"end":{"line":43,"column":null}},"10":{"start":{"line":44,"column":0},"end":{"line":44,"column":null}},"11":{"start":{"line":45,"column":0},"end":{"line":45,"column":null}},"12":{"start":{"line":46,"column":0},"end":{"line":46,"column":null}},"13":{"start":{"line":47,"column":0},"end":{"line":47,"column":null}},"14":{"start":{"line":48,"column":0},"end":{"line":48,"column":null}},"15":{"start":{"line":49,"column":0},"end":{"line":49,"column":null}},"16":{"start":{"line":50,"column":0},"end":{"line":50,"column":null}},"17":{"start":{"line":51,"column":0},"end":{"line":51,"column":null}},"18":{"start":{"line":52,"column":0},"end":{"line":52,"column":null}},"19":{"start":{"line":53,"column":0},"end":{"line":53,"column":null}},"20":{"start":{"line":54,"column":0},"end":{"line":54,"column":null}},"21":{"start":{"line":55,"column":0},"end":{"line":55,"column":null}},"22":{"start":{"line":56,"column":0},"end":{"line":56,"column":null}},"23":{"start":{"line":58,"column":0},"end":{"line":58,"column":null}},"24":{"start":{"line":59,"column":0},"end":{"line":59,"column":null}}},"fnMap":{},"branchMap":{"0":{"loc":{"start":{"line":31,"column":8},"end":{"line":31,"column":74}},"type":"cond-expr","locations":[{"start":{"line":31,"column":55},"end":{"line":31,"column":68}},{"start":{"line":31,"column":68},"end":{"line":31,"column":74}}],"line":31}},"s":{"0":16,"1":16,"2":16,"3":16,"4":16,"5":16,"6":16,"7":16,"8":16,"9":16,"10":16,"11":16,"12":16,"13":16,"14":16,"15":16,"16":16,"17":16,"18":16,"19":16,"20":16,"21":16,"22":16,"23":16,"24":16},"f":{},"b":{"0":[0,16]},"meta":{"lastBranch":1,"lastFunction":0,"lastStatement":25,"seen":{"s:25:0:25:Infinity":0,"s:27:6:27:21":1,"s:30:0:30:Infinity":2,"s:31:0:31:Infinity":3,"b:31:55:31:68:31:68:31:74":0,"s:34:0:34:Infinity":4,"s:37:0:37:Infinity":5,"s:38:0:38:Infinity":6,"s:41:0:41:Infinity":7,"s:42:0:42:Infinity":8,"s:43:0:43:Infinity":9,"s:44:0:44:Infinity":10,"s:45:0:45:Infinity":11,"s:46:0:46:Infinity":12,"s:47:0:47:Infinity":13,"s:48:0:48:Infinity":14,"s:49:0:49:Infinity":15,"s:50:0:50:Infinity":16,"s:51:0:51:Infinity":17,"s:52:0:52:Infinity":18,"s:53:0:53:Infinity":19,"s:54:0:54:Infinity":20,"s:55:0:55:Infinity":21,"s:56:0:56:Infinity":22,"s:58:0:58:Infinity":23,"s:59:0:59:Infinity":24}}}
,"C:\\DataPerso\\Zythonomie\\Zythonomie\\backend\\src\\controllers\\auth.controller.ts": {"path":"C:\\DataPerso\\Zythonomie\\Zythonomie\\backend\\src\\controllers\\auth.controller.ts","statementMap":{"0":{"start":{"line":6,"column":17},"end":{"line":6,"column":53}},"1":{"start":{"line":7,"column":2},"end":{"line":7,"column":null}},"2":{"start":{"line":11,"column":17},"end":{"line":11,"column":50}},"3":{"start":{"line":12,"column":2},"end":{"line":12,"column":null}},"4":{"start":{"line":16,"column":27},"end":{"line":16,"column":null}},"5":{"start":{"line":17,"column":17},"end":{"line":17,"column":56}},"6":{"start":{"line":18,"column":2},"end":{"line":18,"column":null}},"7":{"start":{"line":22,"column":17},"end":{"line":22,"column":null}},"8":{"start":{"line":23,"column":15},"end":{"line":23,"column":46}},"9":{"start":{"line":24,"column":2},"end":{"line":24,"column":null}},"10":{"start":{"line":28,"column":27},"end":{"line":28,"column":null}},"11":{"start":{"line":29,"column":2},"end":{"line":29,"column":null}},"12":{"start":{"line":30,"column":2},"end":{"line":30,"column":null}}},"fnMap":{"0":{"name":"registerHandler","decl":{"start":{"line":5,"column":22},"end":{"line":5,"column":38}},"loc":{"start":{"line":5,"column":82},"end":{"line":7,"column":null}},"line":5},"1":{"name":"loginHandler","decl":{"start":{"line":10,"column":22},"end":{"line":10,"column":35}},"loc":{"start":{"line":10,"column":79},"end":{"line":12,"column":null}},"line":10},"2":{"name":"refreshHandler","decl":{"start":{"line":15,"column":22},"end":{"line":15,"column":37}},"loc":{"start":{"line":15,"column":81},"end":{"line":18,"column":null}},"line":15},"3":{"name":"getMeHandler","decl":{"start":{"line":21,"column":22},"end":{"line":21,"column":35}},"loc":{"start":{"line":21,"column":79},"end":{"line":24,"column":null}},"line":21},"4":{"name":"logoutHandler","decl":{"start":{"line":27,"column":22},"end":{"line":27,"column":36}},"loc":{"start":{"line":27,"column":80},"end":{"line":30,"column":null}},"line":27}},"branchMap":{},"s":{"0":29,"1":28,"2":8,"3":5,"4":5,"5":5,"6":2,"7":22,"8":22,"9":22,"10":3,"11":3,"12":3},"f":{"0":29,"1":8,"2":5,"3":22,"4":3},"b":{},"meta":{"lastBranch":0,"lastFunction":5,"lastStatement":13,"seen":{"f:5:22:5:38":0,"s:6:17:6:53":0,"s:7:2:7:Infinity":1,"f:10:22:10:35":1,"s:11:17:11:50":2,"s:12:2:12:Infinity":3,"f:15:22:15:37":2,"s:16:27:16:Infinity":4,"s:17:17:17:56":5,"s:18:2:18:Infinity":6,"f:21:22:21:35":3,"s:22:17:22:Infinity":7,"s:23:15:23:46":8,"s:24:2:24:Infinity":9,"f:27:22:27:36":4,"s:28:27:28:Infinity":10,"s:29:2:29:Infinity":11,"s:30:2:30:Infinity":12}}}
,"C:\\DataPerso\\Zythonomie\\Zythonomie\\backend\\src\\controllers\\beer-criteria.controller.ts": {"path":"C:\\DataPerso\\Zythonomie\\Zythonomie\\backend\\src\\controllers\\beer-criteria.controller.ts","statementMap":{"0":{"start":{"line":11,"column":18},"end":{"line":11,"column":44}},"1":{"start":{"line":12,"column":18},"end":{"line":12,"column":51}},"2":{"start":{"line":13,"column":2},"end":{"line":13,"column":null}},"3":{"start":{"line":17,"column":18},"end":{"line":17,"column":44}},"4":{"start":{"line":18,"column":23},"end":{"line":18,"column":54}},"5":{"start":{"line":19,"column":16},"end":{"line":19,"column":66}},"6":{"start":{"line":20,"column":2},"end":{"line":20,"column":null}},"7":{"start":{"line":24,"column":18},"end":{"line":24,"column":44}},"8":{"start":{"line":25,"column":23},"end":{"line":25,"column":54}},"9":{"start":{"line":26,"column":16},"end":{"line":26,"column":90}},"10":{"start":{"line":27,"column":2},"end":{"line":27,"column":null}},"11":{"start":{"line":31,"column":18},"end":{"line":31,"column":44}},"12":{"start":{"line":32,"column":23},"end":{"line":32,"column":54}},"13":{"start":{"line":33,"column":2},"end":{"line":33,"column":null}},"14":{"start":{"line":34,"column":2},"end":{"line":34,"column":null}}},"fnMap":{"0":{"name":"getBeerCriteria","decl":{"start":{"line":10,"column":22},"end":{"line":10,"column":38}},"loc":{"start":{"line":10,"column":82},"end":{"line":13,"column":null}},"line":10},"1":{"name":"getBeerCriteriaEntry","decl":{"start":{"line":16,"column":22},"end":{"line":16,"column":43}},"loc":{"start":{"line":16,"column":87},"end":{"line":20,"column":null}},"line":16},"2":{"name":"putBeerCriteria","decl":{"start":{"line":23,"column":22},"end":{"line":23,"column":38}},"loc":{"start":{"line":23,"column":82},"end":{"line":27,"column":null}},"line":23},"3":{"name":"deleteBeerCriteriaHandler","decl":{"start":{"line":30,"column":22},"end":{"line":30,"column":48}},"loc":{"start":{"line":30,"column":92},"end":{"line":34,"column":null}},"line":30}},"branchMap":{},"s":{"0":1,"1":1,"2":1,"3":2,"4":2,"5":2,"6":1,"7":5,"8":5,"9":5,"10":5,"11":1,"12":1,"13":1,"14":1},"f":{"0":1,"1":2,"2":5,"3":1},"b":{},"meta":{"lastBranch":0,"lastFunction":4,"lastStatement":15,"seen":{"f:10:22:10:38":0,"s:11:18:11:44":0,"s:12:18:12:51":1,"s:13:2:13:Infinity":2,"f:16:22:16:43":1,"s:17:18:17:44":3,"s:18:23:18:54":4,"s:19:16:19:66":5,"s:20:2:20:Infinity":6,"f:23:22:23:38":2,"s:24:18:24:44":7,"s:25:23:25:54":8,"s:26:16:26:90":9,"s:27:2:27:Infinity":10,"f:30:22:30:48":3,"s:31:18:31:44":11,"s:32:23:32:54":12,"s:33:2:33:Infinity":13,"s:34:2:34:Infinity":14}}}
,"C:\\DataPerso\\Zythonomie\\Zythonomie\\backend\\src\\controllers\\beer.controller.ts": {"path":"C:\\DataPerso\\Zythonomie\\Zythonomie\\backend\\src\\controllers\\beer.controller.ts","statementMap":{"0":{"start":{"line":17,"column":31},"end":{"line":17,"column":33}},"1":{"start":{"line":19,"column":2},"end":{"line":20,"column":null}},"2":{"start":{"line":20,"column":4},"end":{"line":20,"column":null}},"3":{"start":{"line":22,"column":2},"end":{"line":23,"column":null}},"4":{"start":{"line":23,"column":4},"end":{"line":23,"column":null}},"5":{"start":{"line":25,"column":2},"end":{"line":26,"column":null}},"6":{"start":{"line":26,"column":4},"end":{"line":26,"column":null}},"7":{"start":{"line":29,"column":15},"end":{"line":29,"column":null}},"8":{"start":{"line":30,"column":16},"end":{"line":30,"column":null}},"9":{"start":{"line":32,"column":17},"end":{"line":32,"column":57}},"10":{"start":{"line":33,"column":2},"end":{"line":33,"column":null}},"11":{"start":{"line":37,"column":17},"end":{"line":37,"column":38}},"12":{"start":{"line":38,"column":15},"end":{"line":38,"column":41}},"13":{"start":{"line":39,"column":2},"end":{"line":39,"column":null}},"14":{"start":{"line":43,"column":15},"end":{"line":43,"column":41}},"15":{"start":{"line":44,"column":2},"end":{"line":44,"column":null}},"16":{"start":{"line":48,"column":17},"end":{"line":48,"column":38}},"17":{"start":{"line":49,"column":15},"end":{"line":49,"column":49}},"18":{"start":{"line":50,"column":2},"end":{"line":50,"column":null}},"19":{"start":{"line":54,"column":17},"end":{"line":54,"column":38}},"20":{"start":{"line":55,"column":2},"end":{"line":55,"column":null}},"21":{"start":{"line":56,"column":2},"end":{"line":56,"column":null}},"22":{"start":{"line":62,"column":18},"end":{"line":62,"column":39}},"23":{"start":{"line":63,"column":15},"end":{"line":63,"column":67}},"24":{"start":{"line":64,"column":2},"end":{"line":64,"column":null}},"25":{"start":{"line":68,"column":18},"end":{"line":68,"column":39}},"26":{"start":{"line":69,"column":21},"end":{"line":69,"column":50}},"27":{"start":{"line":70,"column":15},"end":{"line":70,"column":63}},"28":{"start":{"line":71,"column":2},"end":{"line":71,"column":null}},"29":{"start":{"line":75,"column":18},"end":{"line":75,"column":39}},"30":{"start":{"line":76,"column":15},"end":{"line":76,"column":69}},"31":{"start":{"line":77,"column":2},"end":{"line":77,"column":null}},"32":{"start":{"line":81,"column":18},"end":{"line":81,"column":39}},"33":{"start":{"line":82,"column":22},"end":{"line":82,"column":52}},"34":{"start":{"line":83,"column":15},"end":{"line":83,"column":65}},"35":{"start":{"line":84,"column":2},"end":{"line":84,"column":null}}},"fnMap":{"0":{"name":"getBeers","decl":{"start":{"line":16,"column":22},"end":{"line":16,"column":31}},"loc":{"start":{"line":16,"column":75},"end":{"line":33,"column":null}},"line":16},"1":{"name":"getBeerById","decl":{"start":{"line":36,"column":22},"end":{"line":36,"column":34}},"loc":{"start":{"line":36,"column":78},"end":{"line":39,"column":null}},"line":36},"2":{"name":"postBeer","decl":{"start":{"line":42,"column":22},"end":{"line":42,"column":31}},"loc":{"start":{"line":42,"column":75},"end":{"line":44,"column":null}},"line":42},"3":{"name":"putBeer","decl":{"start":{"line":47,"column":22},"end":{"line":47,"column":30}},"loc":{"start":{"line":47,"column":74},"end":{"line":50,"column":null}},"line":47},"4":{"name":"deleteBeer","decl":{"start":{"line":53,"column":22},"end":{"line":53,"column":33}},"loc":{"start":{"line":53,"column":77},"end":{"line":56,"column":null}},"line":53},"5":{"name":"postBeerBrewery","decl":{"start":{"line":61,"column":22},"end":{"line":61,"column":38}},"loc":{"start":{"line":61,"column":82},"end":{"line":64,"column":null}},"line":61},"6":{"name":"deleteBeerBrewery","decl":{"start":{"line":67,"column":22},"end":{"line":67,"column":40}},"loc":{"start":{"line":67,"column":84},"end":{"line":71,"column":null}},"line":67},"7":{"name":"postBeerCategory","decl":{"start":{"line":74,"column":22},"end":{"line":74,"column":39}},"loc":{"start":{"line":74,"column":83},"end":{"line":77,"column":null}},"line":74},"8":{"name":"deleteBeerCategory","decl":{"start":{"line":80,"column":22},"end":{"line":80,"column":41}},"loc":{"start":{"line":80,"column":85},"end":{"line":84,"column":null}},"line":80}},"branchMap":{"0":{"loc":{"start":{"line":19,"column":2},"end":{"line":20,"column":null}},"type":"if","locations":[{"start":{"line":19,"column":2},"end":{"line":20,"column":null}},{"start":{},"end":{}}],"line":19},"1":{"loc":{"start":{"line":22,"column":2},"end":{"line":23,"column":null}},"type":"if","locations":[{"start":{"line":22,"column":2},"end":{"line":23,"column":null}},{"start":{},"end":{}}],"line":22},"2":{"loc":{"start":{"line":25,"column":2},"end":{"line":26,"column":null}},"type":"if","locations":[{"start":{"line":25,"column":2},"end":{"line":26,"column":null}},{"start":{},"end":{}}],"line":25},"3":{"loc":{"start":{"line":29,"column":15},"end":{"line":29,"column":null}},"type":"cond-expr","locations":[{"start":{"line":29,"column":32},"end":{"line":29,"column":54}},{"start":{"line":29,"column":57},"end":{"line":29,"column":null}}],"line":29},"4":{"loc":{"start":{"line":30,"column":16},"end":{"line":30,"column":null}},"type":"cond-expr","locations":[{"start":{"line":30,"column":34},"end":{"line":30,"column":57}},{"start":{"line":30,"column":60},"end":{"line":30,"column":null}}],"line":30}},"s":{"0":6,"1":6,"2":1,"3":6,"4":0,"5":6,"6":0,"7":6,"8":6,"9":6,"10":6,"11":3,"12":3,"13":1,"14":1,"15":1,"16":1,"17":1,"18":1,"19":2,"20":2,"21":2,"22":1,"23":1,"24":1,"25":0,"26":0,"27":0,"28":0,"29":0,"30":0,"31":0,"32":0,"33":0,"34":0,"35":0},"f":{"0":6,"1":3,"2":1,"3":1,"4":2,"5":1,"6":0,"7":0,"8":0},"b":{"0":[1,5],"1":[0,6],"2":[0,6],"3":[3,3],"4":[3,3]},"meta":{"lastBranch":5,"lastFunction":9,"lastStatement":36,"seen":{"f:16:22:16:31":0,"s:17:31:17:33":0,"b:19:2:20:Infinity:undefined:undefined:undefined:undefined":0,"s:19:2:20:Infinity":1,"s:20:4:20:Infinity":2,"b:22:2:23:Infinity:undefined:undefined:undefined:undefined":1,"s:22:2:23:Infinity":3,"s:23:4:23:Infinity":4,"b:25:2:26:Infinity:undefined:undefined:undefined:undefined":2,"s:25:2:26:Infinity":5,"s:26:4:26:Infinity":6,"s:29:15:29:Infinity":7,"b:29:32:29:54:29:57:29:Infinity":3,"s:30:16:30:Infinity":8,"b:30:34:30:57:30:60:30:Infinity":4,"s:32:17:32:57":9,"s:33:2:33:Infinity":10,"f:36:22:36:34":1,"s:37:17:37:38":11,"s:38:15:38:41":12,"s:39:2:39:Infinity":13,"f:42:22:42:31":2,"s:43:15:43:41":14,"s:44:2:44:Infinity":15,"f:47:22:47:30":3,"s:48:17:48:38":16,"s:49:15:49:49":17,"s:50:2:50:Infinity":18,"f:53:22:53:33":4,"s:54:17:54:38":19,"s:55:2:55:Infinity":20,"s:56:2:56:Infinity":21,"f:61:22:61:38":5,"s:62:18:62:39":22,"s:63:15:63:67":23,"s:64:2:64:Infinity":24,"f:67:22:67:40":6,"s:68:18:68:39":25,"s:69:21:69:50":26,"s:70:15:70:63":27,"s:71:2:71:Infinity":28,"f:74:22:74:39":7,"s:75:18:75:39":29,"s:76:15:76:69":30,"s:77:2:77:Infinity":31,"f:80:22:80:41":8,"s:81:18:81:39":32,"s:82:22:82:52":33,"s:83:15:83:65":34,"s:84:2:84:Infinity":35}}}
,"C:\\DataPerso\\Zythonomie\\Zythonomie\\backend\\src\\controllers\\brewery.controller.ts": {"path":"C:\\DataPerso\\Zythonomie\\Zythonomie\\backend\\src\\controllers\\brewery.controller.ts","statementMap":{"0":{"start":{"line":12,"column":15},"end":{"line":12,"column":null}},"1":{"start":{"line":13,"column":16},"end":{"line":13,"column":null}},"2":{"start":{"line":14,"column":17},"end":{"line":14,"column":52}},"3":{"start":{"line":15,"column":2},"end":{"line":15,"column":null}},"4":{"start":{"line":19,"column":20},"end":{"line":19,"column":41}},"5":{"start":{"line":20,"column":18},"end":{"line":20,"column":50}},"6":{"start":{"line":21,"column":2},"end":{"line":21,"column":null}},"7":{"start":{"line":25,"column":18},"end":{"line":25,"column":47}},"8":{"start":{"line":26,"column":2},"end":{"line":26,"column":null}},"9":{"start":{"line":30,"column":20},"end":{"line":30,"column":41}},"10":{"start":{"line":31,"column":18},"end":{"line":31,"column":58}},"11":{"start":{"line":32,"column":2},"end":{"line":32,"column":null}},"12":{"start":{"line":36,"column":20},"end":{"line":36,"column":41}},"13":{"start":{"line":37,"column":2},"end":{"line":37,"column":null}},"14":{"start":{"line":38,"column":2},"end":{"line":38,"column":null}}},"fnMap":{"0":{"name":"getBreweries","decl":{"start":{"line":11,"column":22},"end":{"line":11,"column":35}},"loc":{"start":{"line":11,"column":79},"end":{"line":15,"column":null}},"line":11},"1":{"name":"getBreweryById","decl":{"start":{"line":18,"column":22},"end":{"line":18,"column":37}},"loc":{"start":{"line":18,"column":81},"end":{"line":21,"column":null}},"line":18},"2":{"name":"postBrewery","decl":{"start":{"line":24,"column":22},"end":{"line":24,"column":34}},"loc":{"start":{"line":24,"column":78},"end":{"line":26,"column":null}},"line":24},"3":{"name":"putBrewery","decl":{"start":{"line":29,"column":22},"end":{"line":29,"column":33}},"loc":{"start":{"line":29,"column":77},"end":{"line":32,"column":null}},"line":29},"4":{"name":"deleteBreweryHandler","decl":{"start":{"line":35,"column":22},"end":{"line":35,"column":43}},"loc":{"start":{"line":35,"column":87},"end":{"line":38,"column":null}},"line":35}},"branchMap":{"0":{"loc":{"start":{"line":12,"column":15},"end":{"line":12,"column":null}},"type":"cond-expr","locations":[{"start":{"line":12,"column":32},"end":{"line":12,"column":54}},{"start":{"line":12,"column":57},"end":{"line":12,"column":null}}],"line":12},"1":{"loc":{"start":{"line":13,"column":16},"end":{"line":13,"column":null}},"type":"cond-expr","locations":[{"start":{"line":13,"column":34},"end":{"line":13,"column":57}},{"start":{"line":13,"column":60},"end":{"line":13,"column":null}}],"line":13}},"s":{"0":1,"1":1,"2":1,"3":1,"4":3,"5":3,"6":1,"7":1,"8":1,"9":1,"10":1,"11":1,"12":1,"13":1,"14":1},"f":{"0":1,"1":3,"2":1,"3":1,"4":1},"b":{"0":[0,1],"1":[0,1]},"meta":{"lastBranch":2,"lastFunction":5,"lastStatement":15,"seen":{"f:11:22:11:35":0,"s:12:15:12:Infinity":0,"b:12:32:12:54:12:57:12:Infinity":0,"s:13:16:13:Infinity":1,"b:13:34:13:57:13:60:13:Infinity":1,"s:14:17:14:52":2,"s:15:2:15:Infinity":3,"f:18:22:18:37":1,"s:19:20:19:41":4,"s:20:18:20:50":5,"s:21:2:21:Infinity":6,"f:24:22:24:34":2,"s:25:18:25:47":7,"s:26:2:26:Infinity":8,"f:29:22:29:33":3,"s:30:20:30:41":9,"s:31:18:31:58":10,"s:32:2:32:Infinity":11,"f:35:22:35:43":4,"s:36:20:36:41":12,"s:37:2:37:Infinity":13,"s:38:2:38:Infinity":14}}}
,"C:\\DataPerso\\Zythonomie\\Zythonomie\\backend\\src\\controllers\\category.controller.ts": {"path":"C:\\DataPerso\\Zythonomie\\Zythonomie\\backend\\src\\controllers\\category.controller.ts","statementMap":{"0":{"start":{"line":13,"column":35},"end":{"line":13,"column":37}},"1":{"start":{"line":15,"column":2},"end":{"line":19,"column":null}},"2":{"start":{"line":16,"column":4},"end":{"line":19,"column":null}},"3":{"start":{"line":17,"column":6},"end":{"line":17,"column":null}},"4":{"start":{"line":19,"column":6},"end":{"line":19,"column":null}},"5":{"start":{"line":23,"column":15},"end":{"line":23,"column":null}},"6":{"start":{"line":24,"column":16},"end":{"line":24,"column":null}},"7":{"start":{"line":26,"column":17},"end":{"line":26,"column":62}},"8":{"start":{"line":27,"column":2},"end":{"line":27,"column":null}},"9":{"start":{"line":31,"column":21},"end":{"line":31,"column":42}},"10":{"start":{"line":32,"column":19},"end":{"line":32,"column":53}},"11":{"start":{"line":33,"column":2},"end":{"line":33,"column":null}},"12":{"start":{"line":37,"column":19},"end":{"line":37,"column":49}},"13":{"start":{"line":38,"column":2},"end":{"line":38,"column":null}},"14":{"start":{"line":42,"column":21},"end":{"line":42,"column":42}},"15":{"start":{"line":43,"column":19},"end":{"line":43,"column":61}},"16":{"start":{"line":44,"column":2},"end":{"line":44,"column":null}},"17":{"start":{"line":48,"column":21},"end":{"line":48,"column":42}},"18":{"start":{"line":49,"column":2},"end":{"line":49,"column":null}},"19":{"start":{"line":50,"column":2},"end":{"line":50,"column":null}}},"fnMap":{"0":{"name":"getCategories","decl":{"start":{"line":12,"column":22},"end":{"line":12,"column":36}},"loc":{"start":{"line":12,"column":80},"end":{"line":27,"column":null}},"line":12},"1":{"name":"getCategoryById","decl":{"start":{"line":30,"column":22},"end":{"line":30,"column":38}},"loc":{"start":{"line":30,"column":82},"end":{"line":33,"column":null}},"line":30},"2":{"name":"postCategory","decl":{"start":{"line":36,"column":22},"end":{"line":36,"column":35}},"loc":{"start":{"line":36,"column":79},"end":{"line":38,"column":null}},"line":36},"3":{"name":"putCategory","decl":{"start":{"line":41,"column":22},"end":{"line":41,"column":34}},"loc":{"start":{"line":41,"column":78},"end":{"line":44,"column":null}},"line":41},"4":{"name":"deleteCategoryHandler","decl":{"start":{"line":47,"column":22},"end":{"line":47,"column":44}},"loc":{"start":{"line":47,"column":88},"end":{"line":50,"column":null}},"line":47}},"branchMap":{"0":{"loc":{"start":{"line":15,"column":2},"end":{"line":19,"column":null}},"type":"if","locations":[{"start":{"line":15,"column":2},"end":{"line":19,"column":null}},{"start":{},"end":{}}],"line":15},"1":{"loc":{"start":{"line":16,"column":4},"end":{"line":19,"column":null}},"type":"if","locations":[{"start":{"line":16,"column":4},"end":{"line":19,"column":null}},{"start":{"line":18,"column":11},"end":{"line":19,"column":null}}],"line":16},"2":{"loc":{"start":{"line":23,"column":15},"end":{"line":23,"column":null}},"type":"cond-expr","locations":[{"start":{"line":23,"column":32},"end":{"line":23,"column":54}},{"start":{"line":23,"column":57},"end":{"line":23,"column":null}}],"line":23},"3":{"loc":{"start":{"line":24,"column":16},"end":{"line":24,"column":null}},"type":"cond-expr","locations":[{"start":{"line":24,"column":34},"end":{"line":24,"column":57}},{"start":{"line":24,"column":60},"end":{"line":24,"column":null}}],"line":24}},"s":{"0":1,"1":1,"2":0,"3":0,"4":0,"5":1,"6":1,"7":1,"8":1,"9":3,"10":3,"11":1,"12":2,"13":2,"14":1,"15":1,"16":1,"17":1,"18":1,"19":1},"f":{"0":1,"1":3,"2":2,"3":1,"4":1},"b":{"0":[0,1],"1":[0,0],"2":[0,1],"3":[0,1]},"meta":{"lastBranch":4,"lastFunction":5,"lastStatement":20,"seen":{"f:12:22:12:36":0,"s:13:35:13:37":0,"b:15:2:19:Infinity:undefined:undefined:undefined:undefined":0,"s:15:2:19:Infinity":1,"b:16:4:19:Infinity:18:11:19:Infinity":1,"s:16:4:19:Infinity":2,"s:17:6:17:Infinity":3,"s:19:6:19:Infinity":4,"s:23:15:23:Infinity":5,"b:23:32:23:54:23:57:23:Infinity":2,"s:24:16:24:Infinity":6,"b:24:34:24:57:24:60:24:Infinity":3,"s:26:17:26:62":7,"s:27:2:27:Infinity":8,"f:30:22:30:38":1,"s:31:21:31:42":9,"s:32:19:32:53":10,"s:33:2:33:Infinity":11,"f:36:22:36:35":2,"s:37:19:37:49":12,"s:38:2:38:Infinity":13,"f:41:22:41:34":3,"s:42:21:42:42":14,"s:43:19:43:61":15,"s:44:2:44:Infinity":16,"f:47:22:47:44":4,"s:48:21:48:42":17,"s:49:2:49:Infinity":18,"s:50:2:50:Infinity":19}}}
,"C:\\DataPerso\\Zythonomie\\Zythonomie\\backend\\src\\controllers\\criterion.controller.ts": {"path":"C:\\DataPerso\\Zythonomie\\Zythonomie\\backend\\src\\controllers\\criterion.controller.ts","statementMap":{"0":{"start":{"line":12,"column":19},"end":{"line":12,"column":42}},"1":{"start":{"line":13,"column":2},"end":{"line":13,"column":null}},"2":{"start":{"line":17,"column":13},"end":{"line":17,"column":34}},"3":{"start":{"line":18,"column":20},"end":{"line":18,"column":47}},"4":{"start":{"line":19,"column":2},"end":{"line":19,"column":null}},"5":{"start":{"line":23,"column":20},"end":{"line":23,"column":51}},"6":{"start":{"line":24,"column":2},"end":{"line":24,"column":null}},"7":{"start":{"line":28,"column":13},"end":{"line":28,"column":34}},"8":{"start":{"line":29,"column":20},"end":{"line":29,"column":55}},"9":{"start":{"line":30,"column":2},"end":{"line":30,"column":null}},"10":{"start":{"line":34,"column":13},"end":{"line":34,"column":34}},"11":{"start":{"line":35,"column":2},"end":{"line":35,"column":null}},"12":{"start":{"line":36,"column":2},"end":{"line":36,"column":null}}},"fnMap":{"0":{"name":"getCriteria","decl":{"start":{"line":11,"column":22},"end":{"line":11,"column":34}},"loc":{"start":{"line":11,"column":79},"end":{"line":13,"column":null}},"line":11},"1":{"name":"getCriterionById","decl":{"start":{"line":16,"column":22},"end":{"line":16,"column":39}},"loc":{"start":{"line":16,"column":83},"end":{"line":19,"column":null}},"line":16},"2":{"name":"postCriterion","decl":{"start":{"line":22,"column":22},"end":{"line":22,"column":36}},"loc":{"start":{"line":22,"column":80},"end":{"line":24,"column":null}},"line":22},"3":{"name":"patchCriterion","decl":{"start":{"line":27,"column":22},"end":{"line":27,"column":37}},"loc":{"start":{"line":27,"column":81},"end":{"line":30,"column":null}},"line":27},"4":{"name":"deleteCriterionHandler","decl":{"start":{"line":33,"column":22},"end":{"line":33,"column":45}},"loc":{"start":{"line":33,"column":89},"end":{"line":36,"column":null}},"line":33}},"branchMap":{},"s":{"0":1,"1":1,"2":3,"3":3,"4":1,"5":1,"6":1,"7":1,"8":1,"9":1,"10":1,"11":1,"12":1},"f":{"0":1,"1":3,"2":1,"3":1,"4":1},"b":{},"meta":{"lastBranch":0,"lastFunction":5,"lastStatement":13,"seen":{"f:11:22:11:34":0,"s:12:19:12:42":0,"s:13:2:13:Infinity":1,"f:16:22:16:39":1,"s:17:13:17:34":2,"s:18:20:18:47":3,"s:19:2:19:Infinity":4,"f:22:22:22:36":2,"s:23:20:23:51":5,"s:24:2:24:Infinity":6,"f:27:22:27:37":3,"s:28:13:28:34":7,"s:29:20:29:55":8,"s:30:2:30:Infinity":9,"f:33:22:33:45":4,"s:34:13:34:34":10,"s:35:2:35:Infinity":11,"s:36:2:36:Infinity":12}}}
,"C:\\DataPerso\\Zythonomie\\Zythonomie\\backend\\src\\controllers\\pairing.controller.ts": {"path":"C:\\DataPerso\\Zythonomie\\Zythonomie\\backend\\src\\controllers\\pairing.controller.ts","statementMap":{"0":{"start":{"line":14,"column":15},"end":{"line":14,"column":null}},"1":{"start":{"line":15,"column":16},"end":{"line":15,"column":null}},"2":{"start":{"line":16,"column":17},"end":{"line":16,"column":51}},"3":{"start":{"line":17,"column":2},"end":{"line":17,"column":null}},"4":{"start":{"line":21,"column":20},"end":{"line":21,"column":41}},"5":{"start":{"line":22,"column":18},"end":{"line":22,"column":50}},"6":{"start":{"line":23,"column":2},"end":{"line":23,"column":null}},"7":{"start":{"line":27,"column":18},"end":{"line":27,"column":47}},"8":{"start":{"line":28,"column":2},"end":{"line":28,"column":null}},"9":{"start":{"line":32,"column":20},"end":{"line":32,"column":41}},"10":{"start":{"line":33,"column":18},"end":{"line":33,"column":58}},"11":{"start":{"line":34,"column":2},"end":{"line":34,"column":null}},"12":{"start":{"line":38,"column":20},"end":{"line":38,"column":41}},"13":{"start":{"line":39,"column":2},"end":{"line":39,"column":null}},"14":{"start":{"line":40,"column":2},"end":{"line":40,"column":null}},"15":{"start":{"line":46,"column":21},"end":{"line":46,"column":42}},"16":{"start":{"line":47,"column":18},"end":{"line":47,"column":78}},"17":{"start":{"line":48,"column":2},"end":{"line":48,"column":null}},"18":{"start":{"line":52,"column":21},"end":{"line":52,"column":42}},"19":{"start":{"line":53,"column":22},"end":{"line":53,"column":52}},"20":{"start":{"line":54,"column":18},"end":{"line":54,"column":74}},"21":{"start":{"line":55,"column":2},"end":{"line":55,"column":null}}},"fnMap":{"0":{"name":"getPairings","decl":{"start":{"line":13,"column":22},"end":{"line":13,"column":34}},"loc":{"start":{"line":13,"column":78},"end":{"line":17,"column":null}},"line":13},"1":{"name":"getPairingById","decl":{"start":{"line":20,"column":22},"end":{"line":20,"column":37}},"loc":{"start":{"line":20,"column":81},"end":{"line":23,"column":null}},"line":20},"2":{"name":"postPairing","decl":{"start":{"line":26,"column":22},"end":{"line":26,"column":34}},"loc":{"start":{"line":26,"column":78},"end":{"line":28,"column":null}},"line":26},"3":{"name":"putPairing","decl":{"start":{"line":31,"column":22},"end":{"line":31,"column":33}},"loc":{"start":{"line":31,"column":77},"end":{"line":34,"column":null}},"line":31},"4":{"name":"deletePairingHandler","decl":{"start":{"line":37,"column":22},"end":{"line":37,"column":43}},"loc":{"start":{"line":37,"column":87},"end":{"line":40,"column":null}},"line":37},"5":{"name":"postPairingCategory","decl":{"start":{"line":45,"column":22},"end":{"line":45,"column":42}},"loc":{"start":{"line":45,"column":86},"end":{"line":48,"column":null}},"line":45},"6":{"name":"deletePairingCategory","decl":{"start":{"line":51,"column":22},"end":{"line":51,"column":44}},"loc":{"start":{"line":51,"column":88},"end":{"line":55,"column":null}},"line":51}},"branchMap":{"0":{"loc":{"start":{"line":14,"column":15},"end":{"line":14,"column":null}},"type":"cond-expr","locations":[{"start":{"line":14,"column":32},"end":{"line":14,"column":54}},{"start":{"line":14,"column":57},"end":{"line":14,"column":null}}],"line":14},"1":{"loc":{"start":{"line":15,"column":16},"end":{"line":15,"column":null}},"type":"cond-expr","locations":[{"start":{"line":15,"column":34},"end":{"line":15,"column":57}},{"start":{"line":15,"column":60},"end":{"line":15,"column":null}}],"line":15}},"s":{"0":1,"1":1,"2":1,"3":1,"4":3,"5":3,"6":1,"7":2,"8":2,"9":1,"10":1,"11":1,"12":1,"13":1,"14":1,"15":0,"16":0,"17":0,"18":0,"19":0,"20":0,"21":0},"f":{"0":1,"1":3,"2":2,"3":1,"4":1,"5":0,"6":0},"b":{"0":[0,1],"1":[0,1]},"meta":{"lastBranch":2,"lastFunction":7,"lastStatement":22,"seen":{"f:13:22:13:34":0,"s:14:15:14:Infinity":0,"b:14:32:14:54:14:57:14:Infinity":0,"s:15:16:15:Infinity":1,"b:15:34:15:57:15:60:15:Infinity":1,"s:16:17:16:51":2,"s:17:2:17:Infinity":3,"f:20:22:20:37":1,"s:21:20:21:41":4,"s:22:18:22:50":5,"s:23:2:23:Infinity":6,"f:26:22:26:34":2,"s:27:18:27:47":7,"s:28:2:28:Infinity":8,"f:31:22:31:33":3,"s:32:20:32:41":9,"s:33:18:33:58":10,"s:34:2:34:Infinity":11,"f:37:22:37:43":4,"s:38:20:38:41":12,"s:39:2:39:Infinity":13,"s:40:2:40:Infinity":14,"f:45:22:45:42":5,"s:46:21:46:42":15,"s:47:18:47:78":16,"s:48:2:48:Infinity":17,"f:51:22:51:44":6,"s:52:21:52:42":18,"s:53:22:53:52":19,"s:54:18:54:74":20,"s:55:2:55:Infinity":21}}}
,"C:\\DataPerso\\Zythonomie\\Zythonomie\\backend\\src\\controllers\\question-choice.controller.ts": {"path":"C:\\DataPerso\\Zythonomie\\Zythonomie\\backend\\src\\controllers\\question-choice.controller.ts","statementMap":{"0":{"start":{"line":12,"column":28},"end":{"line":12,"column":64}},"1":{"start":{"line":13,"column":15},"end":{"line":13,"column":null}},"2":{"start":{"line":14,"column":16},"end":{"line":14,"column":null}},"3":{"start":{"line":15,"column":17},"end":{"line":15,"column":76}},"4":{"start":{"line":16,"column":2},"end":{"line":16,"column":null}},"5":{"start":{"line":20,"column":13},"end":{"line":20,"column":34}},"6":{"start":{"line":21,"column":17},"end":{"line":21,"column":49}},"7":{"start":{"line":22,"column":2},"end":{"line":22,"column":null}},"8":{"start":{"line":26,"column":17},"end":{"line":26,"column":53}},"9":{"start":{"line":27,"column":2},"end":{"line":27,"column":null}},"10":{"start":{"line":31,"column":13},"end":{"line":31,"column":34}},"11":{"start":{"line":32,"column":17},"end":{"line":32,"column":57}},"12":{"start":{"line":33,"column":2},"end":{"line":33,"column":null}},"13":{"start":{"line":37,"column":13},"end":{"line":37,"column":34}},"14":{"start":{"line":38,"column":2},"end":{"line":38,"column":null}},"15":{"start":{"line":39,"column":2},"end":{"line":39,"column":null}}},"fnMap":{"0":{"name":"getChoicesByQuestion","decl":{"start":{"line":11,"column":22},"end":{"line":11,"column":43}},"loc":{"start":{"line":11,"column":87},"end":{"line":16,"column":null}},"line":11},"1":{"name":"getQuestionChoiceById","decl":{"start":{"line":19,"column":22},"end":{"line":19,"column":44}},"loc":{"start":{"line":19,"column":88},"end":{"line":22,"column":null}},"line":19},"2":{"name":"postQuestionChoice","decl":{"start":{"line":25,"column":22},"end":{"line":25,"column":41}},"loc":{"start":{"line":25,"column":85},"end":{"line":27,"column":null}},"line":25},"3":{"name":"patchQuestionChoice","decl":{"start":{"line":30,"column":22},"end":{"line":30,"column":42}},"loc":{"start":{"line":30,"column":86},"end":{"line":33,"column":null}},"line":30},"4":{"name":"deleteQuestionChoiceHandler","decl":{"start":{"line":36,"column":22},"end":{"line":36,"column":50}},"loc":{"start":{"line":36,"column":94},"end":{"line":39,"column":null}},"line":36}},"branchMap":{"0":{"loc":{"start":{"line":13,"column":15},"end":{"line":13,"column":null}},"type":"cond-expr","locations":[{"start":{"line":13,"column":32},"end":{"line":13,"column":54}},{"start":{"line":13,"column":57},"end":{"line":13,"column":null}}],"line":13},"1":{"loc":{"start":{"line":14,"column":16},"end":{"line":14,"column":null}},"type":"cond-expr","locations":[{"start":{"line":14,"column":34},"end":{"line":14,"column":57}},{"start":{"line":14,"column":60},"end":{"line":14,"column":null}}],"line":14}},"s":{"0":1,"1":1,"2":1,"3":1,"4":1,"5":3,"6":3,"7":1,"8":1,"9":1,"10":1,"11":1,"12":1,"13":1,"14":1,"15":1},"f":{"0":1,"1":3,"2":1,"3":1,"4":1},"b":{"0":[0,1],"1":[0,1]},"meta":{"lastBranch":2,"lastFunction":5,"lastStatement":16,"seen":{"f:11:22:11:43":0,"s:12:28:12:64":0,"s:13:15:13:Infinity":1,"b:13:32:13:54:13:57:13:Infinity":0,"s:14:16:14:Infinity":2,"b:14:34:14:57:14:60:14:Infinity":1,"s:15:17:15:76":3,"s:16:2:16:Infinity":4,"f:19:22:19:44":1,"s:20:13:20:34":5,"s:21:17:21:49":6,"s:22:2:22:Infinity":7,"f:25:22:25:41":2,"s:26:17:26:53":8,"s:27:2:27:Infinity":9,"f:30:22:30:42":3,"s:31:13:31:34":10,"s:32:17:32:57":11,"s:33:2:33:Infinity":12,"f:36:22:36:50":4,"s:37:13:37:34":13,"s:38:2:38:Infinity":14,"s:39:2:39:Infinity":15}}}
,"C:\\DataPerso\\Zythonomie\\Zythonomie\\backend\\src\\controllers\\quiz.controller.ts": {"path":"C:\\DataPerso\\Zythonomie\\Zythonomie\\backend\\src\\controllers\\quiz.controller.ts","statementMap":{"0":{"start":{"line":6,"column":18},"end":{"line":6,"column":40}},"1":{"start":{"line":7,"column":2},"end":{"line":7,"column":null}},"2":{"start":{"line":11,"column":17},"end":{"line":11,"column":38}},"3":{"start":{"line":12,"column":15},"end":{"line":12,"column":41}},"4":{"start":{"line":13,"column":2},"end":{"line":13,"column":null}},"5":{"start":{"line":17,"column":15},"end":{"line":17,"column":41}},"6":{"start":{"line":18,"column":2},"end":{"line":18,"column":null}}},"fnMap":{"0":{"name":"getQuizzes","decl":{"start":{"line":5,"column":22},"end":{"line":5,"column":33}},"loc":{"start":{"line":5,"column":78},"end":{"line":7,"column":null}},"line":5},"1":{"name":"getQuizById","decl":{"start":{"line":10,"column":22},"end":{"line":10,"column":34}},"loc":{"start":{"line":10,"column":78},"end":{"line":13,"column":null}},"line":10},"2":{"name":"postQuiz","decl":{"start":{"line":16,"column":22},"end":{"line":16,"column":31}},"loc":{"start":{"line":16,"column":75},"end":{"line":18,"column":null}},"line":16}},"branchMap":{},"s":{"0":1,"1":1,"2":2,"3":2,"4":1,"5":2,"6":1},"f":{"0":1,"1":2,"2":2},"b":{},"meta":{"lastBranch":0,"lastFunction":3,"lastStatement":7,"seen":{"f:5:22:5:33":0,"s:6:18:6:40":0,"s:7:2:7:Infinity":1,"f:10:22:10:34":1,"s:11:17:11:38":2,"s:12:15:12:41":3,"s:13:2:13:Infinity":4,"f:16:22:16:31":2,"s:17:15:17:41":5,"s:18:2:18:Infinity":6}}}
,"C:\\DataPerso\\Zythonomie\\Zythonomie\\backend\\src\\controllers\\quizz-question.controller.ts": {"path":"C:\\DataPerso\\Zythonomie\\Zythonomie\\backend\\src\\controllers\\quizz-question.controller.ts","statementMap":{"0":{"start":{"line":12,"column":19},"end":{"line":12,"column":46}},"1":{"start":{"line":13,"column":20},"end":{"line":13,"column":56}},"2":{"start":{"line":14,"column":2},"end":{"line":14,"column":null}},"3":{"start":{"line":18,"column":13},"end":{"line":18,"column":34}},"4":{"start":{"line":19,"column":19},"end":{"line":19,"column":50}},"5":{"start":{"line":20,"column":2},"end":{"line":20,"column":null}},"6":{"start":{"line":24,"column":19},"end":{"line":24,"column":54}},"7":{"start":{"line":25,"column":2},"end":{"line":25,"column":null}},"8":{"start":{"line":29,"column":13},"end":{"line":29,"column":34}},"9":{"start":{"line":30,"column":19},"end":{"line":30,"column":58}},"10":{"start":{"line":31,"column":2},"end":{"line":31,"column":null}},"11":{"start":{"line":35,"column":13},"end":{"line":35,"column":34}},"12":{"start":{"line":36,"column":2},"end":{"line":36,"column":null}},"13":{"start":{"line":37,"column":2},"end":{"line":37,"column":null}}},"fnMap":{"0":{"name":"getQuestionsByQuizz","decl":{"start":{"line":11,"column":22},"end":{"line":11,"column":42}},"loc":{"start":{"line":11,"column":86},"end":{"line":14,"column":null}},"line":11},"1":{"name":"getQuizzQuestionById","decl":{"start":{"line":17,"column":22},"end":{"line":17,"column":43}},"loc":{"start":{"line":17,"column":87},"end":{"line":20,"column":null}},"line":17},"2":{"name":"postQuizzQuestion","decl":{"start":{"line":23,"column":22},"end":{"line":23,"column":40}},"loc":{"start":{"line":23,"column":84},"end":{"line":25,"column":null}},"line":23},"3":{"name":"patchQuizzQuestion","decl":{"start":{"line":28,"column":22},"end":{"line":28,"column":41}},"loc":{"start":{"line":28,"column":85},"end":{"line":31,"column":null}},"line":28},"4":{"name":"deleteQuizzQuestionHandler","decl":{"start":{"line":34,"column":22},"end":{"line":34,"column":49}},"loc":{"start":{"line":34,"column":93},"end":{"line":37,"column":null}},"line":34}},"branchMap":{},"s":{"0":1,"1":1,"2":1,"3":2,"4":2,"5":1,"6":1,"7":1,"8":1,"9":1,"10":1,"11":0,"12":0,"13":0},"f":{"0":1,"1":2,"2":1,"3":1,"4":0},"b":{},"meta":{"lastBranch":0,"lastFunction":5,"lastStatement":14,"seen":{"f:11:22:11:42":0,"s:12:19:12:46":0,"s:13:20:13:56":1,"s:14:2:14:Infinity":2,"f:17:22:17:43":1,"s:18:13:18:34":3,"s:19:19:19:50":4,"s:20:2:20:Infinity":5,"f:23:22:23:40":2,"s:24:19:24:54":6,"s:25:2:25:Infinity":7,"f:28:22:28:41":3,"s:29:13:29:34":8,"s:30:19:30:58":9,"s:31:2:31:Infinity":10,"f:34:22:34:49":4,"s:35:13:35:34":11,"s:36:2:36:Infinity":12,"s:37:2:37:Infinity":13}}}
,"C:\\DataPerso\\Zythonomie\\Zythonomie\\backend\\src\\controllers\\quizz-session.controller.ts": {"path":"C:\\DataPerso\\Zythonomie\\Zythonomie\\backend\\src\\controllers\\quizz-session.controller.ts","statementMap":{"0":{"start":{"line":12,"column":15},"end":{"line":12,"column":null}},"1":{"start":{"line":13,"column":16},"end":{"line":13,"column":null}},"2":{"start":{"line":14,"column":17},"end":{"line":14,"column":51}},"3":{"start":{"line":15,"column":2},"end":{"line":15,"column":null}},"4":{"start":{"line":19,"column":32},"end":{"line":19,"column":null}},"5":{"start":{"line":20,"column":17},"end":{"line":20,"column":54}},"6":{"start":{"line":21,"column":2},"end":{"line":21,"column":null}},"7":{"start":{"line":25,"column":20},"end":{"line":25,"column":41}},"8":{"start":{"line":26,"column":17},"end":{"line":26,"column":52}},"9":{"start":{"line":27,"column":2},"end":{"line":27,"column":null}},"10":{"start":{"line":31,"column":20},"end":{"line":31,"column":41}},"11":{"start":{"line":32,"column":33},"end":{"line":32,"column":null}},"12":{"start":{"line":33,"column":17},"end":{"line":33,"column":68}},"13":{"start":{"line":34,"column":2},"end":{"line":34,"column":null}},"14":{"start":{"line":38,"column":20},"end":{"line":38,"column":41}},"15":{"start":{"line":39,"column":17},"end":{"line":39,"column":49}},"16":{"start":{"line":40,"column":2},"end":{"line":40,"column":null}}},"fnMap":{"0":{"name":"getSessions","decl":{"start":{"line":11,"column":22},"end":{"line":11,"column":34}},"loc":{"start":{"line":11,"column":78},"end":{"line":15,"column":null}},"line":11},"1":{"name":"postStartSession","decl":{"start":{"line":18,"column":22},"end":{"line":18,"column":39}},"loc":{"start":{"line":18,"column":83},"end":{"line":21,"column":null}},"line":18},"2":{"name":"getSessionById","decl":{"start":{"line":24,"column":22},"end":{"line":24,"column":37}},"loc":{"start":{"line":24,"column":81},"end":{"line":27,"column":null}},"line":24},"3":{"name":"postSessionAnswer","decl":{"start":{"line":30,"column":22},"end":{"line":30,"column":40}},"loc":{"start":{"line":30,"column":84},"end":{"line":34,"column":null}},"line":30},"4":{"name":"putCompleteSession","decl":{"start":{"line":37,"column":22},"end":{"line":37,"column":41}},"loc":{"start":{"line":37,"column":85},"end":{"line":40,"column":null}},"line":37}},"branchMap":{"0":{"loc":{"start":{"line":12,"column":15},"end":{"line":12,"column":null}},"type":"cond-expr","locations":[{"start":{"line":12,"column":32},"end":{"line":12,"column":54}},{"start":{"line":12,"column":57},"end":{"line":12,"column":null}}],"line":12},"1":{"loc":{"start":{"line":13,"column":16},"end":{"line":13,"column":null}},"type":"cond-expr","locations":[{"start":{"line":13,"column":34},"end":{"line":13,"column":57}},{"start":{"line":13,"column":60},"end":{"line":13,"column":null}}],"line":13}},"s":{"0":1,"1":1,"2":1,"3":1,"4":2,"5":2,"6":1,"7":0,"8":0,"9":0,"10":2,"11":2,"12":2,"13":2,"14":1,"15":1,"16":1},"f":{"0":1,"1":2,"2":0,"3":2,"4":1},"b":{"0":[1,0],"1":[1,0]},"meta":{"lastBranch":2,"lastFunction":5,"lastStatement":17,"seen":{"f:11:22:11:34":0,"s:12:15:12:Infinity":0,"b:12:32:12:54:12:57:12:Infinity":0,"s:13:16:13:Infinity":1,"b:13:34:13:57:13:60:13:Infinity":1,"s:14:17:14:51":2,"s:15:2:15:Infinity":3,"f:18:22:18:39":1,"s:19:32:19:Infinity":4,"s:20:17:20:54":5,"s:21:2:21:Infinity":6,"f:24:22:24:37":2,"s:25:20:25:41":7,"s:26:17:26:52":8,"s:27:2:27:Infinity":9,"f:30:22:30:40":3,"s:31:20:31:41":10,"s:32:33:32:Infinity":11,"s:33:17:33:68":12,"s:34:2:34:Infinity":13,"f:37:22:37:41":4,"s:38:20:38:41":14,"s:39:17:39:49":15,"s:40:2:40:Infinity":16}}}
,"C:\\DataPerso\\Zythonomie\\Zythonomie\\backend\\src\\controllers\\rating.controller.ts": {"path":"C:\\DataPerso\\Zythonomie\\Zythonomie\\backend\\src\\controllers\\rating.controller.ts","statementMap":{"0":{"start":{"line":12,"column":17},"end":{"line":12,"column":42}},"1":{"start":{"line":13,"column":15},"end":{"line":13,"column":null}},"2":{"start":{"line":14,"column":16},"end":{"line":14,"column":null}},"3":{"start":{"line":15,"column":17},"end":{"line":15,"column":61}},"4":{"start":{"line":16,"column":2},"end":{"line":16,"column":null}},"5":{"start":{"line":20,"column":17},"end":{"line":20,"column":42}},"6":{"start":{"line":21,"column":15},"end":{"line":21,"column":null}},"7":{"start":{"line":22,"column":16},"end":{"line":22,"column":null}},"8":{"start":{"line":23,"column":17},"end":{"line":23,"column":61}},"9":{"start":{"line":24,"column":2},"end":{"line":24,"column":null}},"10":{"start":{"line":28,"column":17},"end":{"line":28,"column":45}},"11":{"start":{"line":29,"column":2},"end":{"line":29,"column":null}},"12":{"start":{"line":33,"column":19},"end":{"line":33,"column":40}},"13":{"start":{"line":34,"column":17},"end":{"line":34,"column":65}},"14":{"start":{"line":35,"column":2},"end":{"line":35,"column":null}},"15":{"start":{"line":39,"column":19},"end":{"line":39,"column":40}},"16":{"start":{"line":40,"column":2},"end":{"line":40,"column":null}},"17":{"start":{"line":41,"column":2},"end":{"line":41,"column":null}}},"fnMap":{"0":{"name":"getRatingsByBeer","decl":{"start":{"line":11,"column":22},"end":{"line":11,"column":39}},"loc":{"start":{"line":11,"column":83},"end":{"line":16,"column":null}},"line":11},"1":{"name":"getRatingsByUser","decl":{"start":{"line":19,"column":22},"end":{"line":19,"column":39}},"loc":{"start":{"line":19,"column":83},"end":{"line":24,"column":null}},"line":19},"2":{"name":"postRating","decl":{"start":{"line":27,"column":22},"end":{"line":27,"column":33}},"loc":{"start":{"line":27,"column":77},"end":{"line":29,"column":null}},"line":27},"3":{"name":"putRating","decl":{"start":{"line":32,"column":22},"end":{"line":32,"column":32}},"loc":{"start":{"line":32,"column":76},"end":{"line":35,"column":null}},"line":32},"4":{"name":"deleteRating","decl":{"start":{"line":38,"column":22},"end":{"line":38,"column":35}},"loc":{"start":{"line":38,"column":79},"end":{"line":41,"column":null}},"line":38}},"branchMap":{"0":{"loc":{"start":{"line":13,"column":15},"end":{"line":13,"column":null}},"type":"cond-expr","locations":[{"start":{"line":13,"column":32},"end":{"line":13,"column":54}},{"start":{"line":13,"column":57},"end":{"line":13,"column":null}}],"line":13},"1":{"loc":{"start":{"line":14,"column":16},"end":{"line":14,"column":null}},"type":"cond-expr","locations":[{"start":{"line":14,"column":34},"end":{"line":14,"column":57}},{"start":{"line":14,"column":60},"end":{"line":14,"column":null}}],"line":14},"2":{"loc":{"start":{"line":21,"column":15},"end":{"line":21,"column":null}},"type":"cond-expr","locations":[{"start":{"line":21,"column":32},"end":{"line":21,"column":54}},{"start":{"line":21,"column":57},"end":{"line":21,"column":null}}],"line":21},"3":{"loc":{"start":{"line":22,"column":16},"end":{"line":22,"column":null}},"type":"cond-expr","locations":[{"start":{"line":22,"column":34},"end":{"line":22,"column":57}},{"start":{"line":22,"column":60},"end":{"line":22,"column":null}}],"line":22}},"s":{"0":2,"1":2,"2":2,"3":2,"4":2,"5":1,"6":1,"7":1,"8":1,"9":1,"10":8,"11":7,"12":1,"13":1,"14":1,"15":2,"16":2,"17":1},"f":{"0":2,"1":1,"2":8,"3":1,"4":2},"b":{"0":[0,2],"1":[0,2],"2":[0,1],"3":[0,1]},"meta":{"lastBranch":4,"lastFunction":5,"lastStatement":18,"seen":{"f:11:22:11:39":0,"s:12:17:12:42":0,"s:13:15:13:Infinity":1,"b:13:32:13:54:13:57:13:Infinity":0,"s:14:16:14:Infinity":2,"b:14:34:14:57:14:60:14:Infinity":1,"s:15:17:15:61":3,"s:16:2:16:Infinity":4,"f:19:22:19:39":1,"s:20:17:20:42":5,"s:21:15:21:Infinity":6,"b:21:32:21:54:21:57:21:Infinity":2,"s:22:16:22:Infinity":7,"b:22:34:22:57:22:60:22:Infinity":3,"s:23:17:23:61":8,"s:24:2:24:Infinity":9,"f:27:22:27:33":2,"s:28:17:28:45":10,"s:29:2:29:Infinity":11,"f:32:22:32:32":3,"s:33:19:33:40":12,"s:34:17:34:65":13,"s:35:2:35:Infinity":14,"f:38:22:38:35":4,"s:39:19:39:40":15,"s:40:2:40:Infinity":16,"s:41:2:41:Infinity":17}}}
,"C:\\DataPerso\\Zythonomie\\Zythonomie\\backend\\src\\controllers\\recommendation.controller.ts": {"path":"C:\\DataPerso\\Zythonomie\\Zythonomie\\backend\\src\\controllers\\recommendation.controller.ts","statementMap":{"0":{"start":{"line":6,"column":17},"end":{"line":6,"column":42}},"1":{"start":{"line":7,"column":15},"end":{"line":7,"column":null}},"2":{"start":{"line":8,"column":16},"end":{"line":8,"column":null}},"3":{"start":{"line":9,"column":17},"end":{"line":9,"column":69}},"4":{"start":{"line":10,"column":2},"end":{"line":10,"column":null}},"5":{"start":{"line":14,"column":17},"end":{"line":14,"column":42}},"6":{"start":{"line":15,"column":15},"end":{"line":15,"column":null}},"7":{"start":{"line":16,"column":16},"end":{"line":16,"column":null}},"8":{"start":{"line":17,"column":17},"end":{"line":17,"column":73}},"9":{"start":{"line":18,"column":2},"end":{"line":18,"column":null}}},"fnMap":{"0":{"name":"getRecommendations","decl":{"start":{"line":5,"column":22},"end":{"line":5,"column":41}},"loc":{"start":{"line":5,"column":85},"end":{"line":10,"column":null}},"line":5},"1":{"name":"postRefreshRecommendations","decl":{"start":{"line":13,"column":22},"end":{"line":13,"column":49}},"loc":{"start":{"line":13,"column":93},"end":{"line":18,"column":null}},"line":13}},"branchMap":{"0":{"loc":{"start":{"line":7,"column":15},"end":{"line":7,"column":null}},"type":"cond-expr","locations":[{"start":{"line":7,"column":32},"end":{"line":7,"column":54}},{"start":{"line":7,"column":57},"end":{"line":7,"column":null}}],"line":7},"1":{"loc":{"start":{"line":8,"column":16},"end":{"line":8,"column":null}},"type":"cond-expr","locations":[{"start":{"line":8,"column":34},"end":{"line":8,"column":57}},{"start":{"line":8,"column":60},"end":{"line":8,"column":null}}],"line":8},"2":{"loc":{"start":{"line":15,"column":15},"end":{"line":15,"column":null}},"type":"cond-expr","locations":[{"start":{"line":15,"column":32},"end":{"line":15,"column":54}},{"start":{"line":15,"column":57},"end":{"line":15,"column":null}}],"line":15},"3":{"loc":{"start":{"line":16,"column":16},"end":{"line":16,"column":null}},"type":"cond-expr","locations":[{"start":{"line":16,"column":34},"end":{"line":16,"column":57}},{"start":{"line":16,"column":60},"end":{"line":16,"column":null}}],"line":16}},"s":{"0":4,"1":4,"2":4,"3":4,"4":4,"5":2,"6":2,"7":2,"8":2,"9":1},"f":{"0":4,"1":2},"b":{"0":[0,4],"1":[0,4],"2":[0,2],"3":[0,2]},"meta":{"lastBranch":4,"lastFunction":2,"lastStatement":10,"seen":{"f:5:22:5:41":0,"s:6:17:6:42":0,"s:7:15:7:Infinity":1,"b:7:32:7:54:7:57:7:Infinity":0,"s:8:16:8:Infinity":2,"b:8:34:8:57:8:60:8:Infinity":1,"s:9:17:9:69":3,"s:10:2:10:Infinity":4,"f:13:22:13:49":1,"s:14:17:14:42":5,"s:15:15:15:Infinity":6,"b:15:32:15:54:15:57:15:Infinity":2,"s:16:16:16:Infinity":7,"b:16:34:16:57:16:60:16:Infinity":3,"s:17:17:17:73":8,"s:18:2:18:Infinity":9}}}
,"C:\\DataPerso\\Zythonomie\\Zythonomie\\backend\\src\\controllers\\user-criteria.controller.ts": {"path":"C:\\DataPerso\\Zythonomie\\Zythonomie\\backend\\src\\controllers\\user-criteria.controller.ts","statementMap":{"0":{"start":{"line":11,"column":18},"end":{"line":11,"column":44}},"1":{"start":{"line":12,"column":18},"end":{"line":12,"column":51}},"2":{"start":{"line":13,"column":2},"end":{"line":13,"column":null}},"3":{"start":{"line":17,"column":18},"end":{"line":17,"column":44}},"4":{"start":{"line":18,"column":23},"end":{"line":18,"column":54}},"5":{"start":{"line":19,"column":16},"end":{"line":19,"column":66}},"6":{"start":{"line":20,"column":2},"end":{"line":20,"column":null}},"7":{"start":{"line":24,"column":18},"end":{"line":24,"column":44}},"8":{"start":{"line":25,"column":23},"end":{"line":25,"column":54}},"9":{"start":{"line":26,"column":16},"end":{"line":26,"column":90}},"10":{"start":{"line":27,"column":2},"end":{"line":27,"column":null}},"11":{"start":{"line":31,"column":18},"end":{"line":31,"column":44}},"12":{"start":{"line":32,"column":23},"end":{"line":32,"column":54}},"13":{"start":{"line":33,"column":2},"end":{"line":33,"column":null}},"14":{"start":{"line":34,"column":2},"end":{"line":34,"column":null}}},"fnMap":{"0":{"name":"getUserCriteria","decl":{"start":{"line":10,"column":22},"end":{"line":10,"column":38}},"loc":{"start":{"line":10,"column":82},"end":{"line":13,"column":null}},"line":10},"1":{"name":"getUserCriteriaEntry","decl":{"start":{"line":16,"column":22},"end":{"line":16,"column":43}},"loc":{"start":{"line":16,"column":87},"end":{"line":20,"column":null}},"line":16},"2":{"name":"putUserCriteria","decl":{"start":{"line":23,"column":22},"end":{"line":23,"column":38}},"loc":{"start":{"line":23,"column":82},"end":{"line":27,"column":null}},"line":23},"3":{"name":"deleteUserCriteriaHandler","decl":{"start":{"line":30,"column":22},"end":{"line":30,"column":48}},"loc":{"start":{"line":30,"column":92},"end":{"line":34,"column":null}},"line":30}},"branchMap":{},"s":{"0":2,"1":2,"2":2,"3":2,"4":2,"5":2,"6":1,"7":6,"8":6,"9":6,"10":6,"11":1,"12":1,"13":1,"14":1},"f":{"0":2,"1":2,"2":6,"3":1},"b":{},"meta":{"lastBranch":0,"lastFunction":4,"lastStatement":15,"seen":{"f:10:22:10:38":0,"s:11:18:11:44":0,"s:12:18:12:51":1,"s:13:2:13:Infinity":2,"f:16:22:16:43":1,"s:17:18:17:44":3,"s:18:23:18:54":4,"s:19:16:19:66":5,"s:20:2:20:Infinity":6,"f:23:22:23:38":2,"s:24:18:24:44":7,"s:25:23:25:54":8,"s:26:16:26:90":9,"s:27:2:27:Infinity":10,"f:30:22:30:48":3,"s:31:18:31:44":11,"s:32:23:32:54":12,"s:33:2:33:Infinity":13,"s:34:2:34:Infinity":14}}}
,"C:\\DataPerso\\Zythonomie\\Zythonomie\\backend\\src\\controllers\\user.controller.ts": {"path":"C:\\DataPerso\\Zythonomie\\Zythonomie\\backend\\src\\controllers\\user.controller.ts","statementMap":{"0":{"start":{"line":6,"column":15},"end":{"line":6,"column":null}},"1":{"start":{"line":7,"column":16},"end":{"line":7,"column":null}},"2":{"start":{"line":8,"column":17},"end":{"line":8,"column":48}},"3":{"start":{"line":9,"column":2},"end":{"line":9,"column":null}},"4":{"start":{"line":13,"column":17},"end":{"line":13,"column":38}},"5":{"start":{"line":14,"column":15},"end":{"line":14,"column":41}},"6":{"start":{"line":15,"column":2},"end":{"line":15,"column":null}},"7":{"start":{"line":19,"column":15},"end":{"line":19,"column":41}},"8":{"start":{"line":20,"column":2},"end":{"line":20,"column":null}},"9":{"start":{"line":24,"column":17},"end":{"line":24,"column":38}},"10":{"start":{"line":25,"column":15},"end":{"line":25,"column":49}},"11":{"start":{"line":26,"column":2},"end":{"line":26,"column":null}},"12":{"start":{"line":30,"column":17},"end":{"line":30,"column":38}},"13":{"start":{"line":31,"column":2},"end":{"line":31,"column":null}},"14":{"start":{"line":32,"column":2},"end":{"line":35,"column":null}}},"fnMap":{"0":{"name":"getUsers","decl":{"start":{"line":5,"column":22},"end":{"line":5,"column":31}},"loc":{"start":{"line":5,"column":75},"end":{"line":9,"column":null}},"line":5},"1":{"name":"getUserById","decl":{"start":{"line":12,"column":22},"end":{"line":12,"column":34}},"loc":{"start":{"line":12,"column":78},"end":{"line":15,"column":null}},"line":12},"2":{"name":"postUser","decl":{"start":{"line":18,"column":22},"end":{"line":18,"column":31}},"loc":{"start":{"line":18,"column":75},"end":{"line":20,"column":null}},"line":18},"3":{"name":"putUser","decl":{"start":{"line":23,"column":22},"end":{"line":23,"column":30}},"loc":{"start":{"line":23,"column":74},"end":{"line":26,"column":null}},"line":23},"4":{"name":"deleteUser","decl":{"start":{"line":29,"column":22},"end":{"line":29,"column":33}},"loc":{"start":{"line":29,"column":77},"end":{"line":35,"column":null}},"line":29}},"branchMap":{"0":{"loc":{"start":{"line":6,"column":15},"end":{"line":6,"column":null}},"type":"cond-expr","locations":[{"start":{"line":6,"column":32},"end":{"line":6,"column":54}},{"start":{"line":6,"column":57},"end":{"line":6,"column":null}}],"line":6},"1":{"loc":{"start":{"line":7,"column":16},"end":{"line":7,"column":null}},"type":"cond-expr","locations":[{"start":{"line":7,"column":34},"end":{"line":7,"column":57}},{"start":{"line":7,"column":60},"end":{"line":7,"column":null}}],"line":7}},"s":{"0":4,"1":4,"2":4,"3":4,"4":2,"5":2,"6":2,"7":1,"8":1,"9":2,"10":2,"11":2,"12":3,"13":3,"14":3},"f":{"0":4,"1":2,"2":1,"3":2,"4":3},"b":{"0":[1,3],"1":[1,3]},"meta":{"lastBranch":2,"lastFunction":5,"lastStatement":15,"seen":{"f:5:22:5:31":0,"s:6:15:6:Infinity":0,"b:6:32:6:54:6:57:6:Infinity":0,"s:7:16:7:Infinity":1,"b:7:34:7:57:7:60:7:Infinity":1,"s:8:17:8:48":2,"s:9:2:9:Infinity":3,"f:12:22:12:34":1,"s:13:17:13:38":4,"s:14:15:14:41":5,"s:15:2:15:Infinity":6,"f:18:22:18:31":2,"s:19:15:19:41":7,"s:20:2:20:Infinity":8,"f:23:22:23:30":3,"s:24:17:24:38":9,"s:25:15:25:49":10,"s:26:2:26:Infinity":11,"f:29:22:29:33":4,"s:30:17:30:38":12,"s:31:2:31:Infinity":13,"s:32:2:35:Infinity":14}}}
,"C:\\DataPerso\\Zythonomie\\Zythonomie\\backend\\src\\lib\\http-error.ts": {"path":"C:\\DataPerso\\Zythonomie\\Zythonomie\\backend\\src\\lib\\http-error.ts","statementMap":{"0":{"start":{"line":7,"column":4},"end":{"line":7,"column":null}},"1":{"start":{"line":8,"column":4},"end":{"line":8,"column":null}},"2":{"start":{"line":9,"column":4},"end":{"line":9,"column":null}},"3":{"start":{"line":10,"column":4},"end":{"line":10,"column":null}}},"fnMap":{"0":{"name":"(anonymous_0)","decl":{"start":{"line":6,"column":2},"end":{"line":6,"column":14}},"loc":{"start":{"line":6,"column":84},"end":{"line":10,"column":null}},"line":6}},"branchMap":{},"s":{"0":141,"1":141,"2":141,"3":141},"f":{"0":141},"b":{},"meta":{"lastBranch":0,"lastFunction":1,"lastStatement":4,"seen":{"f:6:2:6:14":0,"s:7:4:7:Infinity":0,"s:8:4:8:Infinity":1,"s:9:4:9:Infinity":2,"s:10:4:10:Infinity":3}}}
,"C:\\DataPerso\\Zythonomie\\Zythonomie\\backend\\src\\lib\\paginate.ts": {"path":"C:\\DataPerso\\Zythonomie\\Zythonomie\\backend\\src\\lib\\paginate.ts","statementMap":{"0":{"start":{"line":33,"column":8},"end":{"line":33,"column":null}},"1":{"start":{"line":35,"column":24},"end":{"line":38,"column":4}},"2":{"start":{"line":40,"column":2},"end":{"line":48,"column":null}}},"fnMap":{"0":{"name":"paginate","decl":{"start":{"line":19,"column":22},"end":{"line":19,"column":null}},"loc":{"start":{"line":32,"column":31},"end":{"line":48,"column":null}},"line":32}},"branchMap":{"0":{"loc":{"start":{"line":46,"column":18},"end":{"line":46,"column":null}},"type":"cond-expr","locations":[{"start":{"line":46,"column":32},"end":{"line":46,"column":36}},{"start":{"line":46,"column":36},"end":{"line":46,"column":null}}],"line":46}},"s":{"0":44,"1":44,"2":44},"f":{"0":44},"b":{"0":[8,36]},"meta":{"lastBranch":1,"lastFunction":1,"lastStatement":3,"seen":{"f:19:22:19:Infinity":0,"s:33:8:33:Infinity":0,"s:35:24:38:4":1,"s:40:2:48:Infinity":2,"b:46:32:46:36:46:36:46:Infinity":0}}}
,"C:\\DataPerso\\Zythonomie\\Zythonomie\\backend\\src\\lib\\response.ts": {"path":"C:\\DataPerso\\Zythonomie\\Zythonomie\\backend\\src\\lib\\response.ts","statementMap":{"0":{"start":{"line":5,"column":2},"end":{"line":8,"column":null}},"1":{"start":{"line":12,"column":2},"end":{"line":15,"column":null}}},"fnMap":{"0":{"name":"sendSuccess","decl":{"start":{"line":4,"column":16},"end":{"line":4,"column":31}},"loc":{"start":{"line":4,"column":77},"end":{"line":8,"column":null}},"line":4},"1":{"name":"sendError","decl":{"start":{"line":11,"column":16},"end":{"line":11,"column":26}},"loc":{"start":{"line":11,"column":84},"end":{"line":15,"column":null}},"line":11}},"branchMap":{},"s":{"0":158,"1":110},"f":{"0":158,"1":110},"b":{},"meta":{"lastBranch":0,"lastFunction":2,"lastStatement":2,"seen":{"f:4:16:4:31":0,"s:5:2:8:Infinity":0,"f:11:16:11:26":1,"s:12:2:15:Infinity":1}}}
,"C:\\DataPerso\\Zythonomie\\Zythonomie\\backend\\src\\lib\\swagger.ts": {"path":"C:\\DataPerso\\Zythonomie\\Zythonomie\\backend\\src\\lib\\swagger.ts","statementMap":{"0":{"start":{"line":4,"column":6},"end":{"line":186,"column":2}}},"fnMap":{},"branchMap":{},"s":{"0":16},"f":{},"b":{},"meta":{"lastBranch":0,"lastFunction":0,"lastStatement":1,"seen":{"s:4:6:186:2":0}}}
,"C:\\DataPerso\\Zythonomie\\Zythonomie\\backend\\src\\middleware\\authenticate.ts": {"path":"C:\\DataPerso\\Zythonomie\\Zythonomie\\backend\\src\\middleware\\authenticate.ts","statementMap":{"0":{"start":{"line":21,"column":21},"end":{"line":21,"column":null}},"1":{"start":{"line":23,"column":2},"end":{"line":24,"column":null}},"2":{"start":{"line":24,"column":4},"end":{"line":24,"column":null}},"3":{"start":{"line":27,"column":16},"end":{"line":27,"column":35}},"4":{"start":{"line":28,"column":17},"end":{"line":28,"column":null}},"5":{"start":{"line":30,"column":2},"end":{"line":31,"column":null}},"6":{"start":{"line":31,"column":4},"end":{"line":31,"column":null}},"7":{"start":{"line":34,"column":2},"end":{"line":42,"column":null}},"8":{"start":{"line":35,"column":20},"end":{"line":35,"column":45}},"9":{"start":{"line":36,"column":4},"end":{"line":36,"column":null}},"10":{"start":{"line":37,"column":4},"end":{"line":37,"column":null}},"11":{"start":{"line":39,"column":4},"end":{"line":40,"column":null}},"12":{"start":{"line":40,"column":6},"end":{"line":40,"column":null}},"13":{"start":{"line":42,"column":4},"end":{"line":42,"column":null}}},"fnMap":{"0":{"name":"authenticate","decl":{"start":{"line":20,"column":16},"end":{"line":20,"column":29}},"loc":{"start":{"line":20,"column":85},"end":{"line":42,"column":null}},"line":20}},"branchMap":{"0":{"loc":{"start":{"line":23,"column":2},"end":{"line":24,"column":null}},"type":"if","locations":[{"start":{"line":23,"column":2},"end":{"line":24,"column":null}},{"start":{},"end":{}}],"line":23},"1":{"loc":{"start":{"line":23,"column":6},"end":{"line":23,"column":54}},"type":"binary-expr","locations":[{"start":{"line":23,"column":6},"end":{"line":23,"column":21}},{"start":{"line":23,"column":21},"end":{"line":23,"column":54}}],"line":23},"2":{"loc":{"start":{"line":30,"column":2},"end":{"line":31,"column":null}},"type":"if","locations":[{"start":{"line":30,"column":2},"end":{"line":31,"column":null}},{"start":{},"end":{}}],"line":30},"3":{"loc":{"start":{"line":39,"column":4},"end":{"line":40,"column":null}},"type":"if","locations":[{"start":{"line":39,"column":4},"end":{"line":40,"column":null}},{"start":{},"end":{}}],"line":39}},"s":{"0":217,"1":217,"2":25,"3":192,"4":192,"5":192,"6":0,"7":192,"8":192,"9":192,"10":192,"11":1,"12":0,"13":1},"f":{"0":217},"b":{"0":[25,192],"1":[217,192],"2":[0,192],"3":[0,1]},"meta":{"lastBranch":4,"lastFunction":1,"lastStatement":14,"seen":{"f:20:16:20:29":0,"s:21:21:21:Infinity":0,"b:23:2:24:Infinity:undefined:undefined:undefined:undefined":0,"s:23:2:24:Infinity":1,"b:23:6:23:21:23:21:23:54":1,"s:24:4:24:Infinity":2,"s:27:16:27:35":3,"s:28:17:28:Infinity":4,"b:30:2:31:Infinity:undefined:undefined:undefined:undefined":2,"s:30:2:31:Infinity":5,"s:31:4:31:Infinity":6,"s:34:2:42:Infinity":7,"s:35:20:35:45":8,"s:36:4:36:Infinity":9,"s:37:4:37:Infinity":10,"b:39:4:40:Infinity:undefined:undefined:undefined:undefined":3,"s:39:4:40:Infinity":11,"s:40:6:40:Infinity":12,"s:42:4:42:Infinity":13}}}
,"C:\\DataPerso\\Zythonomie\\Zythonomie\\backend\\src\\middleware\\error-handler.ts": {"path":"C:\\DataPerso\\Zythonomie\\Zythonomie\\backend\\src\\middleware\\error-handler.ts","statementMap":{"0":{"start":{"line":6,"column":2},"end":{"line":9,"column":null}},"1":{"start":{"line":13,"column":2},"end":{"line":19,"column":null}},"2":{"start":{"line":14,"column":4},"end":{"line":18,"column":null}},"3":{"start":{"line":19,"column":4},"end":{"line":19,"column":null}},"4":{"start":{"line":22,"column":2},"end":{"line":27,"column":null}},"5":{"start":{"line":23,"column":4},"end":{"line":26,"column":null}},"6":{"start":{"line":27,"column":4},"end":{"line":27,"column":null}},"7":{"start":{"line":30,"column":2},"end":{"line":33,"column":null}}},"fnMap":{"0":{"name":"notFoundHandler","decl":{"start":{"line":5,"column":16},"end":{"line":5,"column":32}},"loc":{"start":{"line":5,"column":68},"end":{"line":9,"column":null}},"line":5},"1":{"name":"errorHandler","decl":{"start":{"line":12,"column":16},"end":{"line":12,"column":29}},"loc":{"start":{"line":12,"column":100},"end":{"line":33,"column":null}},"line":12}},"branchMap":{"0":{"loc":{"start":{"line":13,"column":2},"end":{"line":19,"column":null}},"type":"if","locations":[{"start":{"line":13,"column":2},"end":{"line":19,"column":null}},{"start":{},"end":{}}],"line":13},"1":{"loc":{"start":{"line":22,"column":2},"end":{"line":27,"column":null}},"type":"if","locations":[{"start":{"line":22,"column":2},"end":{"line":27,"column":null}},{"start":{},"end":{}}],"line":22}},"s":{"0":1,"1":109,"2":107,"3":107,"4":2,"5":1,"6":1,"7":1},"f":{"0":1,"1":109},"b":{"0":[107,2],"1":[1,1]},"meta":{"lastBranch":2,"lastFunction":2,"lastStatement":8,"seen":{"f:5:16:5:32":0,"s:6:2:9:Infinity":0,"f:12:16:12:29":1,"b:13:2:19:Infinity:undefined:undefined:undefined:undefined":0,"s:13:2:19:Infinity":1,"s:14:4:18:Infinity":2,"s:19:4:19:Infinity":3,"b:22:2:27:Infinity:undefined:undefined:undefined:undefined":1,"s:22:2:27:Infinity":4,"s:23:4:26:Infinity":5,"s:27:4:27:Infinity":6,"s:30:2:33:Infinity":7}}}
,"C:\\DataPerso\\Zythonomie\\Zythonomie\\backend\\src\\middleware\\require-admin.ts": {"path":"C:\\DataPerso\\Zythonomie\\Zythonomie\\backend\\src\\middleware\\require-admin.ts","statementMap":{"0":{"start":{"line":9,"column":15},"end":{"line":9,"column":null}},"1":{"start":{"line":11,"column":2},"end":{"line":12,"column":null}},"2":{"start":{"line":12,"column":4},"end":{"line":12,"column":null}},"3":{"start":{"line":15,"column":2},"end":{"line":15,"column":null}}},"fnMap":{"0":{"name":"requireAdmin","decl":{"start":{"line":8,"column":16},"end":{"line":8,"column":29}},"loc":{"start":{"line":8,"column":85},"end":{"line":15,"column":null}},"line":8}},"branchMap":{"0":{"loc":{"start":{"line":11,"column":2},"end":{"line":12,"column":null}},"type":"if","locations":[{"start":{"line":11,"column":2},"end":{"line":12,"column":null}},{"start":{},"end":{}}],"line":11}},"s":{"0":70,"1":70,"2":30,"3":40},"f":{"0":70},"b":{"0":[30,40]},"meta":{"lastBranch":1,"lastFunction":1,"lastStatement":4,"seen":{"f:8:16:8:29":0,"s:9:15:9:Infinity":0,"b:11:2:12:Infinity:undefined:undefined:undefined:undefined":0,"s:11:2:12:Infinity":1,"s:12:4:12:Infinity":2,"s:15:2:15:Infinity":3}}}
,"C:\\DataPerso\\Zythonomie\\Zythonomie\\backend\\src\\middleware\\require-owner-or-admin.ts": {"path":"C:\\DataPerso\\Zythonomie\\Zythonomie\\backend\\src\\middleware\\require-owner-or-admin.ts","statementMap":{"0":{"start":{"line":13,"column":2},"end":{"line":25,"column":null}},"1":{"start":{"line":14,"column":17},"end":{"line":14,"column":null}},"2":{"start":{"line":16,"column":4},"end":{"line":17,"column":null}},"3":{"start":{"line":17,"column":6},"end":{"line":17,"column":null}},"4":{"start":{"line":20,"column":23},"end":{"line":20,"column":52}},"5":{"start":{"line":21,"column":4},"end":{"line":22,"column":null}},"6":{"start":{"line":22,"column":6},"end":{"line":22,"column":null}},"7":{"start":{"line":25,"column":4},"end":{"line":25,"column":null}}},"fnMap":{"0":{"name":"requireOwnerOrAdmin","decl":{"start":{"line":12,"column":16},"end":{"line":12,"column":36}},"loc":{"start":{"line":12,"column":55},"end":{"line":25,"column":null}},"line":12},"1":{"name":"(anonymous_1)","decl":{"start":{"line":13,"column":2},"end":{"line":13,"column":10}},"loc":{"start":{"line":13,"column":69},"end":{"line":25,"column":null}},"line":13}},"branchMap":{"0":{"loc":{"start":{"line":16,"column":4},"end":{"line":17,"column":null}},"type":"if","locations":[{"start":{"line":16,"column":4},"end":{"line":17,"column":null}},{"start":{},"end":{}}],"line":16},"1":{"loc":{"start":{"line":21,"column":4},"end":{"line":22,"column":null}},"type":"if","locations":[{"start":{"line":21,"column":4},"end":{"line":22,"column":null}},{"start":{},"end":{}}],"line":21}},"s":{"0":144,"1":39,"2":39,"3":7,"4":32,"5":32,"6":20,"7":12},"f":{"0":144,"1":39},"b":{"0":[7,32],"1":[20,12]},"meta":{"lastBranch":2,"lastFunction":2,"lastStatement":8,"seen":{"f:12:16:12:36":0,"s:13:2:25:Infinity":0,"f:13:2:13:10":1,"s:14:17:14:Infinity":1,"b:16:4:17:Infinity:undefined:undefined:undefined:undefined":0,"s:16:4:17:Infinity":2,"s:17:6:17:Infinity":3,"s:20:23:20:52":4,"b:21:4:22:Infinity:undefined:undefined:undefined:undefined":1,"s:21:4:22:Infinity":5,"s:22:6:22:Infinity":6,"s:25:4:25:Infinity":7}}}
,"C:\\DataPerso\\Zythonomie\\Zythonomie\\backend\\src\\middleware\\validate.ts": {"path":"C:\\DataPerso\\Zythonomie\\Zythonomie\\backend\\src\\middleware\\validate.ts","statementMap":{"0":{"start":{"line":8,"column":2},"end":{"line":27,"column":null}},"1":{"start":{"line":9,"column":24},"end":{"line":9,"column":53}},"2":{"start":{"line":11,"column":4},"end":{"line":16,"column":null}},"3":{"start":{"line":12,"column":22},"end":{"line":15,"column":9}},"4":{"start":{"line":12,"column":63},"end":{"line":15,"column":9}},"5":{"start":{"line":16,"column":6},"end":{"line":16,"column":null}},"6":{"start":{"line":19,"column":4},"end":{"line":24,"column":null}},"7":{"start":{"line":20,"column":6},"end":{"line":20,"column":null}},"8":{"start":{"line":21,"column":15},"end":{"line":24,"column":null}},"9":{"start":{"line":22,"column":6},"end":{"line":22,"column":null}},"10":{"start":{"line":24,"column":6},"end":{"line":24,"column":null}},"11":{"start":{"line":27,"column":4},"end":{"line":27,"column":null}}},"fnMap":{"0":{"name":"validate","decl":{"start":{"line":7,"column":16},"end":{"line":7,"column":25}},"loc":{"start":{"line":7,"column":80},"end":{"line":27,"column":null}},"line":7},"1":{"name":"(anonymous_1)","decl":{"start":{"line":8,"column":2},"end":{"line":8,"column":10}},"loc":{"start":{"line":8,"column":69},"end":{"line":27,"column":null}},"line":8},"2":{"name":"(anonymous_2)","decl":{"start":{"line":12,"column":47},"end":{"line":12,"column":52}},"loc":{"start":{"line":12,"column":63},"end":{"line":15,"column":9}},"line":12}},"branchMap":{"0":{"loc":{"start":{"line":7,"column":45},"end":{"line":7,"column":80}},"type":"default-arg","locations":[{"start":{"line":7,"column":72},"end":{"line":7,"column":80}}],"line":7},"1":{"loc":{"start":{"line":11,"column":4},"end":{"line":16,"column":null}},"type":"if","locations":[{"start":{"line":11,"column":4},"end":{"line":16,"column":null}},{"start":{},"end":{}}],"line":11},"2":{"loc":{"start":{"line":13,"column":15},"end":{"line":13,"column":null}},"type":"binary-expr","locations":[{"start":{"line":13,"column":15},"end":{"line":13,"column":35}},{"start":{"line":13,"column":39},"end":{"line":13,"column":null}}],"line":13},"3":{"loc":{"start":{"line":19,"column":4},"end":{"line":24,"column":null}},"type":"if","locations":[{"start":{"line":19,"column":4},"end":{"line":24,"column":null}},{"start":{"line":21,"column":15},"end":{"line":24,"column":null}}],"line":19},"4":{"loc":{"start":{"line":21,"column":15},"end":{"line":24,"column":null}},"type":"if","locations":[{"start":{"line":21,"column":15},"end":{"line":24,"column":null}},{"start":{"line":23,"column":11},"end":{"line":24,"column":null}}],"line":21}},"s":{"0":1456,"1":209,"2":209,"3":9,"4":9,"5":9,"6":200,"7":24,"8":176,"9":85,"10":91,"11":200},"f":{"0":1456,"1":209,"2":9},"b":{"0":[1456],"1":[9,200],"2":[9,2],"3":[24,176],"4":[85,91]},"meta":{"lastBranch":5,"lastFunction":3,"lastStatement":12,"seen":{"f:7:16:7:25":0,"b:7:72:7:80":0,"s:8:2:27:Infinity":0,"f:8:2:8:10":1,"s:9:24:9:53":1,"b:11:4:16:Infinity:undefined:undefined:undefined:undefined":1,"s:11:4:16:Infinity":2,"s:12:22:15:9":3,"f:12:47:12:52":2,"s:12:63:15:9":4,"b:13:15:13:35:13:39:13:Infinity":2,"s:16:6:16:Infinity":5,"b:19:4:24:Infinity:21:15:24:Infinity":3,"s:19:4:24:Infinity":6,"s:20:6:20:Infinity":7,"b:21:15:24:Infinity:23:11:24:Infinity":4,"s:21:15:24:Infinity":8,"s:22:6:22:Infinity":9,"s:24:6:24:Infinity":10,"s:27:4:27:Infinity":11}}}
,"C:\\DataPerso\\Zythonomie\\Zythonomie\\backend\\src\\routes\\auth.routes.ts": {"path":"C:\\DataPerso\\Zythonomie\\Zythonomie\\backend\\src\\routes\\auth.routes.ts","statementMap":{"0":{"start":{"line":14,"column":6},"end":{"line":14,"column":23}},"1":{"start":{"line":16,"column":23},"end":{"line":24,"column":2}},"2":{"start":{"line":26,"column":20},"end":{"line":29,"column":2}},"3":{"start":{"line":31,"column":22},"end":{"line":33,"column":2}},"4":{"start":{"line":35,"column":6},"end":{"line":45,"column":2}},"5":{"start":{"line":44,"column":2},"end":{"line":44,"column":null}},"6":{"start":{"line":47,"column":0},"end":{"line":47,"column":null}},"7":{"start":{"line":91,"column":0},"end":{"line":91,"column":null}},"8":{"start":{"line":130,"column":0},"end":{"line":130,"column":null}},"9":{"start":{"line":163,"column":0},"end":{"line":163,"column":null}},"10":{"start":{"line":189,"column":0},"end":{"line":189,"column":null}}},"fnMap":{"0":{"name":"(anonymous_0)","decl":{"start":{"line":44,"column":2},"end":{"line":44,"column":39}},"loc":{"start":{"line":44,"column":2},"end":{"line":44,"column":null}},"line":44}},"branchMap":{},"s":{"0":16,"1":16,"2":16,"3":16,"4":16,"5":8,"6":16,"7":16,"8":16,"9":16,"10":16},"f":{"0":8},"b":{},"meta":{"lastBranch":0,"lastFunction":1,"lastStatement":11,"seen":{"s:14:6:14:23":0,"s:16:23:24:2":1,"s:26:20:29:2":2,"s:31:22:33:2":3,"s:35:6:45:2":4,"f:44:2:44:39":0,"s:44:2:44:Infinity":5,"s:47:0:47:Infinity":6,"s:91:0:91:Infinity":7,"s:130:0:130:Infinity":8,"s:163:0:163:Infinity":9,"s:189:0:189:Infinity":10}}}
,"C:\\DataPerso\\Zythonomie\\Zythonomie\\backend\\src\\routes\\beer-criteria.routes.ts": {"path":"C:\\DataPerso\\Zythonomie\\Zythonomie\\backend\\src\\routes\\beer-criteria.routes.ts","statementMap":{"0":{"start":{"line":13,"column":6},"end":{"line":13,"column":23}},"1":{"start":{"line":15,"column":30},"end":{"line":18,"column":2}},"2":{"start":{"line":20,"column":25},"end":{"line":22,"column":2}},"3":{"start":{"line":24,"column":24},"end":{"line":26,"column":2}},"4":{"start":{"line":29,"column":0},"end":{"line":29,"column":null}},"5":{"start":{"line":118,"column":0},"end":{"line":123,"column":null}},"6":{"start":{"line":126,"column":0},"end":{"line":133,"column":null}},"7":{"start":{"line":136,"column":0},"end":{"line":142,"column":null}}},"fnMap":{},"branchMap":{},"s":{"0":16,"1":16,"2":16,"3":16,"4":16,"5":16,"6":16,"7":16},"f":{},"b":{},"meta":{"lastBranch":0,"lastFunction":0,"lastStatement":8,"seen":{"s:13:6:13:23":0,"s:15:30:18:2":1,"s:20:25:22:2":2,"s:24:24:26:2":3,"s:29:0:29:Infinity":4,"s:118:0:123:Infinity":5,"s:126:0:133:Infinity":6,"s:136:0:142:Infinity":7}}}
,"C:\\DataPerso\\Zythonomie\\Zythonomie\\backend\\src\\routes\\beer.routes.ts": {"path":"C:\\DataPerso\\Zythonomie\\Zythonomie\\backend\\src\\routes\\beer.routes.ts","statementMap":{"0":{"start":{"line":10,"column":6},"end":{"line":10,"column":23}},"1":{"start":{"line":14,"column":23},"end":{"line":16,"column":2}},"2":{"start":{"line":18,"column":26},"end":{"line":22,"column":2}},"3":{"start":{"line":24,"column":25},"end":{"line":27,"column":2}},"4":{"start":{"line":29,"column":24},"end":{"line":29,"column":65}},"5":{"start":{"line":31,"column":25},"end":{"line":40,"column":2}},"6":{"start":{"line":42,"column":25},"end":{"line":55,"column":4}},"7":{"start":{"line":53,"column":20},"end":{"line":53,"column":50}},"8":{"start":{"line":59,"column":0},"end":{"line":59,"column":null}},"9":{"start":{"line":128,"column":0},"end":{"line":128,"column":null}},"10":{"start":{"line":202,"column":0},"end":{"line":202,"column":null}},"11":{"start":{"line":203,"column":0},"end":{"line":203,"column":null}},"12":{"start":{"line":204,"column":0},"end":{"line":204,"column":null}},"13":{"start":{"line":208,"column":26},"end":{"line":208,"column":79}},"14":{"start":{"line":209,"column":27},"end":{"line":209,"column":81}},"15":{"start":{"line":210,"column":27},"end":{"line":210,"column":127}},"16":{"start":{"line":211,"column":28},"end":{"line":211,"column":129}},"17":{"start":{"line":213,"column":0},"end":{"line":213,"column":null}},"18":{"start":{"line":286,"column":0},"end":{"line":286,"column":null}},"19":{"start":{"line":287,"column":0},"end":{"line":287,"column":null}},"20":{"start":{"line":288,"column":0},"end":{"line":288,"column":null}}},"fnMap":{"0":{"name":"(anonymous_0)","decl":{"start":{"line":53,"column":3},"end":{"line":53,"column":11}},"loc":{"start":{"line":53,"column":20},"end":{"line":53,"column":50}},"line":53}},"branchMap":{},"s":{"0":16,"1":16,"2":16,"3":16,"4":16,"5":16,"6":16,"7":1,"8":16,"9":16,"10":16,"11":16,"12":16,"13":16,"14":16,"15":16,"16":16,"17":16,"18":16,"19":16,"20":16},"f":{"0":1},"b":{},"meta":{"lastBranch":0,"lastFunction":1,"lastStatement":21,"seen":{"s:10:6:10:23":0,"s:14:23:16:2":1,"s:18:26:22:2":2,"s:24:25:27:2":3,"s:29:24:29:65":4,"s:31:25:40:2":5,"s:42:25:55:4":6,"f:53:3:53:11":0,"s:53:20:53:50":7,"s:59:0:59:Infinity":8,"s:128:0:128:Infinity":9,"s:202:0:202:Infinity":10,"s:203:0:203:Infinity":11,"s:204:0:204:Infinity":12,"s:208:26:208:79":13,"s:209:27:209:81":14,"s:210:27:210:127":15,"s:211:28:211:129":16,"s:213:0:213:Infinity":17,"s:286:0:286:Infinity":18,"s:287:0:287:Infinity":19,"s:288:0:288:Infinity":20}}}
,"C:\\DataPerso\\Zythonomie\\Zythonomie\\backend\\src\\routes\\brewery.routes.ts": {"path":"C:\\DataPerso\\Zythonomie\\Zythonomie\\backend\\src\\routes\\brewery.routes.ts","statementMap":{"0":{"start":{"line":14,"column":6},"end":{"line":14,"column":23}},"1":{"start":{"line":16,"column":23},"end":{"line":18,"column":2}},"2":{"start":{"line":20,"column":25},"end":{"line":23,"column":2}},"3":{"start":{"line":25,"column":28},"end":{"line":30,"column":2}},"4":{"start":{"line":32,"column":28},"end":{"line":41,"column":4}},"5":{"start":{"line":39,"column":20},"end":{"line":39,"column":50}},"6":{"start":{"line":43,"column":0},"end":{"line":43,"column":null}},"7":{"start":{"line":105,"column":0},"end":{"line":105,"column":null}},"8":{"start":{"line":175,"column":0},"end":{"line":175,"column":null}},"9":{"start":{"line":176,"column":0},"end":{"line":176,"column":null}},"10":{"start":{"line":177,"column":0},"end":{"line":177,"column":null}}},"fnMap":{"0":{"name":"(anonymous_0)","decl":{"start":{"line":39,"column":3},"end":{"line":39,"column":11}},"loc":{"start":{"line":39,"column":20},"end":{"line":39,"column":50}},"line":39}},"branchMap":{},"s":{"0":16,"1":16,"2":16,"3":16,"4":16,"5":1,"6":16,"7":16,"8":16,"9":16,"10":16},"f":{"0":1},"b":{},"meta":{"lastBranch":0,"lastFunction":1,"lastStatement":11,"seen":{"s:14:6:14:23":0,"s:16:23:18:2":1,"s:20:25:23:2":2,"s:25:28:30:2":3,"s:32:28:41:4":4,"f:39:3:39:11":0,"s:39:20:39:50":5,"s:43:0:43:Infinity":6,"s:105:0:105:Infinity":7,"s:175:0:175:Infinity":8,"s:176:0:176:Infinity":9,"s:177:0:177:Infinity":10}}}
,"C:\\DataPerso\\Zythonomie\\Zythonomie\\backend\\src\\routes\\category.routes.ts": {"path":"C:\\DataPerso\\Zythonomie\\Zythonomie\\backend\\src\\routes\\category.routes.ts","statementMap":{"0":{"start":{"line":14,"column":6},"end":{"line":14,"column":23}},"1":{"start":{"line":16,"column":23},"end":{"line":18,"column":2}},"2":{"start":{"line":20,"column":30},"end":{"line":22,"column":2}},"3":{"start":{"line":24,"column":25},"end":{"line":27,"column":2}},"4":{"start":{"line":29,"column":28},"end":{"line":29,"column":73}},"5":{"start":{"line":31,"column":29},"end":{"line":35,"column":2}},"6":{"start":{"line":37,"column":29},"end":{"line":45,"column":4}},"7":{"start":{"line":43,"column":20},"end":{"line":43,"column":50}},"8":{"start":{"line":47,"column":0},"end":{"line":47,"column":null}},"9":{"start":{"line":109,"column":0},"end":{"line":109,"column":null}},"10":{"start":{"line":179,"column":0},"end":{"line":179,"column":null}},"11":{"start":{"line":180,"column":0},"end":{"line":180,"column":null}},"12":{"start":{"line":181,"column":0},"end":{"line":181,"column":null}}},"fnMap":{"0":{"name":"(anonymous_0)","decl":{"start":{"line":43,"column":3},"end":{"line":43,"column":11}},"loc":{"start":{"line":43,"column":20},"end":{"line":43,"column":50}},"line":43}},"branchMap":{},"s":{"0":16,"1":16,"2":16,"3":16,"4":16,"5":16,"6":16,"7":1,"8":16,"9":16,"10":16,"11":16,"12":16},"f":{"0":1},"b":{},"meta":{"lastBranch":0,"lastFunction":1,"lastStatement":13,"seen":{"s:14:6:14:23":0,"s:16:23:18:2":1,"s:20:30:22:2":2,"s:24:25:27:2":3,"s:29:28:29:73":4,"s:31:29:35:2":5,"s:37:29:45:4":6,"f:43:3:43:11":0,"s:43:20:43:50":7,"s:47:0:47:Infinity":8,"s:109:0:109:Infinity":9,"s:179:0:179:Infinity":10,"s:180:0:180:Infinity":11,"s:181:0:181:Infinity":12}}}
,"C:\\DataPerso\\Zythonomie\\Zythonomie\\backend\\src\\routes\\criterion.routes.ts": {"path":"C:\\DataPerso\\Zythonomie\\Zythonomie\\backend\\src\\routes\\criterion.routes.ts","statementMap":{"0":{"start":{"line":14,"column":6},"end":{"line":14,"column":23}},"1":{"start":{"line":16,"column":23},"end":{"line":18,"column":2}},"2":{"start":{"line":20,"column":30},"end":{"line":23,"column":2}},"3":{"start":{"line":25,"column":30},"end":{"line":32,"column":4}},"4":{"start":{"line":30,"column":20},"end":{"line":30,"column":50}},"5":{"start":{"line":35,"column":0},"end":{"line":35,"column":null}},"6":{"start":{"line":88,"column":0},"end":{"line":88,"column":null}},"7":{"start":{"line":159,"column":0},"end":{"line":159,"column":null}},"8":{"start":{"line":160,"column":0},"end":{"line":160,"column":null}},"9":{"start":{"line":161,"column":0},"end":{"line":161,"column":null}}},"fnMap":{"0":{"name":"(anonymous_0)","decl":{"start":{"line":30,"column":3},"end":{"line":30,"column":11}},"loc":{"start":{"line":30,"column":20},"end":{"line":30,"column":50}},"line":30}},"branchMap":{},"s":{"0":16,"1":16,"2":16,"3":16,"4":1,"5":16,"6":16,"7":16,"8":16,"9":16},"f":{"0":1},"b":{},"meta":{"lastBranch":0,"lastFunction":1,"lastStatement":10,"seen":{"s:14:6:14:23":0,"s:16:23:18:2":1,"s:20:30:23:2":2,"s:25:30:32:4":3,"f:30:3:30:11":0,"s:30:20:30:50":4,"s:35:0:35:Infinity":5,"s:88:0:88:Infinity":6,"s:159:0:159:Infinity":7,"s:160:0:160:Infinity":8,"s:161:0:161:Infinity":9}}}
[...]
":{"line":116,"column":null}},"type":"cond-expr","locations":[{"start":{"line":116,"column":33},"end":{"line":116,"column":70}},{"start":{"line":116,"column":73},"end":{"line":116,"column":null}}],"line":116},"8":{"loc":{"start":{"line":117,"column":16},"end":{"line":117,"column":null}},"type":"cond-expr","locations":[{"start":{"line":117,"column":33},"end":{"line":117,"column":57}},{"start":{"line":117,"column":60},"end":{"line":117,"column":null}}],"line":117},"9":{"loc":{"start":{"line":132,"column":2},"end":{"line":133,"column":null}},"type":"if","locations":[{"start":{"line":132,"column":2},"end":{"line":133,"column":null}},{"start":{},"end":{}}],"line":132},"10":{"loc":{"start":{"line":151,"column":2},"end":{"line":152,"column":null}},"type":"if","locations":[{"start":{"line":151,"column":2},"end":{"line":152,"column":null}},{"start":{},"end":{}}],"line":151}},"s":{"0":17,"1":5,"2":5,"3":5,"4":2,"5":3,"6":3,"7":3,"8":1,"9":2,"10":2,"11":3,"12":3,"13":0,"14":0,"15":0,"16":3,"17":4,"18":4,"19":0,"20":4,"21":3,"22":3,"23":0},"f":{"0":5,"1":5,"2":3,"3":3,"4":4,"5":3},"b":{"0":[5],"1":[5],"2":[2,3],"3":[1,2],"4":[2,2],"5":[0,3],"6":[0,0],"7":[0,3],"8":[0,3],"9":[0,4],"10":[0,3]},"meta":{"lastBranch":11,"lastFunction":6,"lastStatement":24,"seen":{"s:7:25:17:Infinity":0,"f:43:22:43:35":0,"b:43:42:43:45":0,"b:43:53:43:95":1,"s:44:2:49:Infinity":1,"f:52:22:52:35":1,"s:53:15:56:4":2,"b:58:2:59:Infinity:undefined:undefined:undefined:undefined":2,"s:58:2:59:Infinity":3,"s:59:4:59:Infinity":4,"s:62:2:62:Infinity":5,"f:65:22:65:33":2,"s:66:21:69:4":6,"b:71:2:72:Infinity:undefined:undefined:undefined:undefined":3,"s:71:2:72:Infinity":7,"s:72:4:72:Infinity":8,"s:75:25:75:62":9,"s:77:2:89:Infinity":10,"b:86:12:86:26:86:26:86:Infinity":4,"f:92:22:92:33":3,"s:93:2:93:Infinity":11,"b:95:2:106:Infinity:undefined:undefined:undefined:undefined":5,"s:95:2:106:Infinity":12,"s:96:21:103:6":13,"b:105:4:106:Infinity:undefined:undefined:undefined:undefined":6,"s:105:4:106:Infinity":14,"s:106:6:106:Infinity":15,"s:110:2:123:Infinity":16,"b:116:33:116:70:116:73:116:Infinity":7,"b:117:33:117:57:117:60:117:Infinity":8,"f:126:22:126:37":4,"s:127:19:130:4":17,"b:132:2:133:Infinity:undefined:undefined:undefined:undefined":9,"s:132:2:133:Infinity":18,"s:133:4:133:Infinity":19,"s:136:2:142:Infinity":20,"f:145:15:145:32":5,"s:146:15:149:4":21,"b:151:2:152:Infinity:undefined:undefined:undefined:undefined":10,"s:151:2:152:Infinity":22,"s:152:4:152:Infinity":23}}}
,"C:\\DataPerso\\Zythonomie\\Zythonomie\\backend\\tests\\helpers\\auth-helpers.ts": {"path":"C:\\DataPerso\\Zythonomie\\Zythonomie\\backend\\tests\\helpers\\auth-helpers.ts","statementMap":{"0":{"start":{"line":8,"column":19},"end":{"line":8,"column":null}},"1":{"start":{"line":9,"column":26},"end":{"line":9,"column":null}},"2":{"start":{"line":16,"column":2},"end":{"line":19,"column":null}},"3":{"start":{"line":24,"column":2},"end":{"line":24,"column":null}},"4":{"start":{"line":29,"column":2},"end":{"line":29,"column":null}}},"fnMap":{"0":{"name":"signTestToken","decl":{"start":{"line":15,"column":16},"end":{"line":15,"column":30}},"loc":{"start":{"line":15,"column":87},"end":{"line":19,"column":null}},"line":15},"1":{"name":"adminToken","decl":{"start":{"line":23,"column":16},"end":{"line":23,"column":37}},"loc":{"start":{"line":23,"column":37},"end":{"line":24,"column":null}},"line":23},"2":{"name":"userToken","decl":{"start":{"line":28,"column":16},"end":{"line":28,"column":26}},"loc":{"start":{"line":28,"column":50},"end":{"line":29,"column":null}},"line":28}},"branchMap":{"0":{"loc":{"start":{"line":8,"column":19},"end":{"line":8,"column":null}},"type":"binary-expr","locations":[{"start":{"line":8,"column":19},"end":{"line":8,"column":45}},{"start":{"line":8,"column":45},"end":{"line":8,"column":null}}],"line":8},"1":{"loc":{"start":{"line":9,"column":26},"end":{"line":9,"column":null}},"type":"binary-expr","locations":[{"start":{"line":9,"column":26},"end":{"line":9,"column":59}},{"start":{"line":9,"column":59},"end":{"line":9,"column":null}}],"line":9},"2":{"loc":{"start":{"line":15,"column":46},"end":{"line":15,"column":87}},"type":"default-arg","locations":[{"start":{"line":15,"column":71},"end":{"line":15,"column":87}}],"line":15}},"s":{"0":14,"1":14,"2":150,"3":45,"4":105},"f":{"0":150,"1":45,"2":105},"b":{"0":[14,0],"1":[14,0],"2":[150]},"meta":{"lastBranch":3,"lastFunction":3,"lastStatement":5,"seen":{"s:8:19:8:Infinity":0,"b:8:19:8:45:8:45:8:Infinity":0,"s:9:26:9:Infinity":1,"b:9:26:9:59:9:59:9:Infinity":1,"f:15:16:15:30":0,"b:15:71:15:87":2,"s:16:2:19:Infinity":2,"f:23:16:23:37":1,"s:24:2:24:Infinity":3,"f:28:16:28:26":2,"s:29:2:29:Infinity":4}}}
,"C:\\DataPerso\\Zythonomie\\Zythonomie\\backend\\tests\\helpers\\factories.ts": {"path":"C:\\DataPerso\\Zythonomie\\Zythonomie\\backend\\tests\\helpers\\factories.ts","statementMap":{"0":{"start":{"line":4,"column":15},"end":{"line":4,"column":null}},"1":{"start":{"line":6,"column":2},"end":{"line":6,"column":null}},"2":{"start":{"line":12,"column":13},"end":{"line":12,"column":18}},"3":{"start":{"line":13,"column":2},"end":{"line":23,"column":null}},"4":{"start":{"line":29,"column":13},"end":{"line":29,"column":18}},"5":{"start":{"line":30,"column":2},"end":{"line":37,"column":null}},"6":{"start":{"line":43,"column":13},"end":{"line":43,"column":18}},"7":{"start":{"line":44,"column":2},"end":{"line":49,"column":null}},"8":{"start":{"line":55,"column":13},"end":{"line":55,"column":18}},"9":{"start":{"line":56,"column":2},"end":{"line":65,"column":null}},"10":{"start":{"line":71,"column":13},"end":{"line":71,"column":18}},"11":{"start":{"line":72,"column":2},"end":{"line":77,"column":null}},"12":{"start":{"line":83,"column":13},"end":{"line":83,"column":18}},"13":{"start":{"line":84,"column":2},"end":{"line":89,"column":null}},"14":{"start":{"line":109,"column":15},"end":{"line":109,"column":50}},"15":{"start":{"line":110,"column":52},"end":{"line":110,"column":54}},"16":{"start":{"line":112,"column":2},"end":{"line":133,"column":null}},"17":{"start":{"line":113,"column":21},"end":{"line":119,"column":6}},"18":{"start":{"line":121,"column":58},"end":{"line":121,"column":60}},"19":{"start":{"line":122,"column":4},"end":{"line":130,"column":null}},"20":{"start":{"line":122,"column":20},"end":{"line":122,"column":23}},"21":{"start":{"line":123,"column":21},"end":{"line":129,"column":8}},"22":{"start":{"line":130,"column":6},"end":{"line":130,"column":null}},"23":{"start":{"line":133,"column":4},"end":{"line":133,"column":null}},"24":{"start":{"line":136,"column":2},"end":{"line":136,"column":null}}},"fnMap":{"0":{"name":"uid","decl":{"start":{"line":5,"column":9},"end":{"line":5,"column":23}},"loc":{"start":{"line":5,"column":23},"end":{"line":6,"column":null}},"line":5},"1":{"name":"createTestUser","decl":{"start":{"line":11,"column":22},"end":{"line":11,"column":37}},"loc":{"start":{"line":11,"column":74},"end":{"line":23,"column":null}},"line":11},"2":{"name":"createTestBrewery","decl":{"start":{"line":28,"column":22},"end":{"line":28,"column":40}},"loc":{"start":{"line":28,"column":77},"end":{"line":37,"column":null}},"line":28},"3":{"name":"createTestCategory","decl":{"start":{"line":42,"column":22},"end":{"line":42,"column":41}},"loc":{"start":{"line":42,"column":78},"end":{"line":49,"column":null}},"line":42},"4":{"name":"createTestBeer","decl":{"start":{"line":54,"column":22},"end":{"line":54,"column":37}},"loc":{"start":{"line":54,"column":74},"end":{"line":65,"column":null}},"line":54},"5":{"name":"createTestCriterion","decl":{"start":{"line":70,"column":22},"end":{"line":70,"column":42}},"loc":{"start":{"line":70,"column":79},"end":{"line":77,"column":null}},"line":70},"6":{"name":"createTestQuiz","decl":{"start":{"line":82,"column":22},"end":{"line":82,"column":37}},"loc":{"start":{"line":82,"column":74},"end":{"line":89,"column":null}},"line":82},"7":{"name":"createTestQuizWithQuestions","decl":{"start":{"line":105,"column":22},"end":{"line":105,"column":null}},"loc":{"start":{"line":108,"column":30},"end":{"line":136,"column":null}},"line":108}},"branchMap":{"0":{"loc":{"start":{"line":11,"column":37},"end":{"line":11,"column":72}},"type":"default-arg","locations":[{"start":{"line":11,"column":70},"end":{"line":11,"column":72}}],"line":11},"1":{"loc":{"start":{"line":15,"column":12},"end":{"line":15,"column":null}},"type":"binary-expr","locations":[{"start":{"line":15,"column":12},"end":{"line":15,"column":30}},{"start":{"line":15,"column":30},"end":{"line":15,"column":null}}],"line":15},"2":{"loc":{"start":{"line":16,"column":17},"end":{"line":16,"column":null}},"type":"binary-expr","locations":[{"start":{"line":16,"column":17},"end":{"line":16,"column":40}},{"start":{"line":16,"column":40},"end":{"line":16,"column":null}}],"line":16},"3":{"loc":{"start":{"line":17,"column":12},"end":{"line":17,"column":null}},"type":"binary-expr","locations":[{"start":{"line":17,"column":12},"end":{"line":17,"column":30}},{"start":{"line":17,"column":30},"end":{"line":17,"column":null}}],"line":17},"4":{"loc":{"start":{"line":18,"column":16},"end":{"line":18,"column":null}},"type":"binary-expr","locations":[{"start":{"line":18,"column":16},"end":{"line":18,"column":38}},{"start":{"line":18,"column":38},"end":{"line":18,"column":null}}],"line":18},"5":{"loc":{"start":{"line":19,"column":16},"end":{"line":19,"column":60}},"type":"binary-expr","locations":[{"start":{"line":19,"column":16},"end":{"line":19,"column":38}},{"start":{"line":19,"column":38},"end":{"line":19,"column":60}}],"line":19},"6":{"loc":{"start":{"line":20,"column":14},"end":{"line":20,"column":null}},"type":"binary-expr","locations":[{"start":{"line":20,"column":14},"end":{"line":20,"column":34}},{"start":{"line":20,"column":34},"end":{"line":20,"column":null}}],"line":20},"7":{"loc":{"start":{"line":21,"column":12},"end":{"line":21,"column":null}},"type":"binary-expr","locations":[{"start":{"line":21,"column":12},"end":{"line":21,"column":30}},{"start":{"line":21,"column":30},"end":{"line":21,"column":null}}],"line":21},"8":{"loc":{"start":{"line":28,"column":40},"end":{"line":28,"column":75}},"type":"default-arg","locations":[{"start":{"line":28,"column":73},"end":{"line":28,"column":75}}],"line":28},"9":{"loc":{"start":{"line":32,"column":12},"end":{"line":32,"column":null}},"type":"binary-expr","locations":[{"start":{"line":32,"column":12},"end":{"line":32,"column":30}},{"start":{"line":32,"column":30},"end":{"line":32,"column":null}}],"line":32},"10":{"loc":{"start":{"line":33,"column":19},"end":{"line":33,"column":null}},"type":"binary-expr","locations":[{"start":{"line":33,"column":19},"end":{"line":33,"column":44}},{"start":{"line":33,"column":44},"end":{"line":33,"column":null}}],"line":33},"11":{"loc":{"start":{"line":34,"column":13},"end":{"line":34,"column":null}},"type":"binary-expr","locations":[{"start":{"line":34,"column":13},"end":{"line":34,"column":32}},{"start":{"line":34,"column":32},"end":{"line":34,"column":null}}],"line":34},"12":{"loc":{"start":{"line":35,"column":19},"end":{"line":35,"column":null}},"type":"binary-expr","locations":[{"start":{"line":35,"column":19},"end":{"line":35,"column":44}},{"start":{"line":35,"column":44},"end":{"line":35,"column":null}}],"line":35},"13":{"loc":{"start":{"line":42,"column":41},"end":{"line":42,"column":76}},"type":"default-arg","locations":[{"start":{"line":42,"column":74},"end":{"line":42,"column":76}}],"line":42},"14":{"loc":{"start":{"line":46,"column":12},"end":{"line":46,"column":null}},"type":"binary-expr","locations":[{"start":{"line":46,"column":12},"end":{"line":46,"column":30}},{"start":{"line":46,"column":30},"end":{"line":46,"column":null}}],"line":46},"15":{"loc":{"start":{"line":47,"column":19},"end":{"line":47,"column":null}},"type":"binary-expr","locations":[{"start":{"line":47,"column":19},"end":{"line":47,"column":44}},{"start":{"line":47,"column":44},"end":{"line":47,"column":null}}],"line":47},"16":{"loc":{"start":{"line":54,"column":37},"end":{"line":54,"column":72}},"type":"default-arg","locations":[{"start":{"line":54,"column":70},"end":{"line":54,"column":72}}],"line":54},"17":{"loc":{"start":{"line":58,"column":12},"end":{"line":58,"column":null}},"type":"binary-expr","locations":[{"start":{"line":58,"column":12},"end":{"line":58,"column":30}},{"start":{"line":58,"column":30},"end":{"line":58,"column":null}}],"line":58},"18":{"loc":{"start":{"line":59,"column":19},"end":{"line":59,"column":null}},"type":"binary-expr","locations":[{"start":{"line":59,"column":19},"end":{"line":59,"column":44}},{"start":{"line":59,"column":44},"end":{"line":59,"column":null}}],"line":59},"19":{"loc":{"start":{"line":60,"column":14},"end":{"line":60,"column":null}},"type":"binary-expr","locations":[{"start":{"line":60,"column":14},"end":{"line":60,"column":34}},{"start":{"line":60,"column":34},"end":{"line":60,"column":null}}],"line":60},"20":{"loc":{"start":{"line":61,"column":25},"end":{"line":61,"column":82}},"type":"binary-expr","locations":[{"start":{"line":61,"column":25},"end":{"line":61,"column":56}},{"start":{"line":61,"column":56},"end":{"line":61,"column":82}}],"line":61},"21":{"loc":{"start":{"line":62,"column":11},"end":{"line":62,"column":null}},"type":"binary-expr","locations":[{"start":{"line":62,"column":11},"end":{"line":62,"column":28}},{"start":{"line":62,"column":28},"end":{"line":62,"column":null}}],"line":62},"22":{"loc":{"start":{"line":63,"column":13},"end":{"line":63,"column":null}},"type":"binary-expr","locations":[{"start":{"line":63,"column":13},"end":{"line":63,"column":32}},{"start":{"line":63,"column":32},"end":{"line":63,"column":null}}],"line":63},"23":{"loc":{"start":{"line":70,"column":42},"end":{"line":70,"column":77}},"type":"default-arg","locations":[{"start":{"line":70,"column":75},"end":{"line":70,"column":77}}],"line":70},"24":{"loc":{"start":{"line":74,"column":12},"end":{"line":74,"column":null}},"type":"binary-expr","locations":[{"start":{"line":74,"column":12},"end":{"line":74,"column":30}},{"start":{"line":74,"column":30},"end":{"line":74,"column":null}}],"line":74},"25":{"loc":{"start":{"line":75,"column":19},"end":{"line":75,"column":null}},"type":"binary-expr","locations":[{"start":{"line":75,"column":19},"end":{"line":75,"column":44}},{"start":{"line":75,"column":44},"end":{"line":75,"column":null}}],"line":75},"26":{"loc":{"start":{"line":82,"column":37},"end":{"line":82,"column":72}},"type":"default-arg","locations":[{"start":{"line":82,"column":70},"end":{"line":82,"column":72}}],"line":82},"27":{"loc":{"start":{"line":86,"column":12},"end":{"line":86,"column":null}},"type":"binary-expr","locations":[{"start":{"line":86,"column":12},"end":{"line":86,"column":30}},{"start":{"line":86,"column":30},"end":{"line":86,"column":null}}],"line":86},"28":{"loc":{"start":{"line":87,"column":19},"end":{"line":87,"column":null}},"type":"binary-expr","locations":[{"start":{"line":87,"column":19},"end":{"line":87,"column":44}},{"start":{"line":87,"column":44},"end":{"line":87,"column":null}}],"line":87},"29":{"loc":{"start":{"line":107,"column":2},"end":{"line":107,"column":41}},"type":"default-arg","locations":[{"start":{"line":107,"column":39},"end":{"line":107,"column":41}}],"line":107}},"s":{"0":23,"1":278,"2":76,"3":76,"4":11,"5":11,"6":11,"7":11,"8":69,"9":69,"10":82,"11":82,"12":29,"13":29,"14":28,"15":28,"16":28,"17":30,"18":30,"19":30,"20":30,"21":150,"22":150,"23":30,"24":28},"f":{"0":278,"1":76,"2":11,"3":11,"4":69,"5":82,"6":29,"7":28},"b":{"0":[76],"1":[76,57],"2":[76,76],"3":[76,75],"4":[76,76],"5":[76,76],"6":[76,76],"7":[76,76],"8":[11],"9":[11,9],"10":[11,11],"11":[11,11],"12":[11,11],"13":[11],"14":[11,6],"15":[11,11],"16":[69],"17":[69,44],"18":[69,69],"19":[69,65],"20":[69,69],"21":[69,69],"22":[69,69],"23":[82],"24":[82,78],"25":[82,82],"26":[29],"27":[29,27],"28":[29,29],"29":[28]},"meta":{"lastBranch":30,"lastFunction":8,"lastStatement":25,"seen":{"s:4:15:4:Infinity":0,"f:5:9:5:23":0,"s:6:2:6:Infinity":1,"f:11:22:11:37":1,"b:11:70:11:72":0,"s:12:13:12:18":2,"s:13:2:23:Infinity":3,"b:15:12:15:30:15:30:15:Infinity":1,"b:16:17:16:40:16:40:16:Infinity":2,"b:17:12:17:30:17:30:17:Infinity":3,"b:18:16:18:38:18:38:18:Infinity":4,"b:19:16:19:38:19:38:19:60":5,"b:20:14:20:34:20:34:20:Infinity":6,"b:21:12:21:30:21:30:21:Infinity":7,"f:28:22:28:40":2,"b:28:73:28:75":8,"s:29:13:29:18":4,"s:30:2:37:Infinity":5,"b:32:12:32:30:32:30:32:Infinity":9,"b:33:19:33:44:33:44:33:Infinity":10,"b:34:13:34:32:34:32:34:Infinity":11,"b:35:19:35:44:35:44:35:Infinity":12,"f:42:22:42:41":3,"b:42:74:42:76":13,"s:43:13:43:18":6,"s:44:2:49:Infinity":7,"b:46:12:46:30:46:30:46:Infinity":14,"b:47:19:47:44:47:44:47:Infinity":15,"f:54:22:54:37":4,"b:54:70:54:72":16,"s:55:13:55:18":8,"s:56:2:65:Infinity":9,"b:58:12:58:30:58:30:58:Infinity":17,"b:59:19:59:44:59:44:59:Infinity":18,"b:60:14:60:34:60:34:60:Infinity":19,"b:61:25:61:56:61:56:61:82":20,"b:62:11:62:28:62:28:62:Infinity":21,"b:63:13:63:32:63:32:63:Infinity":22,"f:70:22:70:42":5,"b:70:75:70:77":23,"s:71:13:71:18":10,"s:72:2:77:Infinity":11,"b:74:12:74:30:74:30:74:Infinity":24,"b:75:19:75:44:75:44:75:Infinity":25,"f:82:22:82:37":6,"b:82:70:82:72":26,"s:83:13:83:18":12,"s:84:2:89:Infinity":13,"b:86:12:86:30:86:30:86:Infinity":27,"b:87:19:87:44:87:44:87:Infinity":28,"f:105:22:105:Infinity":7,"b:107:39:107:41":29,"s:109:15:109:50":14,"s:110:52:110:54":15,"s:112:2:133:Infinity":16,"s:113:21:119:6":17,"s:121:58:121:60":18,"s:122:4:130:Infinity":19,"s:122:20:122:23":20,"s:123:21:129:8":21,"s:130:6:130:Infinity":22,"s:133:4:133:Infinity":23,"s:136:2:136:Infinity":24}}}
,"C:\\DataPerso\\Zythonomie\\Zythonomie\\backend\\tests\\helpers\\with-transaction.ts": {"path":"C:\\DataPerso\\Zythonomie\\Zythonomie\\backend\\tests\\helpers\\with-transaction.ts","statementMap":{"0":{"start":{"line":5,"column":4},"end":{"line":5,"column":null}},"1":{"start":{"line":6,"column":4},"end":{"line":6,"column":null}},"2":{"start":{"line":16,"column":2},"end":{"line":31,"column":null}},"3":{"start":{"line":17,"column":4},"end":{"line":28,"column":null}},"4":{"start":{"line":19,"column":8},"end":{"line":19,"column":null}},"5":{"start":{"line":20,"column":8},"end":{"line":23,"column":null}},"6":{"start":{"line":21,"column":10},"end":{"line":21,"column":null}},"7":{"start":{"line":23,"column":10},"end":{"line":23,"column":null}},"8":{"start":{"line":25,"column":8},"end":{"line":25,"column":null}},"9":{"start":{"line":30,"column":4},"end":{"line":30,"column":null}},"10":{"start":{"line":30,"column":40},"end":{"line":30,"column":null}},"11":{"start":{"line":31,"column":4},"end":{"line":31,"column":null}}},"fnMap":{"0":{"name":"(anonymous_0)","decl":{"start":{"line":4,"column":2},"end":{"line":4,"column":16}},"loc":{"start":{"line":4,"column":16},"end":{"line":6,"column":null}},"line":4},"1":{"name":"withTestTransaction","decl":{"start":{"line":15,"column":22},"end":{"line":15,"column":42}},"loc":{"start":{"line":15,"column":82},"end":{"line":31,"column":null}},"line":15},"2":{"name":"(anonymous_2)","decl":{"start":{"line":18,"column":6},"end":{"line":18,"column":13}},"loc":{"start":{"line":18,"column":20},"end":{"line":27,"column":8}},"line":18}},"branchMap":{"0":{"loc":{"start":{"line":30,"column":4},"end":{"line":30,"column":null}},"type":"if","locations":[{"start":{"line":30,"column":4},"end":{"line":30,"column":null}},{"start":{},"end":{}}],"line":30}},"s":{"0":254,"1":254,"2":254,"3":254,"4":254,"5":254,"6":254,"7":254,"8":254,"9":254,"10":254,"11":0},"f":{"0":254,"1":254,"2":254},"b":{"0":[254,0]},"meta":{"lastBranch":1,"lastFunction":3,"lastStatement":12,"seen":{"f:4:2:4:16":0,"s:5:4:5:Infinity":0,"s:6:4:6:Infinity":1,"f:15:22:15:42":1,"s:16:2:31:Infinity":2,"s:17:4:28:Infinity":3,"f:18:6:18:13":2,"s:19:8:19:Infinity":4,"s:20:8:23:Infinity":5,"s:21:10:21:Infinity":6,"s:23:10:23:Infinity":7,"s:25:8:25:Infinity":8,"b:30:4:30:Infinity:undefined:undefined:undefined:undefined":0,"s:30:4:30:Infinity":9,"s:30:40:30:Infinity":10,"s:31:4:31:Infinity":11}}}
}
